0	-1
1	12
2	-1
3	10
4	20
5	16
6	-1
7	14
8	15
9	-1
10	12
11	-1
12	15
13	2
14	-1
15	-1
16	-1
17	-1
18	13
19	-1
20	16
21	13
22	-1
23	15
24	19
25	-1
26	-1
27	11
28	-1
29	16
30	-1
31	18
32	-1
33	-1
34	-1
35	-1
36	-1
37	10
38	11
39	12
40	14
41	14
42	-1
43	-1
44	14
45	-1
46	15
47	19
48	14
49	13
50	12
51	15
52	12
53	11
54	-1
55	-1
56	-1
57	13
58	12
59	-1
60	16
61	-1
62	-1
63	12
64	12
65	-1
66	-1
67	18
68	13
69	-1
70	15
71	-1
72	15
73	-1
74	12
75	16
76	17
77	14
78	16
79	15
80	-1
81	-1
82	11
83	-1
84	13
85	-1
86	15
87	-1
88	11
89	12
90	15
91	13
92	-1
93	10
94	-1
95	23
96	-1
97	6
98	14
99	-1
100	13
101	15
102	10
103	19
104	-1
105	-1
106	-1
107	11
108	14
109	-1
110	17
111	-1
112	17
113	20
114	10
115	15
116	16
117	-1
118	17
119	10
120	13
121	14
122	11
123	-1
124	-1
125	13
126	-1
127	12
128	-1
129	13
130	6
131	12
132	14
133	-1
134	-1
135	-1
136	19
137	16
138	-1
139	11
140	12
141	-1
142	5
143	9
144	14
145	-1
146	-1
147	-1
148	11
149	16
150	-1
151	-1
152	13
153	11
154	13
155	13
156	15
157	-1
158	12
159	15
160	15
161	12
162	15
163	18
164	18
165	12
166	8
167	12
168	8
169	-1
170	-1
171	18
172	7
173	-1
174	-1
175	-1
176	-1
177	-1
178	24
179	12
180	-1
181	15
182	12
183	17
184	15
185	-1
186	-1
187	-1
188	12
189	-1
190	20
191	15
192	11
193	9
194	15
195	-1
196	18
197	11
198	15
199	15
200	12
201	13
202	15
203	-1
204	-1
205	-1
206	14
207	13
208	14
209	13
210	-1
211	14
212	17
213	-1
214	13
215	13
216	-1
217	-1
218	16
219	-1
220	16
221	14
222	-1
223	14
224	15
225	-1
226	9
227	9
228	12
229	14
230	-1
231	-1
232	16
233	10
234	11
235	12
236	-1
237	14
238	-1
239	6
240	-1
241	6
242	11
243	-1
244	7
245	12
246	5
247	18
248	-1
249	11
250	-1
251	15
252	10
253	-1
254	13
255	11
256	16
257	19
258	19
259	10
260	16
261	-1
262	10
263	-1
264	-1
265	13
266	13
267	-1
268	-1
269	-1
270	17
271	-1
272	-1
273	-1
274	16
275	16
276	-1
277	-1
278	10
279	-1
280	13
281	18
282	20
283	13
284	-1
285	14
286	-1
287	-1
288	5
289	-1
290	-1
291	9
292	-1
293	18
294	10
295	12
296	-1
297	14
298	13
299	12
300	-1
301	15
302	13
303	14
304	-1
305	12
306	14
307	-1
308	-1
309	-1
310	15
311	11
312	5
313	-1
314	12
315	17
316	10
317	12
318	8
319	-1
320	-1
321	11
322	-1
323	14
324	4
325	16
326	11
327	19
328	14
329	-1
330	-1
331	18
332	13
333	-1
334	20
335	18
336	15
337	6
338	18
339	11
340	19
341	12
342	-1
343	18
344	14
345	-1
346	20
347	15
348	12
349	14
350	18
351	12
352	15
353	19
354	-1
355	13
356	15
357	19
358	-1
359	17
360	-1
361	-1
362	-1
363	-1
364	-1
365	17
366	-1
367	-1
368	-1
369	-1
370	5
371	-1
372	-1
373	17
374	17
375	-1
376	15
377	12
378	12
379	-1
380	19
381	12
382	14
383	16
384	19
385	16
386	-1
387	12
388	12
389	14
390	20
391	16
392	-1
393	-1
394	-1
395	-1
396	9
397	5
398	-1
399	11
400	10
401	9
402	-1
403	-1
404	8
405	15
406	-1
407	13
408	-1
409	17
410	-1
411	-1
412	23
413	13
414	-1
415	-1
416	12
417	18
418	16
419	14
420	-1
421	14
422	9
423	-1
424	-1
425	-1
426	16
427	-1
428	-1
429	-1
430	19
431	18
432	10
433	-1
434	-1
435	13
436	16
437	17
438	-1
439	14
440	10
441	-1
442	9
443	15
444	16
445	13
446	15
447	14
448	-1
449	13
450	17
451	16
452	-1
453	-1
454	-1
455	-1
456	17
457	13
458	20
459	16
460	16
461	-1
462	-1
463	11
464	12
465	16
466	13
467	13
468	13
469	17
470	-1
471	16
472	12
473	14
474	9
475	16
476	15
477	15
478	4
479	13
480	-1
481	-1
482	-1
483	-1
484	13
485	12
486	12
487	18
488	-1
489	18
490	15
491	18
492	-1
493	16
494	14
495	-1
496	11
497	16
498	-1
499	-1
500	12
501	7
502	13
503	11
504	-1
505	-1
506	-1
507	16
508	20
509	14
510	15
511	-1
512	-1
513	14
514	-1
515	11
516	20
517	-1
518	9
519	18
520	12
521	12
522	11
523	14
524	-1
525	9
526	18
527	15
528	14
529	-1
530	-1
531	14
532	11
533	-1
534	14
535	12
536	-1
537	14
538	14
539	-1
540	13
541	14
542	14
543	14
544	-1
545	18
546	15
547	-1
548	13
549	-1
550	-1
551	15
552	12
553	-1
554	21
555	15
556	-1
557	-1
558	15
559	15
560	-1
561	17
562	10
563	-1
564	16
565	13
566	4
567	-1
568	14
569	15
570	-1
571	14
572	18
573	-1
574	16
575	15
576	13
577	8
578	-1
579	12
580	8
581	-1
582	-1
583	12
584	-1
585	14
586	20
587	-1
588	-1
589	-1
590	13
591	12
592	10
593	-1
594	-1
595	14
596	-1
597	-1
598	-1
599	-1
600	19
601	13
602	12
603	18
604	15
605	-1
606	14
607	17
608	14
609	7
610	12
611	9
612	14
613	16
614	16
615	10
616	17
617	-1
618	15
619	13
620	-1
621	11
622	23
623	6
624	-1
625	18
626	5
627	7
628	13
629	-1
630	15
631	-1
632	15
633	14
634	11
635	-1
636	17
637	-1
638	-1
639	-1
640	-1
641	15
642	18
643	14
644	-1
645	-1
646	19
647	16
648	13
649	12
650	-1
651	11
652	10
653	-1
654	13
655	17
656	-1
657	14
658	14
659	-1
660	-1
661	-1
662	10
663	-1
664	17
665	-1
666	16
667	19
668	17
669	18
670	10
671	-1
672	-1
673	-1
674	-1
675	17
676	16
677	-1
678	12
679	-1
680	10
681	10
682	18
683	-1
684	-1
685	-1
686	-1
687	-1
688	-1
689	-1
690	9
691	15
692	16
693	-1
694	13
695	15
696	12
697	14
698	-1
699	-1
700	19
701	16
702	-1
703	20
704	-1
705	7
706	16
707	15
708	2
709	17
710	-1
711	17
712	13
713	17
714	-1
715	-1
716	-1
717	-1
718	14
719	-1
720	12
721	12
722	14
723	18
724	-1
725	-1
726	7
727	-1
728	14
729	13
730	-1
731	13
732	-1
733	-1
734	-1
735	7
736	13
737	14
738	-1
739	-1
740	-1
741	15
742	-1
743	16
744	-1
745	13
746	13
747	12
748	-1
749	13
750	22
751	15
752	9
753	10
754	17
755	12
756	-1
757	-1
758	13
759	12
760	-1
761	19
762	-1
763	-1
764	7
765	-1
766	15
767	14
768	-1
769	19
770	14
771	-1
772	14
773	-1
774	-1
775	23
776	13
777	-1
778	-1
779	15
780	18
781	13
782	12
783	-1
784	7
785	18
786	-1
787	15
788	17
789	-1
790	20
791	-1
792	-1
793	14
794	-1
795	11
796	-1
797	12
798	13
799	17
800	12
801	16
802	17
803	20
804	27
805	16
806	21
807	14
808	11
809	-1
810	15
811	15
812	12
813	13
814	11
815	15
816	15
817	16
818	15
819	12
820	13
821	-1
822	-1
823	9
824	17
825	-1
826	10
827	14
828	-1
829	16
830	12
831	11
832	15
833	19
834	-1
835	8
836	17
837	11
838	-1
839	-1
840	-1
841	17
842	3
843	17
844	19
845	11
846	18
847	12
848	-1
849	13
850	-1
851	-1
852	13
853	-1
854	12
855	14
856	14
857	8
858	17
859	-1
860	-1
861	12
862	-1
863	-1
864	15
865	-1
866	8
867	14
868	-1
869	-1
870	-1
871	21
872	-1
873	-1
874	-1
875	18
876	20
877	-1
878	14
879	13
880	5
881	-1
882	-1
883	17
884	15
885	-1
886	16
887	13
888	-1
889	12
890	9
891	9
892	14
893	15
894	25
895	17
896	5
897	11
898	14
899	-1
900	-1
901	-1
902	-1
903	-1
904	-1
905	17
906	-1
907	15
908	14
909	13
910	-1
911	14
912	-1
913	12
914	26
915	11
916	-1
917	13
918	14
919	15
920	18
921	13
922	-1
923	15
924	16
925	18
926	15
927	15
928	14
929	-1
930	16
931	13
932	-1
933	-1
934	-1
935	14
936	-1
937	14
938	23
939	-1
940	13
941	14
942	13
943	-1
944	-1
945	12
946	12
947	-1
948	-1
949	12
950	13
951	15
952	15
953	-1
954	18
955	16
956	10
957	19
958	-1
959	12
960	12
961	20
962	12
963	11
964	9
965	-1
966	12
967	16
968	18
969	12
970	10
971	-1
972	12
973	-1
974	4
975	16
976	-1
977	14
978	-1
979	-1
980	18
981	9
982	-1
983	-1
984	16
985	-1
986	13
987	17
988	-1
989	13
990	-1
991	-1
992	12
993	12
994	-1
995	17
996	16
997	14
998	-1
999	-1
1000	14
1001	8
1002	16
1003	-1
1004	-1
1005	12
1006	-1
1007	12
1008	16
1009	17
1010	12
1011	18
1012	13
1013	14
1014	13
1015	12
1016	14
1017	-1
1018	15
1019	19
1020	17
1021	16
1022	14
1023	-1
1024	-1
1025	17
1026	14
1027	17
1028	16
1029	-1
1030	-1
1031	13
1032	-1
1033	-1
1034	16
1035	-1
1036	17
1037	12
1038	-1
1039	15
1040	14
1041	15
1042	6
1043	17
1044	14
1045	17
1046	-1
1047	7
1048	10
1049	-1
1050	13
1051	10
1052	15
1053	-1
1054	15
1055	14
1056	10
1057	9
1058	-1
1059	-1
1060	11
1061	-1
1062	15
1063	-1
1064	13
1065	10
1066	14
1067	11
1068	14
1069	11
1070	15
1071	14
1072	20
1073	13
1074	15
1075	-1
1076	17
1077	12
1078	19
1079	15
1080	6
1081	12
1082	16
1083	11
1084	11
1085	-1
1086	15
1087	11
1088	16
1089	-1
1090	15
1091	-1
1092	-1
1093	-1
1094	15
1095	9
1096	15
1097	20
1098	-1
1099	-1
1100	15
1101	15
1102	18
1103	9
1104	12
1105	-1
1106	15
1107	12
1108	-1
1109	-1
1110	-1
1111	9
1112	12
1113	14
1114	13
1115	17
1116	14
1117	13
1118	-1
1119	12
1120	-1
1121	9
1122	15
1123	13
1124	11
1125	19
1126	17
1127	15
1128	13
1129	-1
1130	-1
1131	15
1132	-1
1133	-1
1134	16
1135	15
1136	12
1137	-1
1138	16
1139	18
1140	14
1141	18
1142	12
1143	-1
1144	14
1145	-1
1146	6
1147	11
1148	13
1149	11
1150	12
1151	14
1152	19
1153	-1
1154	15
1155	-1
1156	13
1157	14
1158	20
1159	8
1160	-1
1161	-1
1162	11
1163	10
1164	14
1165	15
1166	-1
1167	17
1168	13
1169	16
1170	-1
1171	8
1172	-1
1173	-1
1174	14
1175	6
1176	-1
1177	-1
1178	14
1179	-1
1180	21
1181	-1
1182	16
1183	-1
1184	-1
1185	7
1186	-1
1187	-1
1188	14
1189	-1
1190	17
1191	12
1192	12
1193	-1
1194	14
1195	14
1196	-1
1197	11
1198	26
1199	16
1200	-1
1201	9
1202	6
1203	-1
1204	18
1205	15
1206	-1
1207	12
1208	11
1209	13
1210	-1
1211	19
1212	-1
1213	7
1214	17
1215	14
1216	17
1217	12
1218	-1
1219	-1
1220	15
1221	15
1222	-1
1223	-1
1224	12
1225	15
1226	-1
1227	-1
1228	14
1229	11
1230	17
1231	12
1232	13
1233	8
1234	10
1235	-1
1236	18
1237	7
1238	-1
1239	12
1240	13
1241	-1
1242	-1
1243	18
1244	19
1245	-1
1246	11
1247	16
1248	12
1249	-1
1250	12
1251	-1
1252	-1
1253	13
1254	13
1255	-1
1256	15
1257	20
1258	18
1259	14
1260	-1
1261	14
1262	4
1263	12
1264	-1
1265	13
1266	12
1267	15
1268	15
1269	-1
1270	-1
1271	14
1272	-1
1273	9
1274	15
1275	-1
1276	-1
1277	6
1278	17
1279	28
1280	14
1281	-1
1282	-1
1283	15
1284	6
1285	20
1286	10
1287	8
1288	-1
1289	9
1290	16
1291	14
1292	-1
1293	-1
1294	9
1295	21
1296	-1
1297	12
1298	-1
1299	-1
1300	-1
1301	-1
1302	-1
1303	-1
1304	-1
1305	11
1306	14
1307	15
1308	-1
1309	-1
1310	11
1311	16
1312	-1
1313	11
1314	-1
1315	8
1316	12
1317	-1
1318	13
1319	17
1320	13
1321	17
1322	15
1323	12
1324	6
1325	19
1326	-1
1327	14
1328	13
1329	14
1330	-1
1331	-1
1332	15
1333	-1
1334	12
1335	14
1336	16
1337	15
1338	9
1339	-1
1340	16
1341	12
1342	12
1343	-1
1344	-1
1345	13
1346	-1
1347	-1
1348	-1
1349	15
1350	11
1351	15
1352	13
1353	14
1354	11
1355	-1
1356	9
1357	13
1358	7
1359	8
1360	18
1361	14
1362	12
1363	-1
1364	14
1365	14
1366	-1
1367	18
1368	9
1369	14
1370	10
1371	18
1372	13
1373	14
1374	17
1375	17
1376	13
1377	-1
1378	11
1379	-1
1380	20
1381	16
1382	15
1383	-1
1384	12
1385	14
1386	11
1387	-1
1388	17
1389	14
1390	12
1391	16
1392	-1
1393	-1
1394	8
1395	10
1396	-1
1397	-1
1398	-1
1399	16
1400	14
1401	12
1402	9
1403	21
1404	-1
1405	9
1406	11
1407	11
1408	13
1409	10
1410	10
1411	11
1412	-1
1413	10
1414	19
1415	13
1416	-1
1417	-1
1418	16
1419	11
1420	21
1421	5
1422	18
1423	15
1424	16
1425	12
1426	12
1427	16
1428	9
1429	-1
1430	-1
1431	13
1432	5
1433	14
1434	-1
1435	9
1436	-1
1437	12
1438	13
1439	-1
1440	14
1441	13
1442	-1
1443	16
1444	9
1445	-1
1446	14
1447	13
1448	-1
1449	13
1450	10
1451	10
1452	17
1453	14
1454	-1
1455	13
1456	-1
1457	15
1458	12
1459	-1
1460	12
1461	11
1462	16
1463	13
1464	-1
1465	-1
1466	20
1467	13
1468	14
1469	-1
1470	9
1471	-1
1472	12
1473	-1
1474	12
1475	11
1476	-1
1477	-1
1478	-1
1479	-1
1480	11
1481	-1
1482	10
1483	-1
1484	-1
1485	18
1486	13
1487	5
1488	-1
1489	9
1490	-1
1491	-1
1492	13
1493	-1
1494	-1
1495	15
1496	15
1497	15
1498	20
1499	16
1500	-1
1501	13
1502	13
1503	14
1504	14
1505	-1
1506	-1
1507	17
1508	15
1509	15
1510	-1
1511	15
1512	8
1513	-1
1514	18
1515	19
1516	-1
1517	-1
1518	-1
1519	-1
1520	13
1521	17
1522	28
1523	18
1524	18
1525	-1
1526	14
1527	16
1528	-1
1529	18
1530	-1
1531	12
1532	19
1533	14
1534	18
1535	13
1536	12
1537	-1
1538	3
1539	9
1540	-1
1541	13
1542	-1
1543	21
1544	14
1545	7
1546	-1
1547	18
1548	10
1549	17
1550	-1
1551	15
1552	14
1553	14
1554	10
1555	20
1556	21
1557	-1
1558	19
1559	-1
1560	-1
1561	14
1562	13
1563	11
1564	-1
1565	-1
1566	23
1567	13
1568	-1
1569	9
1570	14
1571	12
1572	10
1573	12
1574	-1
1575	-1
1576	-1
1577	12
1578	-1
1579	16
1580	8
1581	-1
1582	11
1583	-1
1584	-1
1585	14
1586	15
1587	10
1588	16
1589	-1
1590	13
1591	-1
1592	16
1593	-1
1594	-1
1595	-1
1596	16
1597	12
1598	15
1599	-1
1600	-1
1601	-1
1602	-1
1603	18
1604	16
1605	17
1606	18
1607	13
1608	10
1609	9
1610	11
1611	13
1612	10
1613	12
1614	10
1615	-1
1616	-1
1617	9
1618	16
1619	12
1620	15
1621	-1
1622	14
1623	16
1624	13
1625	19
1626	-1
1627	12
1628	11
1629	7
1630	21
1631	14
1632	17
1633	11
1634	11
1635	19
1636	17
1637	7
1638	-1
1639	-1
1640	13
1641	-1
1642	16
1643	11
1644	10
1645	13
1646	-1
1647	-1
1648	-1
1649	-1
1650	11
1651	17
1652	9
1653	-1
1654	-1
1655	-1
1656	16
1657	-1
1658	-1
1659	14
1660	16
1661	14
1662	-1
1663	-1
1664	16
1665	12
1666	15
1667	16
1668	-1
1669	12
1670	-1
1671	-1
1672	19
1673	13
1674	-1
1675	-1
1676	12
1677	9
1678	16
1679	5
1680	10
1681	8
1682	13
1683	-1
1684	-1
1685	12
1686	18
1687	11
1688	3
1689	-1
1690	15
1691	11
1692	19
1693	12
1694	-1
1695	-1
1696	16
1697	19
1698	17
1699	20
1700	-1
1701	14
1702	13
1703	-1
1704	-1
1705	-1
1706	13
1707	12
1708	-1
1709	14
1710	7
1711	-1
1712	12
1713	-1
1714	14
1715	-1
1716	16
1717	6
1718	15
1719	15
1720	-1
1721	15
1722	9
1723	-1
1724	13
1725	-1
1726	-1
1727	17
1728	12
1729	-1
1730	-1
1731	11
1732	6
1733	14
1734	16
1735	14
1736	20
1737	-1
1738	18
1739	15
1740	17
1741	15
1742	-1
1743	13
1744	18
1745	-1
1746	22
1747	17
1748	21
1749	13
1750	-1
1751	18
1752	8
1753	15
1754	17
1755	13
1756	-1
1757	12
1758	14
1759	-1
1760	-1
1761	12
1762	-1
1763	-1
1764	17
1765	15
1766	16
1767	5
1768	10
1769	-1
1770	20
1771	15
1772	-1
1773	19
1774	21
1775	14
1776	15
1777	11
1778	-1
1779	-1
1780	18
1781	17
1782	12
1783	13
1784	12
1785	-1
1786	13
1787	-1
1788	15
1789	12
1790	11
1791	-1
1792	10
1793	21
1794	16
1795	14
1796	15
1797	17
1798	9
1799	13
1800	11
1801	18
1802	19
1803	17
1804	-1
1805	15
1806	16
1807	10
1808	-1
1809	-1
1810	-1
1811	14
1812	-1
1813	-1
1814	14
1815	11
1816	-1
1817	13
1818	-1
1819	17
1820	13
1821	10
1822	11
1823	-1
1824	-1
1825	17
1826	13
1827	15
1828	-1
1829	-1
1830	13
1831	-1
1832	17
1833	-1
1834	12
1835	-1
1836	-1
1837	15
1838	10
1839	15
1840	9
1841	17
1842	11
1843	14
1844	15
1845	-1
1846	11
1847	-1
1848	20
1849	22
1850	17
1851	10
1852	-1
1853	-1
1854	18
1855	13
1856	10
1857	9
1858	13
1859	-1
1860	13
1861	-1
1862	13
1863	-1
1864	-1
1865	13
1866	14
1867	15
1868	10
1869	-1
1870	11
1871	15
1872	8
1873	16
1874	5
1875	-1
1876	-1
1877	7
1878	16
1879	-1
1880	16
1881	13
1882	-1
1883	-1
1884	16
1885	10
1886	-1
1887	-1
1888	15
1889	5
1890	14
1891	14
1892	-1
1893	10
1894	9
1895	12
1896	12
1897	8
1898	14
1899	14
1900	19
1901	-1
1902	11
1903	14
1904	16
1905	11
1906	17
1907	-1
1908	13
1909	-1
1910	9
1911	-1
1912	17
1913	-1
1914	-1
1915	16
1916	4
1917	12
1918	25
1919	19
1920	13
1921	12
1922	9
1923	-1
1924	18
1925	-1
1926	13
1927	6
1928	13
1929	18
1930	26
1931	14
1932	-1
1933	-1
1934	17
1935	14
1936	15
1937	-1
1938	15
1939	-1
1940	10
1941	12
1942	16
1943	-1
1944	-1
1945	-1
1946	14
1947	13
1948	17
1949	17
1950	-1
1951	-1
1952	12
1953	17
1954	17
1955	-1
1956	11
1957	-1
1958	-1
1959	19
1960	12
1961	12
1962	-1
1963	17
1964	-1
1965	-1
1966	14
1967	-1
1968	18
1969	12
1970	9
1971	14
1972	9
1973	-1
1974	12
1975	14
1976	-1
1977	-1
1978	7
1979	16
1980	8
1981	13
1982	15
1983	16
1984	13
1985	-1
1986	19
1987	-1
1988	-1
1989	-1
1990	13
1991	8
1992	17
1993	-1
1994	6
1995	15
1996	16
1997	-1
1998	15
1999	-1
2000	-1
2001	-1
2002	-1
2003	-1
2004	4
2005	-1
2006	-1
2007	-1
2008	-1
2009	12
2010	-1
2011	-1
2012	15
2013	10
2014	16
2015	-1
2016	-1
2017	-1
2018	-1
2019	-1
2020	16
2021	-1
2022	-1
2023	17
2024	-1
2025	6
2026	11
2027	11
2028	10
2029	-1
2030	-1
2031	12
2032	14
2033	-1
2034	-1
2035	12
2036	10
2037	11
2038	14
2039	17
2040	-1
2041	-1
2042	16
2043	-1
2044	-1
2045	15
2046	12
2047	-1
2048	11
2049	16
2050	-1
2051	-1
2052	8
2053	13
2054	13
2055	-1
2056	14
2057	-1
2058	18
2059	13
2060	19
2061	-1
2062	16
2063	14
2064	14
2065	16
2066	13
2067	-1
2068	14
2069	-1
2070	-1
2071	-1
2072	17
2073	18
2074	-1
2075	17
2076	13
2077	18
2078	14
2079	14
2080	18
2081	11
2082	-1
2083	-1
2084	7
2085	24
2086	-1
2087	15
2088	-1
2089	-1
2090	13
2091	15
2092	-1
2093	-1
2094	16
2095	11
2096	19
2097	-1
2098	19
2099	-1
2100	18
2101	17
2102	-1
2103	18
2104	12
2105	17
2106	-1
2107	10
2108	14
2109	9
2110	-1
2111	14
2112	-1
2113	13
2114	-1
2115	12
2116	13
2117	-1
2118	16
2119	6
2120	15
2121	-1
2122	13
2123	-1
2124	15
2125	13
2126	-1
2127	-1
2128	-1
2129	10
2130	9
2131	-1
2132	13
2133	-1
2134	14
2135	15
2136	13
2137	-1
2138	-1
2139	16
2140	17
2141	12
2142	-1
2143	16
2144	5
2145	13
2146	13
2147	-1
2148	15
2149	12
2150	11
2151	17
2152	14
2153	14
2154	15
2155	14
2156	13
2157	10
2158	-1
2159	12
2160	14
2161	19
2162	-1
2163	17
2164	-1
2165	-1
2166	-1
2167	12
2168	12
2169	14
2170	15
2171	13
2172	-1
2173	17
2174	19
2175	-1
2176	7
2177	16
2178	14
2179	-1
2180	10
2181	-1
2182	14
2183	-1
2184	15
2185	17
2186	-1
2187	-1
2188	-1
2189	14
2190	13
2191	13
2192	-1
2193	12
2194	12
2195	11
2196	16
2197	15
2198	11
2199	15
2200	12
2201	13
2202	15
2203	12
2204	14
2205	11
2206	15
2207	-1
2208	-1
2209	14
2210	-1
2211	-1
2212	17
2213	9
2214	14
2215	-1
2216	13
2217	-1
2218	-1
2219	14
2220	23
2221	-1
2222	18
2223	16
2224	19
2225	12
2226	-1
2227	15
2228	16
2229	-1
2230	14
2231	10
2232	14
2233	16
2234	14
2235	-1
2236	21
2237	4
2238	-1
2239	17
2240	17
2241	6
2242	-1
2243	13
2244	17
2245	-1
2246	14
2247	-1
2248	-1
2249	-1
2250	13
2251	11
2252	12
2253	12
2254	13
2255	-1
2256	-1
2257	16
2258	11
2259	11
2260	-1
2261	-1
2262	-1
2263	11
2264	11
2265	15
2266	13
2267	-1
2268	-1
2269	13
2270	11
2271	18
2272	12
2273	11
2274	15
2275	16
2276	-1
2277	11
2278	15
2279	11
2280	13
2281	13
2282	13
2283	-1
2284	15
2285	3
2286	13
2287	16
2288	16
2289	15
2290	11
2291	10
2292	17
2293	19
2294	15
2295	16
2296	16
2297	10
2298	9
2299	15
2300	16
2301	-1
2302	-1
2303	-1
2304	13
2305	-1
2306	-1
2307	-1
2308	-1
2309	-1
2310	14
2311	15
2312	10
2313	9
2314	9
2315	7
2316	16
2317	-1
2318	14
2319	-1
2320	14
2321	-1
2322	-1
2323	-1
2324	14
2325	12
2326	17
2327	9
2328	14
2329	13
2330	-1
2331	14
2332	-1
2333	-1
2334	-1
2335	13
2336	9
2337	9
2338	-1
2339	-1
2340	10
2341	7
2342	-1
2343	15
2344	11
2345	18
2346	16
2347	12
2348	14
2349	13
2350	17
2351	9
2352	15
2353	13
2354	-1
2355	12
2356	16
2357	14
2358	15
2359	17
2360	11
2361	-1
2362	4
2363	10
2364	15
2365	-1
2366	-1
2367	-1
2368	15
2369	14
2370	14
2371	17
2372	17
2373	16
2374	-1
2375	13
2376	-1
2377	13
2378	-1
2379	14
2380	15
2381	9
2382	14
2383	-1
2384	14
2385	14
2386	11
2387	18
2388	14
2389	-1
2390	6
2391	-1
2392	12
2393	10
2394	4
2395	13
2396	16
2397	16
2398	10
2399	14
2400	13
2401	12
2402	15
2403	10
2404	2
2405	-1
2406	12
2407	20
2408	11
2409	-1
2410	14
2411	14
2412	-1
2413	8
2414	16
2415	17
2416	15
2417	8
2418	13
2419	17
2420	-1
2421	16
2422	-1
2423	11
2424	19
2425	17
2426	18
2427	13
2428	-1
2429	-1
2430	21
2431	15
2432	16
2433	-1
2434	-1
2435	-1
2436	8
2437	-1
2438	-1
2439	16
2440	18
2441	9
2442	17
2443	-1
2444	13
2445	16
2446	-1
2447	-1
2448	15
2449	29
2450	14
2451	-1
2452	-1
2453	14
2454	10
2455	16
2456	7
2457	-1
2458	21
2459	-1
2460	13
2461	15
2462	13
2463	10
2464	-1
2465	-1
2466	13
2467	-1
2468	14
2469	14
2470	14
2471	17
2472	12
2473	-1
2474	16
2475	11
2476	6
2477	-1
2478	17
2479	-1
2480	14
2481	-1
2482	8
2483	12
2484	16
2485	14
2486	17
2487	-1
2488	10
2489	12
2490	12
2491	-1
2492	11
2493	-1
2494	19
2495	-1
2496	-1
2497	-1
2498	11
2499	14
2500	12
2501	17
2502	15
2503	-1
2504	13
2505	-1
2506	14
2507	-1
2508	17
2509	-1
2510	-1
2511	11
2512	-1
2513	-1
2514	13
2515	18
2516	16
2517	-1
2518	-1
2519	12
2520	13
2521	-1
2522	-1
2523	12
2524	11
2525	12
2526	-1
2527	16
2528	16
2529	11
2530	-1
2531	-1
2532	16
2533	10
2534	-1
2535	14
2536	17
2537	-1
2538	18
2539	-1
2540	-1
2541	15
2542	12
2543	5
2544	16
2545	14
2546	12
2547	17
2548	12
2549	16
2550	-1
2551	3
2552	13
2553	13
2554	-1
2555	15
2556	-1
2557	10
2558	-1
2559	12
2560	-1
2561	13
2562	13
2563	14
2564	15
2565	-1
2566	18
2567	19
2568	9
2569	-1
2570	-1
2571	-1
2572	16
2573	11
2574	12
2575	-1
2576	-1
2577	-1
2578	16
2579	15
2580	13
2581	-1
2582	-1
2583	-1
2584	-1
2585	11
2586	14
2587	10
2588	-1
2589	14
2590	17
2591	11
2592	-1
2593	-1
2594	11
2595	14
2596	-1
2597	17
2598	-1
2599	19
2600	-1
2601	10
2602	16
2603	-1
2604	-1
2605	1
2606	16
2607	-1
2608	7
2609	13
2610	8
2611	-1
2612	11
2613	17
2614	20
2615	-1
2616	18
2617	15
2618	-1
2619	-1
2620	17
2621	16
2622	14
2623	15
2624	-1
2625	-1
2626	14
2627	12
2628	17
2629	15
2630	15
2631	13
2632	16
2633	16
2634	14
2635	-1
2636	17
2637	12
2638	13
2639	14
2640	17
2641	-1
2642	14
2643	19
2644	14
2645	15
2646	20
2647	14
2648	16
2649	16
2650	7
2651	-1
2652	14
2653	-1
2654	-1
2655	-1
2656	11
2657	-1
2658	12
2659	12
2660	1
2661	-1
2662	16
2663	13
2664	11
2665	13
2666	-1
2667	17
2668	12
2669	12
2670	-1
2671	-1
2672	13
2673	19
2674	-1
2675	15
2676	9
2677	-1
2678	14
2679	11
2680	-1
2681	11
2682	16
2683	18
2684	15
2685	-1
2686	-1
2687	-1
2688	9
2689	18
2690	-1
2691	12
2692	13
2693	11
2694	-1
2695	-1
2696	-1
2697	14
2698	-1
2699	19
2700	13
2701	-1
2702	-1
2703	-1
2704	-1
2705	-1
2706	15
2707	-1
2708	11
2709	15
2710	13
2711	-1
2712	-1
2713	-1
2714	13
2715	-1
2716	9
2717	18
2718	-1
2719	-1
2720	12
2721	-1
2722	19
2723	-1
2724	14
2725	-1
2726	-1
2727	14
2728	-1
2729	13
2730	19
2731	11
2732	16
2733	10
2734	-1
2735	-1
2736	12
2737	14
2738	15
2739	-1
2740	14
2741	17
2742	13
2743	-1
2744	-1
2745	-1
2746	-1
2747	10
2748	-1
2749	-1
2750	13
2751	-1
2752	16
2753	-1
2754	-1
2755	8
2756	-1
2757	-1
2758	-1
2759	12
2760	8
2761	-1
2762	15
2763	14
2764	-1
2765	-1
2766	14
2767	-1
2768	11
2769	-1
2770	-1
2771	17
2772	15
2773	-1
2774	-1
2775	13
2776	-1
2777	15
2778	13
2779	14
2780	-1
2781	-1
2782	14
2783	15
2784	12
2785	-1
2786	13
2787	17
2788	15
2789	14
2790	15
2791	17
2792	16
2793	15
2794	18
2795	17
2796	11
2797	7
2798	15
2799	18
2800	-1
2801	14
2802	-1
2803	17
2804	8
2805	16
2806	15
2807	12
2808	-1
2809	10
2810	17
2811	-1
2812	-1
2813	13
2814	-1
2815	17
2816	-1
2817	14
2818	8
2819	5
2820	15
2821	10
2822	-1
2823	-1
2824	-1
2825	13
2826	17
2827	10
2828	17
2829	11
2830	13
2831	16
2832	16
2833	-1
2834	16
2835	-1
2836	15
2837	16
2838	-1
2839	-1
2840	14
2841	10
2842	13
2843	16
2844	12
2845	15
2846	-1
2847	-1
2848	10
2849	-1
2850	16
2851	-1
2852	15
2853	14
2854	-1
2855	-1
2856	19
2857	15
2858	16
2859	-1
2860	-1
2861	11
2862	19
2863	12
2864	-1
2865	12
2866	-1
2867	17
2868	-1
2869	-1
2870	-1
2871	14
2872	18
2873	16
2874	-1
2875	-1
2876	15
2877	14
2878	-1
2879	9
2880	18
2881	-1
2882	14
2883	-1
2884	-1
2885	10
2886	15
2887	12
2888	-1
2889	-1
2890	12
2891	11
2892	13
2893	-1
2894	-1
2895	12
2896	13
2897	20
2898	-1
2899	-1
2900	17
2901	-1
2902	-1
2903	-1
2904	-1
2905	12
2906	-1
2907	-1
2908	13
2909	-1
2910	14
2911	-1
2912	14
2913	17
2914	12
2915	17
2916	-1
2917	-1
2918	-1
2919	13
2920	-1
2921	12
2922	-1
2923	16
2924	13
2925	12
2926	15
2927	11
2928	15
2929	-1
2930	11
2931	-1
2932	-1
2933	-1
2934	14
2935	7
2936	18
2937	-1
2938	16
2939	-1
2940	20
2941	10
2942	-1
2943	16
2944	16
2945	12
2946	10
2947	14
2948	15
2949	-1
2950	7
2951	15
2952	-1
2953	-1
2954	9
2955	12
2956	-1
2957	11
2958	-1
2959	18
2960	9
2961	-1
2962	12
2963	11
2964	-1
2965	-1
2966	12
2967	-1
2968	14
2969	17
2970	8
2971	6
2972	13
2973	-1
2974	6
2975	-1
2976	13
2977	7
2978	13
2979	15
2980	12
2981	14
2982	-1
2983	18
2984	-1
2985	15
2986	-1
2987	-1
2988	-1
2989	-1
2990	13
2991	17
2992	-1
2993	18
2994	10
2995	14
2996	-1
2997	10
2998	12
2999	12
3000	8
3001	-1
3002	-1
3003	-1
3004	16
3005	7
3006	12
3007	-1
3008	16
3009	-1
3010	19
3011	-1
3012	14
3013	14
3014	-1
3015	15
3016	13
3017	14
3018	14
3019	11
3020	-1
3021	13
3022	-1
3023	10
3024	16
3025	20
3026	-1
3027	12
3028	-1
3029	15
3030	-1
3031	14
3032	-1
3033	16
3034	15
3035	14
3036	16
3037	8
3038	-1
3039	18
3040	-1
3041	14
3042	11
3043	-1
3044	16
3045	-1
3046	-1
3047	-1
3048	13
3049	13
3050	-1
3051	-1
3052	-1
3053	-1
3054	7
3055	-1
3056	9
3057	14
3058	9
3059	11
3060	12
3061	13
3062	-1
3063	-1
3064	9
3065	13
3066	19
3067	13
3068	11
3069	17
3070	13
3071	-1
3072	8
3073	19
3074	9
3075	14
3076	-1
3077	11
3078	14
3079	-1
3080	-1
3081	15
3082	13
3083	13
3084	18
3085	19
3086	-1
3087	-1
3088	15
3089	-1
3090	-1
3091	11
3092	15
3093	11
3094	16
3095	-1
3096	-1
3097	-1
3098	-1
3099	-1
3100	10
3101	11
3102	-1
3103	13
3104	-1
3105	17
3106	-1
3107	-1
3108	-1
3109	11
3110	-1
3111	16
3112	-1
3113	-1
3114	-1
3115	16
3116	-1
3117	16
3118	14
3119	-1
3120	16
3121	14
3122	-1
3123	16
3124	13
3125	-1
3126	-1
3127	16
3128	10
3129	13
3130	13
3131	14
3132	12
3133	-1
3134	15
3135	14
3136	-1
3137	9
3138	-1
3139	14
3140	-1
3141	14
3142	14
3143	-1
3144	-1
3145	16
3146	13
3147	1
3148	10
3149	-1
3150	20
3151	13
3152	14
3153	-1
3154	-1
3155	18
3156	-1
3157	6
3158	15
3159	13
3160	12
3161	16
3162	12
3163	-1
3164	-1
3165	11
3166	14
3167	-1
3168	14
3169	16
3170	-1
3171	11
3172	-1
3173	15
3174	12
3175	-1
3176	-1
3177	-1
3178	-1
3179	14
3180	-1
3181	-1
3182	15
3183	-1
3184	11
3185	18
3186	15
3187	15
3188	13
3189	11
3190	14
3191	-1
3192	16
3193	13
3194	-1
3195	10
3196	15
3197	5
3198	14
3199	-1
3200	-1
3201	-1
3202	12
3203	17
3204	13
3205	-1
3206	14
3207	21
3208	-1
3209	-1
3210	10
3211	11
3212	12
3213	16
3214	17
3215	-1
3216	-1
3217	15
3218	16
3219	-1
3220	15
3221	16
3222	16
3223	13
3224	6
3225	16
3226	-1
3227	13
3228	12
3229	15
3230	-1
3231	16
3232	-1
3233	14
3234	-1
3235	-1
3236	-1
3237	-1
3238	11
3239	15
3240	16
3241	-1
3242	-1
3243	16
3244	-1
3245	-1
3246	-1
3247	18
3248	8
3249	13
3250	16
3251	12
3252	11
3253	14
3254	-1
3255	12
3256	-1
3257	16
3258	14
3259	15
3260	18
3261	12
3262	16
3263	-1
3264	16
3265	16
3266	-1
3267	-1
3268	15
3269	13
3270	-1
3271	-1
3272	16
3273	9
3274	11
3275	16
3276	-1
3277	-1
3278	14
3279	15
3280	16
3281	19
3282	18
3283	-1
3284	6
3285	-1
3286	13
3287	-1
3288	18
3289	11
3290	14
3291	-1
3292	9
3293	18
3294	15
3295	14
3296	15
3297	7
3298	16
3299	16
3300	18
3301	12
3302	-1
3303	9
3304	-1
3305	14
3306	-1
3307	11
3308	-1
3309	-1
3310	-1
3311	-1
3312	17
3313	13
3314	19
3315	18
3316	14
3317	16
3318	6
3319	-1
3320	15
3321	13
3322	-1
3323	10
3324	14
3325	-1
3326	-1
3327	15
3328	15
3329	16
3330	17
3331	8
3332	9
3333	13
3334	-1
3335	13
3336	15
3337	14
3338	-1
3339	15
3340	14
3341	-1
3342	11
3343	11
3344	-1
3345	-1
3346	-1
3347	9
3348	-1
3349	7
3350	-1
3351	-1
3352	15
3353	-1
3354	10
3355	13
3356	14
3357	17
3358	-1
3359	-1
3360	13
3361	-1
3362	9
3363	18
3364	-1
3365	11
3366	-1
3367	15
3368	14
3369	13
3370	9
3371	13
3372	5
3373	10
3374	14
3375	-1
3376	-1
3377	14
3378	6
3379	-1
3380	16
3381	15
3382	17
3383	16
3384	11
3385	15
3386	13
3387	-1
3388	19
3389	-1
3390	13
3391	15
3392	-1
3393	12
3394	-1
3395	-1
3396	15
3397	17
3398	14
3399	-1
3400	14
3401	17
3402	13
3403	15
3404	22
3405	12
3406	-1
3407	13
3408	16
3409	-1
3410	-1
3411	15
3412	11
3413	9
3414	-1
3415	-1
3416	14
3417	10
3418	16
3419	-1
3420	15
3421	-1
3422	18
3423	-1
3424	-1
3425	17
3426	12
3427	-1
3428	11
3429	-1
3430	-1
3431	10
3432	17
3433	-1
3434	-1
3435	17
3436	-1
3437	19
3438	13
3439	12
3440	12
3441	17
3442	12
3443	16
3444	-1
3445	17
3446	11
3447	15
3448	-1
3449	-1
3450	-1
3451	17
3452	13
3453	12
3454	16
3455	16
3456	14
3457	-1
3458	-1
3459	15
3460	-1
3461	-1
3462	-1
3463	-1
3464	12
3465	15
3466	-1
3467	-1
3468	3
3469	15
3470	14
3471	8
3472	7
3473	16
3474	9
3475	-1
3476	-1
3477	12
3478	-1
3479	12
3480	20
3481	17
3482	16
3483	12
3484	-1
3485	-1
3486	-1
3487	-1
3488	15
3489	15
3490	-1
3491	10
3492	-1
3493	16
3494	-1
3495	14
3496	-1
3497	12
3498	16
3499	6
3500	17
3501	12
3502	14
3503	-1
3504	9
3505	-1
3506	12
3507	17
3508	18
3509	-1
3510	16
3511	18
3512	-1
3513	-1
3514	5
3515	15
3516	12
3517	-1
3518	11
3519	16
3520	24
3521	-1
3522	-1
3523	-1
3524	15
3525	13
3526	-1
3527	4
3528	16
3529	-1
3530	-1
3531	15
3532	-1
3533	14
3534	15
3535	-1
3536	-1
3537	-1
3538	18
3539	-1
3540	8
3541	-1
3542	-1
3543	15
3544	11
3545	16
3546	-1
3547	17
3548	15
3549	14
3550	-1
3551	12
3552	-1
3553	9
3554	-1
3555	14
3556	8
3557	16
3558	14
3559	-1
3560	12
3561	19
3562	13
3563	-1
3564	15
3565	13
3566	-1
3567	15
3568	14
3569	-1
3570	14
3571	12
3572	-1
3573	9
3574	14
3575	-1
3576	18
3577	15
3578	-1
3579	18
3580	14
3581	-1
3582	11
3583	11
3584	-1
3585	-1
3586	8
3587	14
3588	10
3589	-1
3590	-1
3591	11
3592	14
3593	-1
3594	14
3595	-1
3596	20
3597	-1
3598	9
3599	13
3600	6
3601	-1
3602	11
3603	15
3604	-1
3605	-1
3606	17
3607	17
3608	-1
3609	13
3610	-1
3611	-1
3612	10
3613	16
3614	15
3615	18
3616	-1
3617	-1
3618	-1
3619	15
3620	7
3621	17
3622	12
3623	15
3624	-1
3625	15
3626	14
3627	15
3628	-1
3629	-1
3630	19
3631	11
3632	7
3633	21
3634	13
3635	14
3636	13
3637	-1
3638	11
3639	-1
3640	12
3641	-1
3642	8
3643	-1
3644	-1
3645	13
3646	12
3647	15
3648	14
3649	14
3650	11
3651	10
3652	18
3653	19
3654	17
3655	-1
3656	10
3657	8
3658	13
3659	14
3660	-1
3661	-1
3662	14
3663	-1
3664	16
3665	-1
3666	-1
3667	14
3668	9
3669	-1
3670	-1
3671	15
3672	14
3673	-1
3674	18
3675	15
3676	-1
3677	-1
3678	-1
3679	-1
3680	-1
3681	14
3682	17
3683	-1
3684	11
3685	16
3686	12
3687	-1
3688	16
3689	-1
3690	12
3691	16
3692	12
3693	2
3694	-1
3695	15
3696	15
3697	19
3698	-1
3699	14
3700	16
3701	18
3702	22
3703	17
3704	-1
3705	13
3706	12
3707	15
3708	13
3709	15
3710	10
3711	14
3712	6
3713	-1
3714	17
3715	13
3716	12
3717	-1
3718	16
3719	15
3720	13
3721	-1
3722	13
3723	13
3724	18
3725	14
3726	-1
3727	-1
3728	-1
3729	17
3730	-1
3731	12
3732	21
3733	-1
3734	13
3735	12
3736	10
3737	-1
3738	18
3739	14
3740	-1
3741	-1
3742	18
3743	15
3744	-1
3745	19
3746	18
3747	10
3748	9
3749	16
3750	-1
3751	12
3752	13
3753	9
3754	15
3755	-1
3756	16
3757	12
3758	-1
3759	15
3760	18
3761	-1
3762	6
3763	13
3764	-1
3765	15
3766	14
3767	-1
3768	18
3769	19
3770	13
3771	10
3772	11
3773	-1
3774	-1
3775	-1
3776	13
3777	10
3778	14
3779	-1
3780	15
3781	-1
3782	-1
3783	15
3784	-1
3785	15
3786	3
3787	-1
3788	17
3789	13
3790	-1
3791	8
3792	-1
3793	10
3794	-1
3795	14
3796	-1
3797	18
3798	17
3799	4
3800	10
3801	15
3802	13
3803	-1
3804	-1
3805	16
3806	12
3807	13
3808	19
3809	-1
3810	19
3811	14
3812	15
3813	19
3814	-1
3815	-1
3816	16
3817	-1
3818	-1
3819	-1
3820	18
3821	-1
3822	17
3823	16
3824	15
3825	17
3826	-1
3827	18
3828	12
3829	-1
3830	19
3831	4
3832	10
3833	10
3834	13
3835	22
3836	-1
3837	10
3838	7
3839	13
3840	17
3841	15
3842	-1
3843	12
3844	-1
3845	16
3846	12
3847	13
3848	16
3849	13
3850	-1
3851	19
3852	14
3853	15
3854	19
3855	13
3856	16
3857	18
3858	11
3859	-1
3860	14
3861	-1
3862	-1
3863	-1
3864	14
3865	-1
3866	12
3867	12
3868	-1
3869	16
3870	-1
3871	5
3872	15
3873	13
3874	-1
3875	8
3876	-1
3877	11
3878	11
3879	-1
3880	14
3881	12
3882	15
3883	15
3884	15
3885	-1
3886	-1
3887	11
3888	-1
3889	12
3890	12
3891	14
3892	11
3893	-1
3894	-1
3895	10
3896	16
3897	9
3898	16
3899	-1
3900	-1
3901	15
3902	-1
3903	17
3904	17
3905	12
3906	-1
3907	12
3908	17
3909	14
3910	-1
3911	13
3912	-1
3913	15
3914	-1
3915	-1
3916	13
3917	13
3918	-1
3919	15
3920	-1
3921	20
3922	13
3923	11
3924	14
3925	12
3926	16
3927	-1
3928	15
3929	-1
3930	17
3931	13
3932	15
3933	-1
3934	17
3935	8
3936	15
3937	15
3938	10
3939	-1
3940	6
3941	12
3942	16
3943	11
3944	18
3945	12
3946	-1
3947	17
3948	-1
3949	13
3950	17
3951	-1
3952	18
3953	22
3954	15
3955	13
3956	9
3957	-1
3958	11
3959	18
3960	16
3961	15
3962	-1
3963	10
3964	-1
3965	-1
3966	11
3967	11
3968	13
3969	18
3970	-1
3971	-1
3972	18
3973	16
3974	14
3975	21
3976	13
3977	-1
3978	17
3979	-1
3980	15
3981	7
3982	-1
3983	18
3984	16
3985	12
3986	16
3987	-1
3988	17
3989	14
3990	-1
3991	-1
3992	19
3993	12
3994	14
3995	15
3996	-1
3997	11
3998	-1
3999	16
4000	13
4001	-1
4002	-1
4003	11
4004	-1
4005	-1
4006	19
4007	14
4008	4
4009	10
4010	12
4011	14
4012	10
4013	14
4014	-1
4015	11
4016	15
4017	-1
4018	9
4019	-1
4020	-1
4021	16
4022	12
4023	17
4024	-1
4025	-1
4026	3
4027	17
4028	15
4029	11
4030	-1
4031	11
4032	19
4033	-1
4034	15
4035	15
4036	13
4037	21
4038	4
4039	13
4040	15
4041	-1
4042	-1
4043	-1
4044	14
4045	-1
4046	-1
4047	14
4048	18
4049	10
4050	13
4051	10
4052	-1
4053	-1
4054	-1
4055	12
4056	9
4057	-1
4058	11
4059	16
4060	-1
4061	18
4062	-1
4063	10
4064	4
4065	-1
4066	18
4067	16
4068	-1
4069	-1
4070	13
4071	-1
4072	5
4073	15
4074	-1
4075	-1
4076	6
4077	13
4078	-1
4079	-1
4080	12
4081	-1
4082	16
4083	17
4084	11
4085	11
4086	16
4087	-1
4088	14
4089	19
4090	-1
4091	-1
4092	-1
4093	6
4094	-1
4095	-1
4096	16
4097	-1
4098	-1
4099	13
4100	10
4101	9
4102	-1
4103	11
4104	11
4105	15
4106	-1
4107	12
4108	15
4109	11
4110	15
4111	-1
4112	10
4113	12
4114	11
4115	14
4116	7
4117	-1
4118	-1
4119	16
4120	10
4121	16
4122	13
4123	21
4124	-1
4125	-1
4126	-1
4127	12
4128	11
4129	8
4130	-1
4131	-1
4132	18
4133	-1
4134	16
4135	15
4136	19
4137	15
4138	15
4139	-1
4140	15
4141	14
4142	-1
4143	12
4144	-1
4145	12
4146	-1
4147	9
4148	-1
4149	-1
4150	-1
4151	-1
4152	12
4153	15
4154	12
4155	-1
4156	12
4157	-1
4158	19
4159	13
4160	13
4161	17
4162	16
4163	-1
4164	-1
4165	12
4166	-1
4167	12
4168	19
4169	-1
4170	-1
4171	14
4172	-1
4173	-1
4174	15
4175	-1
4176	-1
4177	-1
4178	-1
4179	-1
4180	-1
4181	10
4182	16
4183	15
4184	16
4185	14
4186	-1
4187	-1
4188	12
4189	-1
4190	14
4191	10
4192	-1
4193	12
4194	17
4195	14
4196	19
4197	8
4198	-1
4199	-1
4200	11
4201	-1
4202	11
4203	10
4204	10
4205	11
4206	13
4207	17
4208	-1
4209	11
4210	14
4211	13
4212	12
4213	-1
4214	15
4215	17
4216	-1
4217	-1
4218	16
4219	16
4220	-1
4221	13
4222	14
4223	-1
4224	-1
4225	14
4226	9
4227	14
4228	14
4229	19
4230	-1
4231	-1
4232	11
4233	4
4234	-1
4235	-1
4236	-1
4237	9
4238	-1
4239	11
4240	15
4241	16
4242	12
4243	-1
4244	17
4245	14
4246	16
4247	19
4248	-1
4249	12
4250	-1
4251	15
4252	11
4253	16
4254	14
4255	-1
4256	15
4257	15
4258	15
4259	12
4260	-1
4261	-1
4262	12
4263	12
4264	-1
4265	-1
4266	19
4267	10
4268	13
4269	-1
4270	-1
4271	-1
4272	-1
4273	-1
4274	13
4275	-1
4276	17
4277	15
4278	11
4279	11
4280	11
4281	14
4282	16
4283	-1
4284	-1
4285	7
4286	-1
4287	11
4288	14
4289	5
4290	12
4291	12
4292	-1
4293	10
4294	17
4295	-1
4296	20
4297	13
4298	-1
4299	14
4300	12
4301	17
4302	-1
4303	-1
4304	-1
4305	-1
4306	-1
4307	13
4308	10
4309	-1
4310	8
4311	15
4312	-1
4313	-1
4314	17
4315	14
4316	12
4317	10
4318	14
4319	-1
4320	-1
4321	15
4322	14
4323	10
4324	13
4325	15
4326	-1
4327	-1
4328	-1
4329	-1
4330	-1
4331	10
4332	-1
4333	10
4334	17
4335	14
4336	-1
4337	14
4338	-1
4339	-1
4340	-1
4341	10
4342	16
4343	13
4344	-1
4345	13
4346	-1
4347	-1
4348	17
4349	11
4350	-1
4351	14
4352	13
4353	12
4354	8
4355	-1
4356	-1
4357	16
4358	-1
4359	-1
4360	9
4361	17
4362	15
4363	-1
4364	-1
4365	10
4366	-1
4367	12
4368	-1
4369	13
4370	13
4371	11
4372	13
4373	-1
4374	20
4375	10
4376	10
4377	13
4378	9
4379	-1
4380	16
4381	23
4382	-1
4383	-1
4384	13
4385	14
4386	-1
4387	12
4388	14
4389	-1
4390	15
4391	10
4392	16
4393	10
4394	15
4395	14
4396	-1
4397	14
4398	11
4399	12
4400	14
4401	-1
4402	16
4403	11
4404	-1
4405	18
4406	-1
4407	13
4408	12
4409	17
4410	-1
4411	-1
4412	-1
4413	-1
4414	27
4415	-1
4416	-1
4417	17
4418	15
4419	9
4420	-1
4421	-1
4422	-1
4423	16
4424	13
4425	16
4426	-1
4427	15
4428	14
4429	6
4430	-1
4431	-1
4432	15
4433	16
4434	12
4435	-1
4436	-1
4437	10
4438	-1
4439	16
4440	17
4441	17
4442	16
4443	14
4444	12
4445	-1
4446	16
4447	15
4448	-1
4449	9
4450	-1
4451	10
4452	-1
4453	-1
4454	16
4455	-1
4456	14
4457	16
4458	16
4459	-1
4460	13
4461	18
4462	-1
4463	10
4464	-1
4465	-1
4466	-1
4467	-1
4468	17
4469	-1
4470	12
4471	11
4472	8
4473	8
4474	17
4475	10
4476	16
4477	-1
4478	8
4479	-1
4480	-1
4481	11
4482	13
4483	12
4484	20
4485	11
4486	14
4487	13
4488	11
4489	15
4490	15
4491	-1
4492	-1
4493	10
4494	15
4495	13
4496	-1
4497	13
4498	-1
4499	-1
4500	7
4501	17
4502	16
4503	12
4504	-1
4505	-1
4506	-1
4507	-1
4508	-1
4509	-1
4510	7
4511	-1
4512	-1
4513	14
4514	13
4515	14
4516	16
4517	17
4518	17
4519	-1
4520	13
4521	7
4522	-1
4523	-1
4524	13
4525	23
4526	-1
4527	-1
4528	-1
4529	-1
4530	-1
4531	14
4532	-1
4533	-1
4534	17
4535	-1
4536	-1
4537	9
4538	-1
4539	12
4540	24
4541	-1
4542	14
4543	-1
4544	-1
4545	4
4546	14
4547	10
4548	4
4549	18
4550	8
4551	-1
4552	11
4553	11
4554	-1
4555	-1
4556	13
4557	16
4558	-1
4559	-1
4560	15
4561	12
4562	23
4563	11
4564	-1
4565	13
4566	26
4567	16
4568	15
4569	14
4570	-1
4571	11
4572	13
4573	9
4574	-1
4575	16
4576	-1
4577	-1
4578	-1
4579	-1
4580	-1
4581	18
4582	-1
4583	-1
4584	15
4585	8
4586	17
4587	19
4588	17
4589	15
4590	-1
4591	-1
4592	16
4593	9
4594	13
4595	-1
4596	16
4597	14
4598	-1
4599	13
4600	13
4601	17
4602	14
4603	-1
4604	14
4605	6
4606	15
4607	13
4608	9
4609	13
4610	-1
4611	13
4612	-1
4613	17
4614	16
4615	16
4616	-1
4617	14
4618	17
4619	16
4620	15
4621	11
4622	15
4623	15
4624	15
4625	11
4626	-1
4627	19
4628	15
4629	6
4630	-1
4631	19
4632	-1
4633	12
4634	21
4635	-1
4636	-1
4637	15
4638	12
4639	15
4640	14
4641	15
4642	14
4643	6
4644	20
4645	-1
4646	16
4647	17
4648	5
4649	-1
4650	-1
4651	13
4652	16
4653	15
4654	17
4655	10
4656	-1
4657	14
4658	16
4659	-1
4660	-1
4661	13
4662	9
4663	-1
4664	15
4665	16
4666	16
4667	-1
4668	17
4669	-1
4670	-1
4671	14
4672	-1
4673	-1
4674	15
4675	18
4676	-1
4677	-1
4678	11
4679	-1
4680	11
4681	-1
4682	-1
4683	-1
4684	12
4685	-1
4686	-1
4687	14
4688	11
4689	7
4690	-1
4691	-1
4692	-1
4693	11
4694	17
4695	14
4696	-1
4697	16
4698	-1
4699	-1
4700	14
4701	14
4702	16
4703	-1
4704	9
4705	13
4706	14
4707	12
4708	13
4709	16
4710	-1
4711	11
4712	14
4713	18
4714	11
4715	-1
4716	10
4717	11
4718	13
4719	22
4720	4
4721	16
4722	11
4723	-1
4724	-1
4725	10
4726	12
4727	-1
4728	-1
4729	15
4730	-1
4731	11
4732	-1
4733	13
4734	13
4735	-1
4736	-1
4737	17
4738	10
4739	15
4740	-1
4741	16
4742	14
4743	20
4744	13
4745	-1
4746	-1
4747	15
4748	9
4749	13
4750	9
4751	-1
4752	26
4753	12
4754	-1
4755	-1
4756	-1
4757	16
4758	13
4759	-1
4760	-1
4761	15
4762	13
4763	28
4764	16
4765	5
4766	13
4767	9
4768	14
4769	12
4770	12
4771	-1
4772	-1
4773	-1
4774	13
4775	-1
4776	11
4777	-1
4778	19
4779	-1
4780	11
4781	10
4782	11
4783	-1
4784	16
4785	20
4786	16
4787	15
4788	-1
4789	16
4790	-1
4791	13
4792	-1
4793	-1
4794	6
4795	16
4796	-1
4797	-1
4798	16
4799	-1
4800	-1
4801	-1
4802	11
4803	-1
4804	10
4805	10
4806	-1
4807	-1
4808	-1
4809	14
4810	-1
4811	14
4812	13
4813	17
4814	14
4815	13
4816	11
4817	16
4818	11
4819	6
4820	18
4821	17
4822	11
4823	14
4824	-1
4825	13
4826	17
4827	-1
4828	13
4829	10
4830	21
4831	10
4832	-1
4833	15
4834	17
4835	15
4836	4
4837	-1
4838	-1
4839	15
4840	-1
4841	14
4842	13
4843	14
4844	4
4845	19
4846	-1
4847	13
4848	12
4849	-1
4850	12
4851	-1
4852	-1
4853	-1
4854	-1
4855	12
4856	16
4857	-1
4858	-1
4859	13
4860	13
4861	13
4862	-1
4863	-1
4864	15
4865	-1
4866	-1
4867	6
4868	16
4869	12
4870	18
4871	16
4872	11
4873	-1
4874	-1
4875	-1
4876	14
4877	-1
4878	17
4879	19
4880	24
4881	-1
4882	13
4883	12
4884	-1
4885	15
4886	14
4887	-1
4888	10
4889	13
4890	14
4891	17
4892	-1
4893	15
4894	13
4895	17
4896	-1
4897	-1
4898	19
4899	-1
4900	-1
4901	16
4902	-1
4903	-1
4904	16
4905	15
4906	-1
4907	10
4908	-1
4909	10
4910	-1
4911	12
4912	13
4913	-1
4914	16
4915	12
4916	15
4917	18
4918	17
4919	-1
4920	12
4921	-1
4922	-1
4923	14
4924	-1
4925	10
4926	11
4927	12
4928	13
4929	12
4930	8
4931	12
4932	9
4933	17
4934	14
4935	15
4936	19
4937	-1
4938	15
4939	16
4940	11
4941	13
4942	-1
4943	-1
4944	-1
4945	13
4946	15
4947	-1
4948	9
4949	-1
4950	18
4951	-1
4952	-1
4953	14
4954	14
4955	17
4956	14
4957	9
4958	16
4959	15
4960	13
4961	17
4962	13
4963	12
4964	-1
4965	17
4966	-1
4967	-1
4968	15
4969	13
4970	-1
4971	-1
4972	13
4973	24
4974	10
4975	12
4976	-1
4977	1
4978	11
4979	-1
4980	19
4981	-1
4982	12
4983	20
4984	8
4985	12
4986	19
4987	12
4988	17
4989	11
4990	-1
4991	13
4992	-1
4993	-1
4994	-1
4995	11
4996	13
4997	-1
4998	14
4999	16
5000	-1
5001	12
5002	13
5003	13
5004	13
5005	15
5006	18
5007	-1
5008	18
5009	-1
5010	-1
5011	17
5012	3
5013	24
5014	13
5015	12
5016	-1
5017	19
5018	12
5019	17
5020	9
5021	16
5022	15
5023	15
5024	14
5025	15
5026	13
5027	14
5028	-1
5029	11
5030	8
5031	13
5032	11
5033	16
5034	-1
5035	5
5036	-1
5037	14
5038	-1
5039	-1
5040	16
5041	7
5042	14
5043	12
5044	-1
5045	-1
5046	-1
5047	-1
5048	10
5049	12
5050	-1
5051	-1
5052	-1
5053	16
5054	13
5055	11
5056	-1
5057	10
5058	-1
5059	-1
5060	10
5061	16
5062	-1
5063	-1
5064	-1
5065	13
5066	-1
5067	-1
5068	-1
5069	-1
5070	17
5071	-1
5072	14
5073	25
5074	-1
5075	-1
5076	14
5077	19
5078	5
5079	15
5080	-1
5081	14
5082	-1
5083	14
5084	12
5085	14
5086	20
5087	16
5088	18
5089	-1
5090	15
5091	-1
5092	14
5093	12
5094	12
5095	-1
5096	15
5097	-1
5098	-1
5099	12
5100	12
5101	11
5102	9
5103	-1
5104	-1
5105	-1
5106	-1
5107	14
5108	14
5109	14
5110	14
5111	-1
5112	12
5113	-1
5114	12
5115	11
5116	-1
5117	-1
5118	12
5119	8
5120	16
5121	13
5122	15
5123	18
5124	13
5125	14
5126	14
5127	18
5128	-1
5129	-1
5130	-1
5131	-1
5132	15
5133	-1
5134	18
5135	14
5136	12
5137	18
5138	18
5139	-1
5140	6
5141	12
5142	-1
5143	13
5144	-1
5145	-1
5146	8
5147	-1
5148	-1
5149	10
5150	9
5151	-1
5152	-1
5153	-1
5154	-1
5155	15
5156	13
5157	14
5158	14
5159	11
5160	18
5161	11
5162	14
5163	13
5164	11
5165	-1
5166	-1
5167	14
5168	19
5169	11
5170	-1
5171	-1
5172	-1
5173	11
5174	-1
5175	-1
5176	20
5177	16
5178	11
5179	11
5180	11
5181	20
5182	-1
5183	-1
5184	12
5185	20
5186	-1
5187	13
5188	-1
5189	-1
5190	-1
5191	12
5192	14
5193	4
5194	6
5195	-1
5196	-1
5197	-1
5198	15
5199	12
5200	-1
5201	-1
5202	-1
5203	-1
5204	16
5205	17
5206	-1
5207	15
5208	15
5209	14
5210	5
5211	-1
5212	-1
5213	14
5214	-1
5215	11
5216	13
5217	14
5218	11
5219	-1
5220	20
5221	18
5222	-1
5223	-1
5224	11
5225	9
5226	18
5227	13
5228	-1
5229	-1
5230	15
5231	13
5232	-1
5233	22
5234	-1
5235	10
5236	16
5237	-1
5238	-1
5239	14
5240	15
5241	7
5242	15
5243	-1
5244	-1
5245	15
5246	18
5247	-1
5248	-1
5249	-1
5250	-1
5251	-1
5252	11
5253	17
5254	-1
5255	10
5256	-1
5257	11
5258	9
5259	-1
5260	16
5261	7
5262	-1
5263	11
5264	13
5265	8
5266	-1
5267	11
5268	18
5269	-1
5270	-1
5271	12
5272	-1
5273	13
5274	-1
5275	15
5276	15
5277	6
5278	17
5279	-1
5280	17
5281	13
5282	12
5283	16
5284	9
5285	14
5286	9
5287	9
5288	8
5289	9
5290	-1
5291	13
5292	-1
5293	11
5294	-1
5295	14
5296	16
5297	16
5298	15
5299	10
5300	18
5301	-1
5302	-1
5303	14
5304	19
5305	-1
5306	15
5307	-1
5308	17
5309	14
5310	-1
5311	15
5312	16
5313	-1
5314	11
5315	11
5316	-1
5317	17
5318	-1
5319	13
5320	19
5321	-1
5322	-1
5323	-1
5324	13
5325	12
5326	12
5327	-1
5328	5
5329	19
5330	-1
5331	-1
5332	10
5333	13
5334	16
5335	14
5336	-1
5337	-1
5338	16
5339	-1
5340	10
5341	18
5342	13
5343	14
5344	-1
5345	11
5346	14
5347	-1
5348	14
5349	18
5350	14
5351	13
5352	14
5353	15
5354	9
5355	-1
5356	11
5357	14
5358	17
5359	12
5360	17
5361	-1
5362	16
5363	15
5364	24
5365	10
5366	-1
5367	-1
5368	-1
5369	12
5370	13
5371	14
5372	12
5373	-1
5374	11
5375	15
5376	-1
5377	-1
5378	-1
5379	-1
5380	15
5381	-1
5382	-1
5383	13
5384	8
5385	18
5386	-1
5387	17
5388	13
5389	21
5390	4
5391	14
5392	-1
5393	10
5394	15
5395	15
5396	-1
5397	13
5398	11
5399	15
5400	16
5401	-1
5402	20
5403	17
5404	-1
5405	19
5406	12
5407	-1
5408	-1
5409	13
5410	15
5411	13
5412	-1
5413	13
5414	-1
5415	15
5416	14
5417	11
5418	-1
5419	-1
5420	8
5421	11
5422	7
5423	8
5424	-1
5425	16
5426	-1
5427	11
5428	14
5429	17
5430	13
5431	-1
5432	14
5433	16
5434	20
5435	13
5436	-1
5437	-1
5438	9
5439	9
5440	11
5441	17
5442	16
5443	14
5444	16
5445	-1
5446	15
5447	0
5448	17
5449	7
5450	20
5451	13
5452	19
5453	17
5454	6
5455	14
5456	-1
5457	-1
5458	-1
5459	16
5460	-1
5461	11
5462	18
5463	-1
5464	14
5465	-1
5466	14
5467	13
5468	13
5469	11
5470	12
5471	-1
5472	16
5473	15
5474	-1
5475	17
5476	-1
5477	-1
5478	-1
5479	9
5480	18
5481	16
5482	-1
5483	-1
5484	-1
5485	-1
5486	17
5487	-1
5488	16
5489	-1
5490	16
5491	14
5492	15
5493	16
5494	-1
5495	-1
5496	18
5497	-1
5498	-1
5499	-1
5500	18
5501	-1
5502	-1
5503	15
5504	10
5505	17
5506	-1
5507	9
5508	14
5509	14
5510	12
5511	9
5512	-1
5513	11
5514	10
5515	13
5516	20
5517	14
5518	13
5519	-1
5520	-1
5521	15
5522	-1
5523	-1
5524	-1
5525	7
5526	13
5527	-1
5528	13
5529	18
5530	-1
5531	-1
5532	-1
5533	12
5534	12
5535	-1
5536	15
5537	-1
5538	-1
5539	-1
5540	17
5541	14
5542	-1
5543	10
5544	18
5545	-1
5546	11
5547	11
5548	-1
5549	4
5550	-1
5551	18
5552	12
5553	11
5554	-1
5555	13
5556	11
5557	-1
5558	6
5559	12
5560	-1
5561	-1
5562	22
5563	14
5564	-1
5565	12
5566	-1
5567	13
5568	-1
5569	14
5570	17
5571	15
5572	10
5573	12
5574	15
5575	13
5576	16
5577	-1
5578	16
5579	-1
5580	-1
5581	-1
5582	11
5583	-1
5584	16
5585	16
5586	10
5587	8
5588	-1
5589	17
5590	11
5591	-1
5592	-1
5593	-1
5594	-1
5595	12
5596	-1
5597	-1
5598	14
5599	-1
5600	-1
5601	13
5602	14
5603	-1
5604	-1
5605	-1
5606	-1
5607	-1
5608	-1
5609	-1
5610	-1
5611	10
5612	15
5613	14
5614	20
5615	17
5616	-1
5617	-1
5618	12
5619	13
5620	-1
5621	10
5622	17
5623	-1
5624	13
5625	-1
5626	17
5627	21
5628	17
5629	9
5630	16
5631	9
5632	19
5633	-1
5634	9
5635	12
5636	-1
5637	13
5638	18
5639	12
5640	16
5641	14
5642	-1
5643	16
5644	15
5645	-1
5646	-1
5647	14
5648	12
5649	-1
5650	16
5651	-1
5652	11
5653	19
5654	14
5655	12
5656	10
5657	12
5658	-1
5659	-1
5660	-1
5661	12
5662	27
5663	-1
5664	12
5665	-1
5666	16
5667	18
5668	-1
5669	-1
5670	10
5671	8
5672	27
5673	-1
5674	-1
5675	18
5676	17
5677	16
5678	3
5679	-1
5680	12
5681	-1
5682	16
5683	13
5684	-1
5685	8
5686	4
5687	-1
5688	-1
5689	-1
5690	-1
5691	15
5692	-1
5693	-1
5694	15
5695	16
5696	14
5697	-1
5698	-1
5699	13
5700	13
5701	14
5702	-1
5703	-1
5704	-1
5705	13
5706	-1
5707	14
5708	-1
5709	15
5710	10
5711	18
5712	-1
5713	12
5714	-1
5715	10
5716	14
5717	-1
5718	-1
5719	9
5720	14
5721	16
5722	9
5723	15
5724	9
5725	14
5726	15
5727	-1
5728	-1
5729	20
5730	-1
5731	19
5732	-1
5733	-1
5734	-1
5735	8
5736	-1
5737	15
5738	12
5739	-1
5740	11
5741	-1
5742	7
5743	2
5744	12
5745	-1
5746	17
5747	-1
5748	-1
5749	14
5750	13
5751	-1
5752	-1
5753	-1
5754	15
5755	17
5756	8
5757	14
5758	-1
5759	15
5760	-1
5761	-1
5762	-1
5763	-1
5764	15
5765	9
5766	14
5767	10
5768	15
5769	17
5770	15
5771	-1
5772	-1
5773	14
5774	-1
5775	11
5776	17
5777	-1
5778	-1
5779	-1
5780	16
5781	-1
5782	12
5783	-1
5784	13
5785	13
5786	-1
5787	-1
5788	-1
5789	10
5790	18
5791	-1
5792	15
5793	13
5794	11
5795	18
5796	13
5797	-1
5798	7
5799	16
5800	6
5801	10
5802	13
5803	16
5804	16
5805	17
5806	15
5807	5
5808	11
5809	-1
5810	16
5811	11
5812	-1
5813	10
5814	17
5815	-1
5816	-1
5817	-1
5818	17
5819	12
5820	13
5821	-1
5822	-1
5823	16
5824	14
5825	10
5826	22
5827	-1
5828	-1
5829	16
5830	15
5831	-1
5832	-1
5833	17
5834	13
5835	6
5836	11
5837	9
5838	-1
5839	18
5840	-1
5841	18
5842	12
5843	19
5844	18
5845	18
5846	12
5847	14
5848	-1
5849	-1
5850	15
5851	7
5852	14
5853	-1
5854	5
5855	-1
5856	12
5857	-1
5858	13
5859	10
5860	26
5861	14
5862	14
5863	11
5864	14
5865	12
5866	-1
5867	19
5868	15
5869	-1
5870	15
5871	12
5872	19
5873	11
5874	10
5875	17
5876	17
5877	-1
5878	15
5879	-1
5880	-1
5881	10
5882	14
5883	13
5884	-1
5885	-1
5886	-1
5887	15
5888	13
5889	-1
5890	-1
5891	16
5892	-1
5893	11
5894	15
5895	6
5896	13
5897	-1
5898	13
5899	-1
5900	14
5901	14
5902	13
5903	-1
5904	3
5905	15
5906	-1
5907	-1
5908	14
5909	-1
5910	20
5911	-1
5912	5
5913	18
5914	17
5915	14
5916	-1
5917	17
5918	19
5919	14
5920	13
5921	-1
5922	-1
5923	7
5924	15
5925	-1
5926	-1
5927	10
5928	14
5929	17
5930	14
5931	18
5932	15
5933	8
5934	-1
5935	-1
5936	15
5937	-1
5938	9
5939	16
5940	-1
5941	-1
5942	12
5943	7
5944	-1
5945	14
5946	16
5947	11
5948	17
5949	-1
5950	-1
5951	17
5952	-1
5953	18
5954	12
5955	11
5956	13
5957	17
5958	-1
5959	-1
5960	12
5961	12
5962	17
5963	12
5964	14
5965	17
5966	14
5967	16
5968	-1
5969	13
5970	12
5971	-1
5972	15
5973	7
5974	12
5975	15
5976	13
5977	13
5978	-1
5979	6
5980	14
5981	-1
5982	15
5983	-1
5984	16
5985	14
5986	15
5987	22
5988	10
5989	-1
5990	12
5991	11
5992	14
5993	-1
5994	-1
5995	-1
5996	9
5997	6
5998	12
5999	13
6000	15
6001	-1
6002	14
6003	-1
6004	-1
6005	8
6006	-1
6007	10
6008	11
6009	14
6010	-1
6011	11
6012	13
6013	15
6014	7
6015	12
6016	13
6017	14
6018	10
6019	18
6020	14
6021	-1
6022	13
6023	15
6024	17
6025	15
6026	15
6027	12
6028	14
6029	15
6030	-1
6031	16
6032	16
6033	12
6034	16
6035	-1
6036	16
6037	-1
6038	10
6039	1
6040	-1
6041	18
6042	18
6043	-1
6044	-1
6045	7
6046	15
6047	14
6048	15
6049	11
6050	-1
6051	-1
6052	14
6053	14
6054	8
6055	8
6056	13
6057	15
6058	16
6059	14
6060	13
6061	16
6062	17
6063	-1
6064	19
6065	7
6066	13
6067	13
6068	-1
6069	19
6070	16
6071	15
6072	-1
6073	-1
6074	-1
6075	20
6076	17
6077	15
6078	21
6079	-1
6080	17
6081	12
6082	-1
6083	12
6084	17
6085	12
6086	-1
6087	14
6088	16
6089	12
6090	12
6091	7
6092	10
6093	19
6094	-1
6095	12
6096	-1
6097	-1
6098	-1
6099	14
6100	17
6101	11
6102	15
6103	12
6104	11
6105	17
6106	-1
6107	14
6108	14
6109	-1
6110	-1
6111	11
6112	-1
6113	13
6114	9
6115	14
6116	14
6117	-1
6118	7
6119	14
6120	8
6121	-1
6122	12
6123	-1
6124	12
6125	14
6126	5
6127	12
6128	12
6129	19
6130	14
6131	-1
6132	-1
6133	-1
6134	-1
6135	18
6136	-1
6137	-1
6138	13
6139	-1
6140	12
6141	15
6142	10
6143	-1
6144	16
6145	12
6146	-1
6147	12
6148	-1
6149	-1
6150	-1
6151	18
6152	-1
6153	9
6154	13
6155	16
6156	11
6157	15
6158	9
6159	17
6160	14
6161	11
6162	13
6163	-1
6164	15
6165	-1
6166	21
6167	-1
6168	-1
6169	-1
6170	11
6171	-1
6172	-1
6173	-1
6174	12
6175	10
6176	14
6177	2
6178	14
6179	-1
6180	11
6181	-1
6182	19
6183	12
6184	-1
6185	9
6186	14
6187	-1
6188	11
6189	-1
6190	11
6191	16
6192	9
6193	11
6194	11
6195	-1
6196	-1
6197	-1
6198	-1
6199	12
6200	-1
6201	18
6202	16
6203	-1
6204	-1
6205	-1
6206	15
6207	17
6208	-1
6209	14
6210	-1
6211	12
6212	12
6213	-1
6214	-1
6215	13
6216	14
6217	14
6218	8
6219	-1
6220	-1
6221	-1
6222	17
6223	-1
6224	-1
6225	-1
6226	-1
6227	18
6228	-1
6229	-1
6230	-1
6231	-1
6232	9
6233	15
6234	11
6235	-1
6236	15
6237	-1
6238	-1
6239	-1
6240	14
6241	14
6242	13
6243	11
6244	11
6245	-1
6246	-1
6247	-1
6248	6
6249	15
6250	-1
6251	-1
6252	13
6253	12
6254	11
6255	-1
6256	13
6257	12
6258	-1
6259	9
6260	18
6261	12
6262	10
6263	-1
6264	-1
6265	8
6266	-1
6267	20
6268	15
6269	-1
6270	-1
6271	-1
6272	17
6273	-1
6274	-1
6275	6
6276	14
6277	12
6278	14
6279	8
6280	14
6281	10
6282	-1
6283	9
6284	11
6285	12
6286	-1
6287	12
6288	-1
6289	14
6290	17
6291	13
6292	20
6293	-1
6294	-1
6295	14
6296	20
6297	14
6298	-1
6299	-1
6300	-1
6301	16
6302	11
6303	-1
6304	-1
6305	13
6306	-1
6307	12
6308	-1
6309	11
6310	17
6311	-1
6312	-1
6313	-1
6314	14
6315	6
6316	-1
6317	16
6318	17
6319	12
6320	16
6321	10
6322	14
6323	12
6324	18
6325	14
6326	13
6327	12
6328	-1
6329	14
6330	16
6331	-1
6332	15
6333	-1
6334	15
6335	13
6336	9
6337	11
6338	19
6339	-1
6340	16
6341	-1
6342	-1
6343	14
6344	-1
6345	-1
6346	-1
6347	18
6348	16
6349	15
6350	13
6351	-1
6352	15
6353	13
6354	-1
6355	-1
6356	9
6357	-1
6358	13
6359	-1
6360	-1
6361	16
6362	15
6363	-1
6364	15
6365	12
6366	11
6367	-1
6368	17
6369	6
6370	-1
6371	12
6372	11
6373	-1
6374	-1
6375	-1
6376	11
6377	9
6378	-1
6379	-1
6380	19
6381	-1
6382	-1
6383	14
6384	-1
6385	-1
6386	-1
6387	-1
6388	-1
6389	-1
6390	-1
6391	-1
6392	-1
6393	11
6394	14
6395	10
6396	13
6397	8
6398	14
6399	12
6400	20
6401	7
6402	21
6403	10
6404	17
6405	18
6406	11
6407	13
6408	12
6409	-1
6410	-1
6411	-1
6412	13
6413	14
6414	11
6415	16
6416	7
6417	-1
6418	13
6419	18
6420	7
6421	7
6422	11
6423	-1
6424	9
6425	-1
6426	19
6427	13
6428	17
6429	14
6430	-1
6431	17
6432	11
6433	-1
6434	11
6435	17
6436	17
6437	12
6438	11
6439	11
6440	-1
6441	-1
6442	-1
6443	-1
6444	-1
6445	15
6446	-1
6447	5
6448	11
6449	14
6450	12
6451	15
6452	19
6453	2
6454	-1
6455	14
6456	13
6457	19
6458	-1
6459	-1
6460	10
6461	-1
6462	13
6463	-1
6464	-1
6465	13
6466	15
6467	-1
6468	-1
6469	16
6470	15
6471	-1
6472	8
6473	-1
6474	10
6475	-1
6476	-1
6477	14
6478	8
6479	15
6480	-1
6481	9
6482	22
6483	11
6484	-1
6485	16
6486	16
6487	-1
6488	22
6489	13
6490	-1
6491	-1
6492	16
6493	-1
6494	13
6495	21
6496	10
6497	17
6498	13
6499	-1
6500	13
6501	20
6502	15
6503	-1
6504	-1
6505	-1
6506	-1
6507	-1
6508	-1
6509	-1
6510	15
6511	16
6512	-1
6513	-1
6514	20
6515	8
6516	6
6517	17
6518	15
6519	17
6520	-1
6521	14
6522	16
6523	-1
6524	-1
6525	-1
6526	8
6527	-1
6528	-1
6529	-1
6530	13
6531	12
6532	-1
6533	17
6534	11
6535	-1
6536	14
6537	15
6538	15
6539	15
6540	16
6541	-1
6542	-1
6543	15
6544	14
6545	14
6546	7
6547	15
6548	14
6549	15
6550	6
6551	-1
6552	-1
6553	11
6554	-1
6555	15
6556	23
6557	14
6558	-1
6559	14
6560	-1
6561	-1
6562	15
6563	22
6564	-1
6565	-1
6566	13
6567	17
6568	14
6569	-1
6570	13
6571	11
6572	-1
6573	18
6574	15
6575	14
6576	12
6577	15
6578	12
6579	-1
6580	14
6581	-1
6582	-1
6583	18
6584	-1
6585	10
6586	17
6587	11
6588	15
6589	-1
6590	14
6591	18
6592	8
6593	15
6594	-1
6595	16
6596	16
6597	15
6598	7
6599	12
6600	6
6601	13
6602	-1
6603	-1
6604	17
6605	-1
6606	14
6607	-1
6608	15
6609	13
6610	-1
6611	-1
6612	17
6613	-1
6614	-1
6615	14
6616	16
6617	-1
6618	-1
6619	12
6620	-1
6621	-1
6622	10
6623	10
6624	-1
6625	15
6626	11
6627	-1
6628	-1
6629	7
6630	-1
6631	-1
6632	10
6633	18
6634	13
6635	13
6636	9
6637	16
6638	14
6639	10
6640	14
6641	17
6642	11
6643	16
6644	15
6645	-1
6646	13
6647	9
6648	10
6649	13
6650	15
6651	14
6652	-1
6653	-1
6654	-1
6655	15
6656	-1
6657	-1
6658	-1
6659	11
6660	15
6661	16
6662	-1
6663	19
6664	8
6665	16
6666	16
6667	11
6668	16
6669	16
6670	15
6671	17
6672	17
6673	9
6674	-1
6675	-1
6676	-1
6677	-1
6678	13
6679	17
6680	-1
6681	14
6682	11
6683	9
6684	-1
6685	14
6686	6
6687	-1
6688	12
6689	-1
6690	18
6691	7
6692	12
6693	15
6694	14
6695	18
6696	-1
6697	-1
6698	14
6699	-1
6700	-1
6701	15
6702	-1
6703	-1
6704	-1
6705	15
6706	-1
6707	-1
6708	16
6709	11
6710	11
6711	-1
6712	10
6713	-1
6714	13
6715	15
6716	-1
6717	17
6718	15
6719	-1
6720	-1
6721	-1
6722	14
6723	-1
6724	12
6725	17
6726	11
6727	29
6728	8
6729	-1
6730	19
6731	15
6732	15
6733	-1
6734	-1
6735	-1
6736	14
6737	-1
6738	7
6739	14
6740	-1
6741	15
6742	18
6743	-1
6744	18
6745	17
6746	12
6747	-1
6748	9
6749	-1
6750	-1
6751	13
6752	17
6753	15
6754	-1
6755	18
6756	7
6757	19
6758	-1
6759	17
6760	-1
6761	-1
6762	15
6763	12
6764	14
6765	-1
6766	-1
6767	15
6768	13
6769	-1
6770	12
6771	2
6772	16
6773	14
6774	8
6775	-1
6776	19
6777	16
6778	-1
6779	10
6780	20
6781	11
6782	15
6783	13
6784	15
6785	-1
6786	22
6787	-1
6788	-1
6789	-1
6790	16
6791	17
6792	-1
6793	13
6794	-1
6795	-1
6796	14
6797	-1
6798	14
6799	-1
6800	-1
6801	-1
6802	10
6803	-1
6804	-1
6805	-1
6806	13
6807	5
6808	-1
6809	9
6810	11
6811	-1
6812	-1
6813	-1
6814	-1
6815	-1
6816	16
6817	19
6818	11
6819	16
6820	-1
6821	12
6822	13
6823	11
6824	-1
6825	7
6826	-1
6827	10
6828	15
6829	10
6830	-1
6831	15
6832	-1
6833	13
6834	-1
6835	-1
6836	15
6837	-1
6838	19
6839	12
6840	13
6841	-1
6842	-1
6843	15
6844	15
6845	-1
6846	9
6847	13
6848	12
6849	14
6850	16
6851	12
6852	-1
6853	-1
6854	-1
6855	14
6856	9
6857	18
6858	-1
6859	14
6860	8
6861	16
6862	-1
6863	14
6864	10
6865	16
6866	-1
6867	-1
6868	-1
6869	8
6870	-1
6871	-1
6872	13
6873	-1
6874	18
6875	17
6876	12
6877	17
6878	13
6879	9
6880	-1
6881	15
6882	16
6883	14
6884	15
6885	15
6886	17
6887	-1
6888	10
6889	-1
6890	-1
6891	15
6892	11
6893	-1
6894	23
6895	-1
6896	-1
6897	13
6898	15
6899	-1
6900	-1
6901	-1
6902	-1
6903	12
6904	23
6905	12
6906	15
6907	9
6908	15
6909	16
6910	-1
6911	-1
6912	16
6913	11
6914	-1
6915	-1
6916	-1
6917	11
6918	12
6919	11
6920	11
6921	15
6922	16
6923	10
6924	15
6925	-1
6926	-1
6927	-1
6928	14
6929	-1
6930	-1
6931	-1
6932	8
6933	15
6934	13
6935	14
6936	-1
6937	-1
6938	-1
6939	14
6940	14
6941	12
6942	15
6943	15
6944	-1
6945	-1
6946	-1
6947	21
6948	13
6949	14
6950	17
6951	13
6952	-1
6953	-1
6954	-1
6955	13
6956	10
6957	-1
6958	4
6959	-1
6960	13
6961	16
6962	12
6963	15
6964	15
6965	14
6966	-1
6967	19
6968	-1
6969	5
6970	-1
6971	-1
6972	-1
6973	-1
6974	-1
6975	15
6976	12
6977	-1
6978	16
6979	24
6980	-1
6981	-1
6982	16
6983	16
6984	15
6985	10
6986	-1
6987	14
6988	15
6989	16
6990	15
6991	13
6992	-1
6993	-1
6994	-1
6995	21
6996	10
6997	-1
6998	13
6999	18
7000	13
7001	16
7002	-1
7003	15
7004	15
7005	16
7006	15
7007	15
7008	9
7009	7
7010	-1
7011	15
7012	12
7013	16
7014	-1
7015	7
7016	14
7017	17
7018	-1
7019	-1
7020	11
7021	-1
7022	15
7023	19
7024	15
7025	13
7026	-1
7027	-1
7028	-1
7029	-1
7030	16
7031	-1
7032	-1
7033	-1
7034	-1
7035	-1
7036	-1
7037	18
7038	-1
7039	14
7040	19
7041	-1
7042	18
7043	-1
7044	-1
7045	-1
7046	-1
7047	25
7048	13
7049	13
7050	20
7051	14
7052	12
7053	11
7054	-1
7055	-1
7056	-1
7057	11
7058	-1
7059	14
7060	10
7061	16
7062	-1
7063	13
7064	-1
7065	-1
7066	-1
7067	12
7068	20
7069	15
7070	-1
7071	8
7072	-1
7073	-1
7074	20
7075	13
7076	-1
7077	12
7078	19
7079	-1
7080	14
7081	15
7082	-1
7083	-1
7084	14
7085	11
7086	23
7087	15
7088	-1
7089	15
7090	11
7091	12
7092	16
7093	-1
7094	10
7095	9
7096	-1
7097	-1
7098	13
7099	-1
7100	-1
7101	17
7102	-1
7103	18
7104	13
7105	17
7106	-1
7107	14
7108	-1
7109	16
7110	10
7111	14
7112	-1
7113	-1
7114	13
7115	16
7116	5
7117	14
7118	-1
7119	-1
7120	-1
7121	6
7122	-1
7123	17
7124	13
7125	-1
7126	9
7127	-1
7128	7
7129	17
7130	15
7131	13
7132	14
7133	11
7134	17
7135	-1
7136	19
7137	-1
7138	15
7139	11
7140	12
7141	15
7142	12
7143	-1
7144	-1
7145	-1
7146	-1
7147	-1
7148	15
7149	13
7150	-1
7151	-1
7152	15
7153	-1
7154	14
7155	7
7156	-1
7157	13
7158	-1
7159	10
7160	-1
7161	14
7162	8
7163	-1
7164	17
7165	-1
7166	17
7167	14
7168	-1
7169	11
7170	11
7171	14
7172	17
7173	-1
7174	14
7175	14
7176	8
7177	-1
7178	18
7179	15
7180	12
7181	13
7182	13
7183	-1
7184	11
7185	17
7186	15
7187	-1
7188	8
7189	13
7190	18
7191	12
7192	-1
7193	-1
7194	16
7195	15
7196	-1
7197	-1
7198	15
7199	10
7200	12
7201	-1
7202	15
7203	18
7204	15
7205	7
7206	13
7207	20
7208	-1
7209	-1
7210	13
7211	-1
7212	14
7213	14
7214	-1
7215	-1
7216	18
7217	17
7218	-1
7219	-1
7220	-1
7221	-1
7222	16
7223	-1
7224	11
7225	14
7226	-1
7227	10
7228	-1
7229	-1
7230	16
7231	19
7232	6
7233	16
7234	13
7235	-1
7236	12
7237	-1
7238	-1
7239	-1
7240	12
7241	4
7242	17
7243	-1
7244	15
7245	17
7246	15
7247	13
7248	-1
7249	-1
7250	17
7251	13
7252	15
7253	-1
7254	-1
7255	-1
7256	13
7257	-1
7258	12
7259	17
7260	-1
7261	17
7262	-1
7263	-1
7264	12
7265	-1
7266	17
7267	16
7268	15
7269	9
7270	17
7271	-1
7272	12
7273	10
7274	14
7275	14
7276	13
7277	15
7278	-1
7279	-1
7280	14
7281	14
7282	-1
7283	20
7284	20
7285	-1
7286	-1
7287	-1
7288	-1
7289	12
7290	4
7291	14
7292	-1
7293	-1
7294	18
7295	-1
7296	-1
7297	-1
7298	12
7299	10
7300	20
7301	11
7302	12
7303	-1
7304	14
7305	12
7306	19
7307	-1
7308	13
7309	20
7310	15
7311	9
7312	20
7313	-1
7314	-1
7315	15
7316	9
7317	14
7318	-1
7319	13
7320	-1
7321	16
7322	9
7323	-1
7324	14
7325	6
7326	16
7327	18
7328	-1
7329	15
7330	14
7331	14
7332	-1
7333	-1
7334	8
7335	11
7336	-1
7337	15
7338	13
7339	16
7340	11
7341	16
7342	10
7343	12
7344	12
7345	-1
7346	11
7347	15
7348	10
7349	-1
7350	13
7351	-1
7352	13
7353	-1
7354	-1
7355	14
7356	20
7357	-1
7358	-1
7359	16
7360	7
7361	-1
7362	13
7363	6
7364	15
7365	-1
7366	17
7367	14
7368	9
7369	7
7370	12
7371	-1
7372	5
7373	13
7374	14
7375	13
7376	15
7377	11
7378	11
7379	-1
7380	17
7381	-1
7382	5
7383	19
7384	14
7385	-1
7386	17
7387	-1
7388	10
7389	7
7390	10
7391	13
7392	14
7393	-1
7394	16
7395	9
7396	17
7397	15
7398	6
7399	16
7400	-1
7401	-1
7402	16
7403	14
7404	12
7405	13
7406	19
7407	13
7408	12
7409	8
7410	13
7411	-1
7412	13
7413	14
7414	11
7415	14
7416	12
7417	17
7418	11
7419	17
7420	-1
7421	14
7422	7
7423	10
7424	-1
7425	20
7426	9
7427	-1
7428	14
7429	20
7430	11
7431	-1
7432	-1
7433	-1
7434	-1
7435	-1
7436	10
7437	-1
7438	18
7439	12
7440	18
7441	11
7442	-1
7443	10
7444	12
7445	25
7446	16
7447	-1
7448	14
7449	-1
7450	13
7451	-1
7452	-1
7453	7
7454	18
7455	12
7456	-1
7457	-1
7458	14
7459	18
7460	10
7461	-1
7462	13
7463	19
7464	12
7465	7
7466	-1
7467	14
7468	10
7469	4
7470	15
7471	13
7472	15
7473	15
7474	-1
7475	-1
7476	-1
7477	16
7478	15
7479	-1
7480	17
7481	-1
7482	-1
7483	-1
7484	12
7485	9
7486	5
7487	13
7488	8
7489	17
7490	19
7491	11
7492	18
7493	24
7494	15
7495	7
7496	-1
7497	-1
7498	19
7499	11
7500	10
7501	-1
7502	-1
7503	14
7504	11
7505	16
7506	15
7507	11
7508	-1
7509	-1
7510	12
7511	14
7512	11
7513	-1
7514	4
7515	14
7516	6
7517	11
7518	13
7519	16
7520	-1
7521	15
7522	18
7523	16
7524	-1
7525	-1
7526	10
7527	18
7528	-1
7529	13
7530	11
7531	-1
7532	14
7533	-1
7534	13
7535	11
7536	13
7537	11
7538	12
7539	-1
7540	-1
7541	13
7542	15
7543	12
7544	8
7545	15
7546	16
7547	-1
7548	-1
7549	-1
7550	-1
7551	-1
7552	12
7553	-1
7554	-1
7555	-1
7556	-1
7557	-1
7558	16
7559	16
7560	-1
7561	11
7562	-1
7563	9
7564	3
7565	-1
7566	16
7567	7
7568	18
7569	-1
7570	14
7571	15
7572	14
7573	15
7574	13
7575	10
7576	13
7577	11
7578	-1
7579	-1
7580	-1
7581	8
7582	10
7583	16
7584	11
7585	-1
7586	13
7587	15
7588	-1
7589	18
7590	14
7591	17
7592	-1
7593	20
7594	-1
7595	-1
7596	6
7597	-1
7598	16
7599	-1
7600	13
7601	-1
7602	15
7603	-1
7604	-1
7605	-1
7606	-1
7607	11
7608	15
7609	-1
7610	13
7611	-1
7612	-1
7613	-1
7614	13
7615	-1
7616	-1
7617	13
7618	18
7619	21
7620	-1
7621	12
7622	12
7623	10
7624	-1
7625	18
7626	14
7627	10
7628	9
7629	16
7630	-1
7631	18
7632	-1
7633	14
7634	17
7635	16
7636	13
7637	15
7638	15
7639	7
7640	-1
7641	6
7642	19
7643	-1
7644	13
7645	11
7646	21
7647	12
7648	14
7649	8
7650	16
7651	17
7652	10
7653	15
7654	16
7655	16
7656	-1
7657	14
7658	18
7659	-1
7660	-1
7661	14
7662	14
7663	-1
7664	13
7665	9
7666	16
7667	-1
7668	14
7669	12
7670	20
7671	15
7672	-1
7673	-1
7674	-1
7675	-1
7676	-1
7677	13
7678	-1
7679	8
7680	13
7681	8
7682	10
7683	10
7684	15
7685	13
7686	-1
7687	15
7688	-1
7689	12
7690	13
7691	16
7692	-1
7693	14
7694	14
7695	-1
7696	-1
7697	-1
7698	10
7699	12
7700	11
7701	14
7702	-1
7703	-1
7704	-1
7705	-1
7706	11
7707	15
7708	7
7709	-1
7710	-1
7711	-1
7712	14
7713	-1
7714	-1
7715	13
7716	-1
7717	-1
7718	16
7719	14
7720	-1
7721	12
7722	17
7723	12
7724	12
7725	18
7726	15
7727	-1
7728	-1
7729	14
7730	12
7731	15
7732	12
7733	16
7734	-1
7735	-1
7736	-1
7737	6
7738	15
7739	-1
7740	-1
7741	17
7742	12
7743	-1
7744	12
7745	-1
7746	-1
7747	13
7748	-1
7749	8
7750	15
7751	18
7752	20
7753	-1
7754	12
7755	-1
7756	14
7757	13
7758	-1
7759	9
7760	18
7761	19
7762	11
7763	14
7764	16
7765	15
7766	9
7767	16
7768	-1
7769	-1
7770	18
7771	-1
7772	-1
7773	13
7774	15
7775	-1
7776	-1
7777	15
7778	14
7779	14
7780	10
7781	-1
7782	15
7783	-1
7784	9
7785	15
7786	13
7787	-1
7788	12
7789	-1
7790	13
7791	17
7792	17
7793	18
7794	12
7795	14
7796	17
7797	-1
7798	-1
7799	14
7800	-1
7801	14
7802	17
7803	-1
7804	13
7805	12
7806	14
7807	16
7808	-1
7809	13
7810	11
7811	-1
7812	9
7813	4
7814	19
7815	15
7816	16
7817	-1
7818	12
7819	14
7820	11
7821	14
7822	-1
7823	-1
7824	-1
7825	-1
7826	16
7827	12
7828	11
7829	17
7830	13
7831	-1
7832	14
7833	11
7834	14
7835	-1
7836	-1
7837	20
7838	-1
7839	17
7840	14
7841	15
7842	-1
7843	17
7844	-1
7845	8
7846	-1
7847	19
7848	10
7849	-1
7850	-1
7851	15
7852	24
7853	17
7854	17
7855	5
7856	16
7857	19
7858	11
7859	13
7860	-1
7861	14
7862	3
7863	-1
7864	12
7865	7
7866	17
7867	11
7868	15
7869	9
7870	-1
7871	-1
7872	-1
7873	11
7874	16
7875	15
7876	-1
7877	15
7878	-1
7879	-1
7880	14
7881	16
7882	19
7883	10
7884	6
7885	9
7886	15
7887	-1
7888	11
7889	-1
7890	11
7891	-1
7892	10
7893	14
7894	-1
7895	18
7896	11
7897	15
7898	5
7899	-1
7900	12
7901	12
7902	-1
7903	-1
7904	-1
7905	16
7906	11
7907	-1
7908	8
7909	-1
7910	11
7911	16
7912	-1
7913	-1
7914	9
7915	13
7916	-1
7917	20
7918	9
7919	-1
7920	-1
7921	15
7922	12
7923	12
7924	13
7925	-1
7926	7
7927	9
7928	-1
7929	-1
7930	-1
7931	-1
7932	-1
7933	6
7934	-1
7935	14
7936	-1
7937	15
7938	18
7939	10
7940	-1
7941	13
7942	17
7943	4
7944	16
7945	-1
7946	18
7947	-1
7948	-1
7949	14
7950	7
7951	-1
7952	18
7953	-1
7954	12
7955	12
7956	20
7957	16
7958	-1
7959	14
7960	15
7961	-1
7962	14
7963	24
7964	14
7965	16
7966	-1
7967	12
7968	-1
7969	14
7970	18
7971	9
7972	-1
7973	-1
7974	12
7975	14
7976	15
7977	13
7978	9
7979	-1
7980	-1
7981	12
7982	-1
7983	-1
7984	19
7985	14
7986	13
7987	16
7988	-1
7989	16
7990	7
7991	17
7992	-1
7993	-1
7994	2
7995	11
7996	-1
7997	14
7998	-1
7999	-1
8000	5
8001	-1
8002	-1
8003	-1
8004	-1
8005	17
8006	16
8007	14
8008	-1
8009	17
8010	-1
8011	-1
8012	14
8013	-1
8014	13
8015	8
8016	12
8017	15
8018	3
8019	-1
8020	21
8021	-1
8022	16
8023	15
8024	21
8025	-1
8026	-1
8027	14
8028	20
8029	16
8030	-1
8031	-1
8032	10
8033	-1
8034	-1
8035	-1
8036	-1
8037	-1
8038	14
8039	15
8040	-1
8041	11
8042	14
8043	-1
8044	-1
8045	14
8046	12
8047	17
8048	-1
8049	17
8050	13
8051	15
8052	9
8053	11
8054	-1
8055	-1
8056	12
8057	16
8058	-1
8059	11
8060	14
8061	-1
8062	-1
8063	-1
8064	14
8065	13
8066	-1
8067	18
8068	-1
8069	13
8070	-1
8071	16
8072	-1
8073	13
8074	8
8075	-1
8076	9
8077	-1
8078	17
8079	8
8080	-1
8081	1
8082	13
8083	16
8084	12
8085	-1
8086	13
8087	11
8088	16
8089	-1
8090	14
8091	11
8092	10
8093	-1
8094	18
8095	-1
8096	15
8097	10
8098	11
8099	11
8100	12
8101	-1
8102	-1
8103	-1
8104	11
8105	15
8106	12
8107	12
8108	10
8109	16
8110	17
8111	-1
8112	-1
8113	-1
8114	-1
8115	12
8116	13
8117	12
8118	-1
8119	16
8120	-1
8121	-1
8122	-1
8123	14
8124	16
8125	19
8126	13
8127	18
8128	13
8129	-1
8130	-1
8131	14
8132	17
8133	-1
8134	13
8135	-1
8136	15
8137	10
8138	11
8139	18
8140	-1
8141	16
8142	15
8143	10
8144	-1
8145	-1
8146	-1
8147	-1
8148	10
8149	-1
8150	14
8151	11
8152	-1
8153	20
8154	-1
8155	8
8156	-1
8157	-1
8158	14
8159	14
8160	14
8161	19
8162	-1
8163	-1
8164	19
8165	17
8166	11
8167	14
8168	-1
8169	12
8170	-1
8171	17
8172	20
8173	11
8174	-1
8175	-1
8176	14
8177	15
8178	16
8179	16
8180	-1
8181	13
8182	-1
8183	-1
8184	15
8185	18
8186	17
8187	16
8188	13
8189	17
8190	-1
8191	-1
8192	14
8193	13
8194	11
8195	14
8196	10
8197	13
8198	7
8199	14
8200	14
8201	-1
8202	14
8203	14
8204	-1
8205	-1
8206	17
8207	14
8208	14
8209	-1
8210	-1
8211	-1
8212	5
8213	9
8214	5
8215	17
8216	14
8217	-1
8218	12
8219	-1
8220	9
8221	10
8222	-1
8223	15
8224	14
8225	11
8226	16
8227	11
8228	-1
8229	-1
8230	10
8231	-1
8232	18
8233	-1
8234	12
8235	-1
8236	-1
8237	-1
8238	11
8239	13
8240	14
8241	-1
8242	-1
8243	-1
8244	17
8245	-1
8246	16
8247	10
8248	17
8249	-1
8250	10
8251	21
8252	12
8253	16
8254	16
8255	-1
8256	-1
8257	23
8258	17
8259	12
8260	15
8261	16
8262	14
8263	-1
8264	19
8265	16
8266	5
8267	11
8268	13
8269	15
8270	10
8271	16
8272	16
8273	-1
8274	-1
8275	16
8276	14
8277	-1
8278	15
8279	6
8280	-1
8281	16
8282	17
8283	-1
8284	-1
8285	22
8286	-1
8287	-1
8288	15
8289	13
8290	18
8291	7
8292	-1
8293	12
8294	13
8295	13
8296	14
8297	9
8298	-1
8299	11
8300	22
8301	18
8302	16
8303	-1
8304	-1
8305	-1
8306	10
8307	18
8308	17
8309	14
8310	-1
8311	-1
8312	9
8313	5
8314	12
8315	10
8316	-1
8317	-1
8318	-1
8319	-1
8320	-1
8321	-1
8322	5
8323	15
8324	15
8325	-1
8326	14
8327	4
8328	-1
8329	16
8330	-1
8331	-1
8332	-1
8333	11
8334	13
8335	-1
8336	-1
8337	14
8338	7
8339	10
8340	-1
8341	15
8342	16
8343	12
8344	12
8345	-1
8346	14
8347	17
8348	-1
8349	-1
8350	-1
8351	-1
8352	14
8353	9
8354	12
8355	15
8356	8
8357	11
8358	13
8359	-1
8360	-1
8361	15
8362	12
8363	19
8364	-1
8365	-1
8366	16
8367	13
8368	13
8369	5
8370	-1
8371	11
8372	17
8373	-1
8374	8
8375	7
8376	-1
8377	-1
8378	3
8379	16
8380	-1
8381	14
8382	-1
8383	14
8384	10
8385	-1
8386	21
8387	-1
8388	10
8389	16
8390	14
8391	-1
8392	11
8393	13
8394	8
8395	-1
8396	12
8397	19
8398	13
8399	20
8400	-1
8401	13
8402	10
8403	-1
8404	18
8405	12
8406	-1
8407	-1
8408	15
8409	12
8410	15
8411	-1
8412	16
8413	2
8414	15
8415	10
8416	10
8417	-1
8418	7
8419	15
8420	14
8421	10
8422	12
8423	17
8424	-1
8425	14
8426	16
8427	3
8428	20
8429	12
8430	13
8431	8
8432	-1
8433	-1
8434	18
8435	-1
8436	7
8437	-1
8438	-1
8439	14
8440	15
8441	-1
8442	12
8443	16
8444	-1
8445	13
8446	19
8447	14
8448	-1
8449	-1
8450	9
8451	13
8452	7
8453	14
8454	13
8455	-1
8456	12
8457	-1
8458	-1
8459	16
8460	15
8461	-1
8462	-1
8463	-1
8464	-1
8465	10
8466	-1
8467	21
8468	-1
8469	-1
8470	-1
8471	-1
8472	17
8473	-1
8474	8
8475	15
8476	-1
8477	-1
8478	12
8479	24
8480	16
8481	12
8482	19
8483	-1
8484	15
8485	-1
8486	-1
8487	-1
8488	12
8489	14
8490	-1
8491	-1
8492	-1
8493	19
8494	-1
8495	-1
8496	13
8497	-1
8498	-1
8499	0
8500	14
8501	-1
8502	17
8503	17
8504	-1
8505	15
8506	11
8507	11
8508	-1
8509	10
8510	-1
8511	-1
8512	12
8513	9
8514	18
8515	-1
8516	16
8517	8
8518	-1
8519	9
8520	-1
8521	11
8522	6
8523	13
8524	12
8525	13
8526	17
8527	-1
8528	15
8529	17
8530	-1
8531	14
8532	16
8533	10
8534	-1
8535	-1
8536	-1
8537	-1
8538	-1
8539	17
8540	-1
8541	16
8542	10
8543	-1
8544	-1
8545	-1
8546	16
8547	-1
8548	18
8549	14
8550	15
8551	14
8552	12
8553	13
8554	16
8555	14
8556	19
8557	-1
8558	-1
8559	14
8560	12
8561	-1
8562	12
8563	13
8564	20
8565	9
8566	12
8567	14
8568	18
8569	-1
8570	-1
8571	-1
8572	12
8573	-1
8574	17
8575	11
8576	12
8577	16
8578	12
8579	17
8580	-1
8581	13
8582	-1
8583	14
8584	9
8585	13
8586	18
8587	12
8588	-1
8589	16
8590	8
8591	10
8592	12
8593	13
8594	18
8595	13
8596	-1
8597	15
8598	7
8599	-1
8600	15
8601	-1
8602	7
8603	15
8604	11
8605	-1
8606	14
8607	9
8608	-1
8609	-1
8610	16
8611	14
8612	-1
8613	-1
8614	-1
8615	6
8616	16
8617	18
8618	15
8619	-1
8620	-1
8621	-1
8622	19
8623	15
8624	8
8625	-1
8626	7
8627	-1
8628	19
8629	-1
8630	14
8631	13
8632	-1
8633	-1
8634	17
8635	15
8636	-1
8637	-1
8638	15
8639	-1
8640	-1
8641	22
8642	-1
8643	-1
8644	15
8645	-1
8646	20
8647	9
8648	10
8649	-1
8650	-1
8651	-1
8652	14
8653	14
8654	-1
8655	-1
8656	14
8657	18
8658	-1
8659	-1
8660	15
8661	-1
8662	15
8663	-1
8664	8
8665	-1
8666	15
8667	12
8668	11
8669	14
8670	16
8671	9
8672	15
8673	15
8674	-1
8675	10
8676	13
8677	5
8678	11
8679	-1
8680	18
8681	17
8682	13
8683	12
8684	-1
8685	7
8686	17
8687	20
8688	3
8689	15
8690	-1
8691	-1
8692	11
8693	-1
8694	13
8695	8
8696	14
8697	15
8698	-1
8699	11
8700	16
8701	11
8702	11
8703	5
8704	13
8705	-1
8706	16
8707	14
8708	15
8709	-1
8710	15
8711	-1
8712	-1
8713	-1
8714	-1
8715	-1
8716	-1
8717	-1
8718	12
8719	15
8720	10
8721	14
8722	12
8723	11
8724	11
8725	7
8726	14
8727	12
8728	12
8729	19
8730	11
8731	12
8732	-1
8733	-1
8734	-1
8735	18
8736	15
8737	-1
8738	-1
8739	11
8740	-1
8741	-1
8742	-1
8743	-1
8744	17
8745	-1
8746	11
8747	13
8748	21
8749	-1
8750	12
8751	14
8752	14
8753	14
8754	-1
8755	-1
8756	15
8757	-1
8758	-1
8759	-1
8760	-1
8761	15
8762	16
8763	13
8764	-1
8765	-1
8766	14
8767	12
8768	-1
8769	14
8770	12
8771	-1
8772	17
8773	-1
8774	16
8775	-1
8776	-1
8777	21
8778	-1
8779	19
8780	11
8781	11
8782	13
8783	15
8784	12
8785	13
8786	10
8787	31
8788	-1
8789	7
8790	10
8791	4
8792	17
8793	12
8794	-1
8795	8
8796	-1
8797	-1
8798	17
8799	-1
8800	13
8801	-1
8802	14
8803	19
8804	-1
8805	19
8806	13
8807	12
8808	13
8809	13
8810	8
8811	10
8812	9
8813	10
8814	-1
8815	31
8816	14
8817	16
8818	-1
8819	14
8820	1
8821	-1
8822	7
8823	12
8824	19
8825	11
8826	14
8827	12
8828	18
8829	10
8830	14
8831	-1
8832	-1
8833	-1
8834	17
8835	16
8836	14
8837	-1
8838	6
8839	30
8840	17
8841	-1
8842	-1
8843	8
8844	7
8845	7
8846	-1
8847	14
8848	-1
8849	14
8850	-1
8851	16
8852	16
8853	20
8854	7
8855	-1
8856	-1
8857	-1
8858	18
8859	12
8860	12
8861	17
8862	11
8863	13
8864	14
8865	12
8866	13
8867	13
8868	11
8869	-1
8870	-1
8871	10
8872	-1
8873	-1
8874	-1
8875	-1
8876	18
8877	16
8878	9
8879	16
8880	10
8881	14
8882	-1
8883	-1
8884	-1
8885	15
8886	14
8887	-1
8888	18
8889	12
8890	-1
8891	15
8892	-1
8893	-1
8894	15
8895	-1
8896	-1
8897	10
8898	12
8899	-1
8900	13
8901	12
8902	-1
8903	-1
8904	4
8905	-1
8906	11
8907	-1
8908	17
8909	17
8910	8
8911	-1
8912	16
8913	-1
8914	13
8915	-1
8916	17
8917	16
8918	-1
8919	15
8920	-1
8921	15
8922	-1
8923	18
8924	14
8925	12
8926	14
8927	12
8928	13
8929	-1
8930	13
8931	16
8932	15
8933	-1
8934	-1
8935	-1
8936	-1
8937	-1
8938	8
8939	16
8940	-1
8941	17
8942	12
8943	16
8944	16
8945	15
8946	15
8947	-1
8948	-1
8949	-1
8950	13
8951	-1
8952	15
8953	16
8954	-1
8955	-1
8956	-1
8957	-1
8958	6
8959	11
8960	-1
8961	-1
8962	17
8963	18
8964	10
8965	12
8966	16
8967	16
8968	13
8969	9
8970	17
8971	12
8972	13
8973	-1
8974	8
8975	15
8976	16
8977	16
8978	12
8979	18
8980	18
8981	20
8982	18
8983	11
8984	10
8985	12
8986	10
8987	8
8988	-1
8989	-1
8990	-1
8991	-1
8992	-1
8993	11
8994	13
8995	11
8996	8
8997	-1
8998	-1
8999	-1
9000	-1
9001	9
9002	-1
9003	14
9004	8
9005	-1
9006	11
9007	12
9008	16
9009	10
9010	11
9011	12
9012	14
9013	18
9014	18
9015	13
9016	15
9017	15
9018	-1
9019	19
9020	16
9021	-1
9022	11
9023	14
9024	-1
9025	13
9026	-1
9027	9
9028	-1
9029	16
9030	12
9031	16
9032	-1
9033	-1
9034	10
9035	14
9036	-1
9037	19
9038	6
9039	8
9040	15
9041	-1
9042	14
9043	13
9044	14
9045	12
9046	-1
9047	5
9048	-1
9049	13
9050	28
9051	-1
9052	18
9053	13
9054	-1
9055	17
9056	-1
9057	17
9058	-1
9059	-1
9060	11
9061	17
9062	9
9063	16
9064	-1
9065	14
9066	-1
9067	15
9068	14
9069	-1
9070	14
9071	11
9072	18
9073	-1
9074	-1
9075	16
9076	12
9077	-1
9078	15
9079	-1
9080	11
9081	14
9082	13
9083	15
9084	11
9085	18
9086	10
9087	15
9088	8
9089	17
9090	16
9091	9
9092	-1
9093	17
9094	-1
9095	11
9096	14
9097	-1
9098	16
9099	-1
9100	15
9101	9
9102	8
9103	-1
9104	13
9105	12
9106	7
9107	12
9108	-1
9109	14
9110	-1
9111	19
9112	5
9113	15
9114	-1
9115	12
9116	6
9117	-1
9118	12
9119	-1
9120	15
9121	14
9122	-1
9123	-1
9124	-1
9125	13
9126	-1
9127	-1
9128	11
9129	-1
9130	16
9131	11
9132	16
9133	8
9134	16
9135	-1
9136	19
9137	18
9138	15
9139	17
9140	-1
9141	12
9142	-1
9143	-1
9144	15
9145	11
9146	4
9147	12
9148	12
9149	12
9150	19
9151	15
9152	16
9153	-1
9154	13
9155	18
9156	21
9157	14
9158	-1
9159	-1
9160	-1
9161	12
9162	14
9163	15
9164	-1
9165	15
9166	14
9167	13
9168	11
9169	9
9170	15
9171	-1
9172	13
9173	15
9174	-1
9175	-1
9176	14
9177	2
9178	18
9179	-1
9180	18
9181	11
9182	17
9183	-1
9184	18
9185	14
9186	15
9187	-1
9188	-1
9189	26
9190	14
9191	-1
9192	-1
9193	12
9194	18
9195	-1
9196	21
9197	19
9198	-1
9199	17
9200	16
9201	16
9202	14
9203	13
9204	13
9205	-1
9206	14
9207	14
9208	-1
9209	16
9210	-1
9211	16
9212	-1
9213	-1
9214	15
9215	-1
9216	18
9217	15
9218	-1
9219	-1
9220	-1
9221	17
9222	20
9223	-1
9224	11
9225	16
9226	-1
9227	-1
9228	11
9229	12
9230	-1
9231	11
9232	-1
9233	8
9234	12
9235	19
9236	-1
9237	-1
9238	18
9239	20
9240	17
9241	11
9242	-1
9243	-1
9244	16
9245	4
9246	-1
9247	13
9248	19
9249	-1
9250	10
9251	-1
9252	-1
9253	14
9254	15
9255	12
9256	6
9257	17
9258	12
9259	20
9260	13
9261	16
9262	6
9263	-1
9264	16
9265	7
9266	16
9267	12
9268	-1
9269	-1
9270	-1
9271	10
9272	-1
9273	-1
9274	-1
9275	-1
9276	16
9277	15
9278	-1
9279	-1
9280	-1
9281	7
9282	15
9283	6
9284	14
9285	-1
9286	-1
9287	-1
9288	14
9289	13
9290	14
9291	-1
9292	16
9293	14
9294	20
9295	16
9296	-1
9297	-1
9298	7
9299	-1
9300	-1
9301	14
9302	14
9303	9
9304	16
9305	-1
9306	5
9307	-1
9308	12
9309	9
9310	16
9311	12
9312	-1
9313	-1
9314	-1
9315	21
9316	17
9317	-1
9318	-1
9319	10
9320	-1
9321	14
9322	22
9323	13
9324	18
9325	15
9326	-1
9327	16
9328	14
9329	12
9330	17
9331	13
9332	13
9333	12
9334	14
9335	-1
9336	9
9337	-1
9338	12
9339	10
9340	10
9341	12
9342	-1
9343	15
9344	-1
9345	13
9346	11
9347	15
9348	14
9349	17
9350	-1
9351	13
9352	12
9353	14
9354	19
9355	16
9356	-1
9357	16
9358	15
9359	12
9360	19
9361	-1
9362	10
9363	18
9364	-1
9365	13
9366	-1
9367	-1
9368	-1
9369	-1
9370	18
9371	-1
9372	-1
9373	-1
9374	-1
9375	19
9376	-1
9377	6
9378	15
9379	21
9380	6
9381	14
9382	11
9383	-1
9384	13
9385	-1
9386	-1
9387	15
9388	14
9389	-1
9390	-1
9391	5
9392	18
9393	13
9394	17
9395	15
9396	16
9397	16
9398	-1
9399	17
9400	12
9401	19
9402	-1
9403	-1
9404	16
9405	15
9406	-1
9407	-1
9408	-1
9409	13
9410	17
9411	-1
9412	15
9413	17
9414	13
9415	16
9416	-1
9417	13
9418	21
9419	-1
9420	20
9421	19
9422	-1
9423	10
9424	15
9425	12
9426	-1
9427	25
9428	18
9429	14
9430	-1
9431	-1
9432	13
9433	7
9434	-1
9435	12
9436	-1
9437	4
9438	-1
9439	10
9440	12
9441	4
9442	19
9443	16
9444	-1
9445	14
9446	15
9447	12
9448	-1
9449	16
9450	12
9451	8
9452	-1
9453	15
9454	-1
9455	-1
9456	17
9457	13
9458	12
9459	16
9460	5
9461	15
9462	13
9463	-1
9464	12
9465	15
9466	-1
9467	-1
9468	-1
9469	-1
9470	13
9471	10
9472	8
9473	12
9474	-1
9475	15
9476	14
9477	15
9478	-1
9479	10
9480	17
9481	15
9482	-1
9483	14
9484	-1
9485	11
9486	17
9487	16
9488	12
9489	13
9490	-1
9491	11
9492	16
9493	12
9494	2
9495	-1
9496	23
9497	15
9498	-1
9499	10
9500	-1
9501	20
9502	18
9503	-1
9504	-1
9505	9
9506	14
9507	-1
9508	-1
9509	-1
9510	12
9511	-1
9512	12
9513	17
9514	11
9515	3
9516	11
9517	16
9518	14
9519	-1
9520	-1
9521	-1
9522	15
9523	14
9524	12
9525	13
9526	-1
9527	-1
9528	-1
9529	8
9530	17
9531	12
9532	14
9533	-1
9534	-1
9535	12
9536	-1
9537	-1
9538	11
9539	-1
9540	10
9541	-1
9542	-1
9543	11
9544	19
9545	7
9546	18
9547	19
9548	14
9549	13
9550	14
9551	11
9552	-1
9553	-1
9554	17
9555	-1
9556	-1
9557	16
9558	-1
9559	12
9560	-1
9561	14
9562	14
9563	12
9564	17
9565	-1
9566	9
9567	13
9568	10
9569	13
9570	13
9571	16
9572	12
9573	-1
9574	18
9575	14
9576	11
9577	-1
9578	-1
9579	11
9580	11
9581	-1
9582	16
9583	-1
9584	15
9585	-1
9586	20
9587	12
9588	15
9589	10
9590	14
9591	11
9592	-1
9593	17
9594	19
9595	15
9596	15
9597	17
9598	-1
9599	-1
9600	-1
9601	19
9602	12
9603	10
9604	11
9605	17
9606	17
9607	16
9608	19
9609	-1
9610	16
9611	14
9612	10
9613	-1
9614	11
9615	11
9616	16
9617	15
9618	13
9619	-1
9620	-1
9621	-1
9622	6
9623	-1
9624	15
9625	16
9626	15
9627	12
9628	-1
9629	13
9630	10
9631	15
9632	-1
9633	12
9634	-1
9635	-1
9636	-1
9637	16
9638	16
9639	-1
9640	-1
9641	11
9642	10
9643	17
9644	17
9645	13
9646	4
9647	14
9648	-1
9649	-1
9650	14
9651	-1
9652	16
9653	16
9654	-1
9655	-1
9656	17
9657	11
9658	-1
9659	-1
9660	7
9661	12
9662	14
9663	17
9664	11
9665	13
9666	4
9667	-1
9668	9
9669	-1
9670	14
9671	1
9672	-1
9673	-1
9674	-1
9675	11
9676	13
9677	-1
9678	10
9679	15
9680	7
9681	13
9682	16
9683	-1
9684	17
9685	14
9686	-1
9687	13
9688	15
9689	-1
9690	18
9691	17
9692	16
9693	-1
9694	-1
9695	14
9696	6
9697	5
9698	-1
9699	12
9700	14
9701	-1
9702	-1
9703	16
9704	-1
9705	-1
9706	-1
9707	11
9708	18
9709	-1
9710	12
9711	20
9712	16
9713	-1
9714	15
9715	-1
9716	-1
9717	18
9718	-1
9719	-1
9720	-1
9721	-1
9722	10
9723	-1
9724	13
9725	9
9726	-1
9727	17
9728	13
9729	15
9730	16
9731	12
9732	-1
9733	-1
9734	14
9735	5
9736	-1
9737	20
9738	5
9739	-1
9740	-1
9741	18
9742	-1
9743	-1
9744	17
9745	18
9746	13
9747	15
9748	21
9749	15
9750	-1
9751	-1
9752	-1
9753	17
9754	11
9755	-1
9756	-1
9757	-1
9758	19
9759	-1
9760	-1
9761	-1
9762	3
9763	-1
9764	-1
9765	15
9766	16
9767	11
9768	-1
9769	13
9770	-1
9771	5
9772	-1
9773	-1
9774	-1
9775	13
9776	13
9777	14
9778	12
9779	16
9780	13
9781	14
9782	16
9783	7
9784	-1
9785	-1
9786	16
9787	12
9788	10
9789	13
9790	-1
9791	16
9792	14
9793	-1
9794	15
9795	-1
9796	-1
9797	15
9798	17
9799	8
9800	18
9801	17
9802	-1
9803	-1
9804	19
9805	13
9806	-1
9807	9
9808	10
9809	-1
9810	-1
9811	-1
9812	-1
9813	-1
9814	14
9815	17
9816	11
9817	-1
9818	15
9819	14
9820	12
9821	13
9822	2
9823	18
9824	-1
9825	15
9826	15
9827	10
9828	-1
9829	8
9830	-1
9831	16
9832	17
9833	19
9834	11
9835	11
9836	-1
9837	20
9838	-1
9839	-1
9840	10
9841	11
9842	-1
9843	14
9844	-1
9845	17
9846	-1
9847	17
9848	10
9849	-1
9850	-1
9851	9
9852	11
9853	-1
9854	14
9855	13
9856	-1
9857	9
9858	13
9859	15
9860	17
9861	7
9862	14
9863	-1
9864	19
9865	-1
9866	18
9867	17
9868	10
9869	16
9870	15
9871	-1
9872	16
9873	15
9874	-1
9875	14
9876	17
9877	11
9878	14
9879	10
9880	-1
9881	5
9882	15
9883	11
9884	9
9885	-1
9886	7
9887	-1
9888	15
9889	-1
9890	14
9891	15
9892	-1
9893	14
9894	14
9895	-1
9896	-1
9897	-1
9898	15
9899	13
9900	14
9901	-1
9902	-1
9903	17
9904	18
9905	-1
9906	-1
9907	-1
9908	16
9909	-1
9910	6
9911	-1
9912	-1
9913	-1
9914	14
9915	-1
9916	20
9917	14
9918	8
9919	9
9920	13
9921	-1
9922	-1
9923	18
9924	11
9925	-1
9926	17
9927	14
9928	14
9929	-1
9930	18
9931	15
9932	19
9933	16
9934	-1
9935	-1
9936	-1
9937	21
9938	11
9939	-1
9940	15
9941	13
9942	-1
9943	14
9944	-1
9945	11
9946	13
9947	11
9948	10
9949	14
9950	-1
9951	13
9952	16
9953	12
9954	7
9955	20
9956	9
9957	-1
9958	-1
9959	17
9960	8
9961	-1
9962	14
9963	16
9964	12
9965	18
9966	11
9967	-1
9968	14
9969	-1
9970	17
9971	-1
9972	17
9973	-1
9974	16
9975	8
9976	12
9977	20
9978	-1
9979	8
9980	25
9981	10
9982	10
9983	-1
9984	13
9985	9
9986	16
9987	10
9988	13
9989	-1
9990	14
9991	6
9992	10
9993	-1
9994	15
9995	-1
9996	12
9997	-1
9998	8
9999	17
