0	34
1	30
2	36
3	37
4	30
5	37
6	35
7	28
8	32
9	36
10	21
11	24
12	27
13	35
14	35
15	32
16	32
17	36
18	32
19	33
20	33
21	32
22	35
23	30
24	37
25	34
26	32
27	37
28	34
29	22
30	22
31	37
32	33
33	33
34	6
35	36
36	32
37	33
38	33
39	26
40	35
41	36
42	36
43	25
44	34
45	32
46	20
47	32
48	36
49	33
50	34
51	35
52	34
53	35
54	32
55	25
56	32
57	29
58	37
59	28
60	23
61	37
62	36
63	36
64	31
65	27
66	32
67	28
68	31
69	33
70	35
71	34
72	36
73	24
74	33
75	31
76	35
77	37
78	29
79	28
80	35
81	33
82	37
83	34
84	35
85	35
86	25
87	34
88	37
89	36
90	36
91	28
92	31
93	8
94	32
95	32
96	36
97	34
98	28
99	29
100	28
101	37
102	21
103	34
104	34
105	31
106	35
107	37
108	36
109	17
110	35
111	34
112	30
113	35
114	29
115	34
116	29
117	36
118	36
119	36
120	31
121	36
122	35
123	34
124	25
125	35
126	32
127	37
128	36
129	32
130	21
131	33
132	27
133	30
134	35
135	37
136	36
137	34
138	28
139	24
140	36
141	37
142	6
143	34
144	35
145	36
146	21
147	13
148	33
149	35
150	35
151	36
152	35
153	25
154	32
155	14
156	32
157	29
158	30
159	19
160	32
161	36
162	35
163	36
164	11
165	34
166	32
167	27
168	33
169	28
170	33
171	24
172	33
173	31
174	32
175	33
176	34
177	36
178	32
179	31
180	36
181	33
182	36
183	34
184	8
185	36
186	33
187	32
188	36
189	37
190	34
191	34
192	36
193	37
194	36
195	30
196	35
197	32
198	32
199	26
200	27
201	31
202	36
203	36
204	36
205	32
206	36
207	34
208	34
209	36
210	36
211	26
212	34
213	35
214	36
215	35
216	21
217	33
218	31
219	29
220	34
221	35
222	35
223	32
224	34
225	19
226	30
227	36
228	36
229	19
230	34
231	35
232	17
233	7
234	31
235	25
236	27
237	23
238	36
239	32
240	35
241	35
242	24
243	29
244	30
245	34
246	35
247	37
248	32
249	37
250	33
251	34
252	32
253	24
254	36
255	34
256	37
257	33
258	34
259	33
260	34
261	36
262	35
263	34
264	32
265	32
266	27
267	34
268	32
269	36
270	35
271	33
272	36
273	36
274	19
275	37
276	30
277	21
278	33
279	36
280	36
281	34
282	35
283	37
284	33
285	34
286	35
287	36
288	36
289	31
290	28
291	36
292	26
293	4
294	30
295	29
296	32
297	34
298	35
299	36
300	36
301	31
302	35
303	22
304	34
305	36
306	34
307	35
308	22
309	28
310	26
311	23
312	35
313	33
314	36
315	29
316	32
317	36
318	37
319	27
320	27
321	32
322	36
323	36
324	23
325	34
326	35
327	37
328	33
329	35
330	33
331	27
332	34
333	26
334	34
335	23
336	22
337	34
338	35
339	37
340	26
341	36
342	28
343	36
344	32
345	34
346	31
347	28
348	24
349	37
350	30
351	31
352	35
353	32
354	35
355	36
356	36
357	34
358	34
359	37
360	31
361	36
362	35
363	36
364	34
365	35
366	30
367	22
368	29
369	23
370	36
371	36
372	36
373	36
374	36
375	36
376	37
377	20
378	35
379	35
380	32
381	35
382	27
383	27
384	35
385	30
386	23
387	29
388	33
389	30
390	36
391	30
392	35
393	26
394	26
395	36
396	36
397	26
398	27
399	31
400	37
401	29
402	22
403	35
404	34
405	35
406	31
407	34
408	24
409	33
410	29
411	24
412	33
413	31
414	22
415	36
416	34
417	27
418	34
419	36
420	33
421	36
422	29
423	35
424	32
425	37
426	34
427	35
428	32
429	31
430	27
431	27
432	31
433	36
434	30
435	37
436	28
437	35
438	37
439	32
440	28
441	31
442	36
443	31
444	28
445	35
446	18
447	26
448	28
449	32
450	27
451	29
452	27
453	33
454	5
455	34
456	32
457	31
458	32
459	34
460	36
461	31
462	35
463	25
464	32
465	16
466	30
467	36
468	20
469	35
470	34
471	35
472	36
473	32
474	36
475	34
476	37
477	37
478	33
479	33
480	35
481	22
482	34
483	33
484	35
485	26
486	6
487	29
488	35
489	35
490	16
491	37
492	36
493	37
494	24
495	35
496	33
497	35
498	32
499	37
500	31
501	15
502	25
503	36
504	35
505	26
506	30
507	26
508	35
509	36
510	34
511	36
512	33
513	26
514	37
515	37
516	36
517	28
518	30
519	35
520	28
521	25
522	16
523	32
524	35
525	25
526	34
527	29
528	30
529	34
530	36
531	33
532	36
533	36
534	34
535	24
536	35
537	35
538	36
539	28
540	31
541	36
542	36
543	35
544	37
545	35
546	33
547	36
548	28
549	28
550	32
551	23
552	26
553	35
554	31
555	36
556	31
557	35
558	35
559	34
560	18
561	34
562	27
563	27
564	33
565	35
566	29
567	30
568	36
569	29
570	29
571	28
572	26
573	23
574	14
575	25
576	31
577	20
578	24
579	37
580	34
581	32
582	28
583	18
584	33
585	28
586	28
587	36
588	33
589	34
590	34
591	35
592	27
593	34
594	35
595	36
596	28
597	34
598	26
599	33
600	36
601	36
602	36
603	33
604	33
605	36
606	20
607	21
608	36
609	23
610	30
611	33
612	36
613	31
614	12
615	34
616	33
617	36
618	36
619	34
620	29
621	34
622	30
623	35
624	35
625	36
626	37
627	30
628	25
629	31
630	24
631	33
632	36
633	32
634	35
635	30
636	30
637	36
638	36
639	35
640	34
641	30
642	34
643	25
644	34
645	35
646	33
647	25
648	35
649	32
650	23
651	34
652	34
653	37
654	35
655	28
656	37
657	32
658	34
659	36
660	34
661	35
662	26
663	36
664	33
665	37
666	33
667	32
668	27
669	35
670	33
671	35
672	35
673	36
674	22
675	36
676	28
677	21
678	23
679	34
680	35
681	35
682	31
683	29
684	27
685	21
686	32
687	31
688	34
689	31
690	36
691	23
692	34
693	33
694	27
695	35
696	30
697	34
698	24
699	34
700	36
701	36
702	34
703	35
704	32
705	32
706	26
707	33
708	15
709	23
710	14
711	36
712	35
713	32
714	26
715	37
716	30
717	32
718	33
719	35
720	30
721	29
722	1
723	31
724	31
725	29
726	37
727	36
728	35
729	36
730	35
731	35
732	31
733	20
734	31
735	34
736	34
737	33
738	35
739	37
740	37
741	31
742	37
743	28
744	36
745	22
746	32
747	27
748	36
749	33
750	30
751	36
752	26
753	33
754	30
755	22
756	35
757	27
758	33
759	35
760	36
761	34
762	32
763	32
764	1
765	29
766	23
767	31
768	19
769	36
770	20
771	33
772	34
773	24
774	37
775	35
776	36
777	28
778	18
779	32
780	28
781	32
782	32
783	29
784	36
785	32
786	26
787	37
788	34
789	35
790	30
791	36
792	28
793	34
794	33
795	36
796	17
797	37
798	35
799	29
800	36
801	30
802	25
803	36
804	32
805	33
806	37
807	36
808	35
809	34
810	36
811	22
812	34
813	31
814	36
815	33
816	31
817	15
818	36
819	34
820	34
821	37
822	30
823	20
824	35
825	35
826	35
827	36
828	30
829	27
830	33
831	33
832	33
833	35
834	35
835	36
836	36
837	37
838	36
839	33
840	34
841	35
842	33
843	34
844	32
845	23
846	32
847	33
848	35
849	34
850	34
851	33
852	34
853	28
854	25
855	36
856	32
857	23
858	33
859	17
860	36
861	37
862	36
863	29
864	36
865	18
866	37
867	33
868	23
869	33
870	34
871	29
872	36
873	35
874	30
875	37
876	32
877	27
878	24
879	35
880	31
881	33
882	27
883	37
884	36
885	36
886	29
887	25
888	32
889	34
890	26
891	33
892	34
893	32
894	30
895	34
896	25
897	5
898	22
899	37
900	18
901	36
902	34
903	26
904	25
905	30
906	35
907	37
908	35
909	35
910	31
911	32
912	36
913	29
914	36
915	33
916	30
917	34
918	33
919	17
920	28
921	37
922	36
923	34
924	29
925	31
926	36
927	33
928	36
929	30
930	32
931	32
932	35
933	33
934	36
935	33
936	29
937	34
938	36
939	30
940	35
941	37
942	32
943	36
944	35
945	36
946	34
947	32
948	35
949	23
950	32
951	29
952	34
953	30
954	36
955	33
956	33
957	31
958	34
959	32
960	35
961	36
962	34
963	18
964	37
965	27
966	33
967	36
968	29
969	11
970	21
971	36
972	31
973	34
974	35
975	33
976	32
977	23
978	22
979	36
980	27
981	25
982	14
983	29
984	7
985	25
986	32
987	35
988	35
989	27
990	24
991	22
992	35
993	23
994	34
995	35
996	34
997	34
998	36
999	32
1000	32
1001	32
1002	36
1003	36
1004	31
1005	32
1006	29
1007	30
1008	30
1009	27
1010	31
1011	36
1012	27
1013	29
1014	24
1015	29
1016	30
1017	24
1018	32
1019	32
1020	31
1021	34
1022	27
1023	37
1024	31
1025	37
1026	35
1027	33
1028	36
1029	34
1030	36
1031	36
1032	35
1033	23
1034	7
1035	31
1036	34
1037	36
1038	35
1039	36
1040	36
1041	36
1042	34
1043	27
1044	31
1045	35
1046	19
1047	28
1048	34
1049	36
1050	29
1051	25
1052	35
1053	30
1054	37
1055	23
1056	35
1057	36
1058	36
1059	20
1060	36
1061	35
1062	31
1063	33
1064	34
1065	34
1066	32
1067	25
1068	35
1069	33
1070	35
1071	34
1072	23
1073	35
1074	0
1075	37
1076	33
1077	34
1078	27
1079	37
1080	33
1081	32
1082	23
1083	35
1084	29
1085	32
1086	28
1087	4
1088	32
1089	32
1090	33
1091	34
1092	35
1093	23
1094	35
1095	21
1096	35
1097	33
1098	35
1099	32
1100	36
1101	34
1102	35
1103	26
1104	17
1105	27
1106	25
1107	32
1108	25
1109	37
1110	34
1111	29
1112	36
1113	36
1114	36
1115	31
1116	34
1117	34
1118	32
1119	21
1120	28
1121	31
1122	26
1123	37
1124	34
1125	36
1126	36
1127	33
1128	21
1129	35
1130	36
1131	35
1132	36
1133	29
1134	36
1135	31
1136	34
1137	32
1138	35
1139	36
1140	34
1141	32
1142	31
1143	29
1144	34
1145	31
1146	34
1147	22
1148	35
1149	27
1150	13
1151	24
1152	26
1153	37
1154	33
1155	32
1156	33
1157	23
1158	36
1159	22
1160	34
1161	35
1162	32
1163	33
1164	25
1165	25
1166	31
1167	2
1168	36
1169	33
1170	31
1171	22
1172	26
1173	34
1174	36
1175	35
1176	37
1177	33
1178	33
1179	34
1180	36
1181	26
1182	35
1183	35
1184	35
1185	31
1186	36
1187	34
1188	34
1189	36
1190	31
1191	36
1192	36
1193	36
1194	28
1195	24
1196	31
1197	36
1198	36
1199	29
1200	34
1201	32
1202	28
1203	30
1204	35
1205	33
1206	32
1207	36
1208	28
1209	34
1210	27
1211	34
1212	32
1213	26
1214	37
1215	24
1216	27
1217	36
1218	36
1219	37
1220	33
1221	35
1222	33
1223	34
1224	36
1225	34
1226	30
1227	29
1228	36
1229	20
1230	32
1231	36
1232	32
1233	34
1234	34
1235	35
1236	6
1237	35
1238	36
1239	35
1240	35
1241	29
1242	37
1243	36
1244	37
1245	34
1246	36
1247	36
1248	36
1249	37
1250	37
1251	32
1252	36
1253	33
1254	35
1255	25
1256	33
1257	29
1258	21
1259	35
1260	31
1261	37
1262	37
1263	21
1264	34
1265	25
1266	36
1267	33
1268	30
1269	29
1270	37
1271	31
1272	36
1273	35
1274	31
1275	36
1276	32
1277	23
1278	35
1279	32
1280	36
1281	34
1282	36
1283	27
1284	37
1285	35
1286	36
1287	36
1288	30
1289	35
1290	35
1291	25
1292	15
1293	36
1294	36
1295	24
1296	36
1297	32
1298	32
1299	35
1300	34
1301	32
1302	28
1303	34
1304	36
1305	24
1306	27
1307	30
1308	23
1309	35
1310	37
1311	30
1312	30
1313	30
1314	19
1315	37
1316	30
1317	37
1318	36
1319	36
1320	32
1321	30
1322	20
1323	36
1324	36
1325	33
1326	37
1327	34
1328	37
1329	28
1330	35
1331	37
1332	28
1333	33
1334	37
1335	36
1336	26
1337	31
1338	36
1339	31
1340	31
1341	29
1342	28
1343	21
1344	25
1345	30
1346	34
1347	36
1348	23
1349	31
1350	26
1351	33
1352	34
1353	36
1354	18
1355	34
1356	21
1357	30
1358	35
1359	36
1360	36
1361	36
1362	33
1363	20
1364	33
1365	34
1366	30
1367	32
1368	22
1369	30
1370	36
1371	36
1372	30
1373	24
1374	28
1375	33
1376	32
1377	36
1378	37
1379	27
1380	36
1381	36
1382	34
1383	37
1384	33
1385	35
1386	36
1387	33
1388	31
1389	37
1390	36
1391	31
1392	32
1393	25
1394	36
1395	35
1396	24
1397	33
1398	33
1399	36
1400	34
1401	29
1402	26
1403	29
1404	32
1405	34
1406	35
1407	29
1408	34
1409	31
1410	16
1411	35
1412	33
1413	37
1414	37
1415	35
1416	27
1417	27
1418	36
1419	34
1420	36
1421	34
1422	20
1423	36
1424	36
1425	35
1426	33
1427	32
1428	33
1429	36
1430	32
1431	36
1432	36
1433	28
1434	20
1435	34
1436	35
1437	29
1438	34
1439	30
1440	34
1441	30
1442	31
1443	26
1444	36
1445	36
1446	23
1447	32
1448	24
1449	36
1450	32
1451	36
1452	35
1453	35
1454	32
1455	26
1456	34
1457	31
1458	36
1459	33
1460	22
1461	16
1462	35
1463	30
1464	32
1465	32
1466	36
1467	28
1468	31
1469	34
1470	31
1471	25
1472	6
1473	34
1474	27
1475	35
1476	36
1477	28
1478	8
1479	30
1480	37
1481	36
1482	29
1483	33
1484	37
1485	36
1486	33
1487	36
1488	36
1489	37
1490	36
1491	34
1492	36
1493	35
1494	33
1495	36
1496	35
1497	36
1498	21
1499	35
1500	31
1501	32
1502	34
1503	36
1504	32
1505	32
1506	32
1507	34
1508	34
1509	23
1510	31
1511	37
1512	36
1513	32
1514	36
1515	36
1516	29
1517	34
1518	21
1519	34
1520	20
1521	31
1522	33
1523	36
1524	36
1525	34
1526	34
1527	19
1528	31
1529	29
1530	37
1531	32
1532	21
1533	23
1534	20
1535	29
1536	36
1537	37
1538	37
1539	36
1540	37
1541	19
1542	21
1543	23
1544	26
1545	31
1546	37
1547	30
1548	36
1549	34
1550	22
1551	35
1552	36
1553	36
1554	34
1555	23
1556	32
1557	16
1558	35
1559	34
1560	31
1561	36
1562	34
1563	33
1564	32
1565	37
1566	36
1567	35
1568	23
1569	36
1570	21
1571	29
1572	36
1573	33
1574	29
1575	34
1576	34
1577	33
1578	36
1579	24
1580	26
1581	33
1582	33
1583	28
1584	34
1585	29
1586	34
1587	37
1588	25
1589	29
1590	36
1591	29
1592	28
1593	35
1594	32
1595	25
1596	34
1597	36
1598	37
1599	35
1600	34
1601	36
1602	32
1603	37
1604	25
1605	35
1606	33
1607	30
1608	32
1609	36
1610	35
1611	36
1612	35
1613	33
1614	23
1615	35
1616	32
1617	32
1618	35
1619	35
1620	33
1621	29
1622	34
1623	27
1624	37
1625	27
1626	29
1627	34
1628	30
1629	17
1630	14
1631	37
1632	35
1633	31
1634	24
1635	36
1636	34
1637	35
1638	36
1639	34
1640	22
1641	31
1642	31
1643	24
1644	9
1645	33
1646	37
1647	30
1648	35
1649	36
1650	29
1651	30
1652	35
1653	32
1654	24
1655	30
1656	32
1657	34
1658	33
1659	37
1660	36
1661	34
1662	27
1663	34
1664	34
1665	34
1666	36
1667	27
1668	35
1669	34
1670	33
1671	32
1672	34
1673	29
1674	29
1675	25
1676	37
1677	35
1678	21
1679	34
1680	34
1681	25
1682	32
1683	31
1684	5
1685	27
1686	27
1687	34
1688	23
1689	29
1690	36
1691	37
1692	35
1693	36
1694	33
1695	36
1696	35
1697	35
1698	22
1699	31
1700	36
1701	25
1702	31
1703	37
1704	35
1705	33
1706	33
1707	31
1708	18
1709	30
1710	33
1711	29
1712	35
1713	35
1714	19
1715	35
1716	36
1717	35
1718	33
1719	28
1720	3
1721	26
1722	35
1723	37
1724	25
1725	28
1726	31
1727	28
1728	34
1729	36
1730	35
1731	35
1732	34
1733	37
1734	32
1735	36
1736	36
1737	29
1738	36
1739	31
1740	37
1741	34
1742	36
1743	29
1744	29
1745	36
1746	36
1747	24
1748	35
1749	34
1750	29
1751	36
1752	4
1753	35
1754	33
1755	22
1756	34
1757	35
1758	33
1759	36
1760	31
1761	36
1762	35
1763	37
1764	25
1765	16
1766	32
1767	30
1768	28
1769	34
1770	35
1771	24
1772	35
1773	36
1774	36
1775	26
1776	33
1777	36
1778	30
1779	31
1780	34
1781	31
1782	35
1783	35
1784	37
1785	28
1786	36
1787	34
1788	34
1789	37
1790	31
1791	36
1792	32
1793	30
1794	26
1795	37
1796	25
1797	35
1798	33
1799	33
1800	29
1801	34
1802	31
1803	33
1804	33
1805	34
1806	17
1807	17
1808	15
1809	35
1810	35
1811	23
1812	36
1813	36
1814	35
1815	30
1816	35
1817	32
1818	25
1819	29
1820	33
1821	33
1822	36
1823	34
1824	29
1825	36
1826	33
1827	3
1828	26
1829	33
1830	36
1831	33
1832	1
1833	31
1834	36
1835	34
1836	37
1837	34
1838	27
1839	36
1840	29
1841	33
1842	27
1843	36
1844	22
1845	30
1846	30
1847	18
1848	36
1849	32
1850	26
1851	33
1852	32
1853	35
1854	36
1855	32
1856	34
1857	36
1858	34
1859	34
1860	37
1861	37
1862	33
1863	32
1864	28
1865	37
1866	31
1867	31
1868	25
1869	24
1870	31
1871	36
1872	34
1873	34
1874	33
1875	32
1876	36
1877	31
1878	36
1879	36
1880	32
1881	4
1882	33
1883	32
1884	31
1885	30
1886	25
1887	36
1888	31
1889	35
1890	36
1891	34
1892	26
1893	32
1894	37
1895	32
1896	33
1897	28
1898	33
1899	35
1900	30
1901	37
1902	34
1903	36
1904	31
1905	29
1906	24
1907	31
1908	35
1909	32
1910	35
1911	36
1912	28
1913	34
1914	27
1915	37
1916	36
1917	28
1918	31
1919	34
1920	28
1921	18
1922	29
1923	35
1924	30
1925	34
1926	24
1927	32
1928	27
1929	37
1930	17
1931	25
1932	35
1933	32
1934	36
1935	36
1936	34
1937	25
1938	28
1939	36
1940	34
1941	36
1942	36
1943	33
1944	34
1945	29
1946	37
1947	37
1948	34
1949	22
1950	20
1951	30
1952	36
1953	32
1954	31
1955	37
1956	23
1957	34
1958	25
1959	32
1960	34
1961	29
1962	34
1963	37
1964	30
1965	35
1966	33
1967	32
1968	34
1969	36
1970	36
1971	34
1972	37
1973	36
1974	35
1975	27
1976	31
1977	30
1978	36
1979	23
1980	35
1981	35
1982	36
1983	36
1984	26
1985	31
1986	36
1987	14
1988	37
1989	28
1990	29
1991	22
1992	34
1993	31
1994	32
1995	33
1996	31
1997	14
1998	33
1999	22
2000	30
2001	36
2002	31
2003	31
2004	32
2005	36
2006	33
2007	32
2008	34
2009	25
2010	9
2011	34
2012	28
2013	30
2014	37
2015	36
2016	29
2017	32
2018	31
2019	29
2020	36
2021	37
2022	29
2023	34
2024	33
2025	32
2026	31
2027	28
2028	37
2029	29
2030	36
2031	31
2032	33
2033	35
2034	30
2035	31
2036	33
2037	31
2038	19
2039	35
2040	29
2041	24
2042	32
2043	34
2044	34
2045	36
2046	18
2047	21
2048	32
2049	26
2050	34
2051	37
2052	31
2053	35
2054	33
2055	21
2056	36
2057	34
2058	35
2059	30
2060	34
2061	33
2062	35
2063	34
2064	32
2065	29
2066	36
2067	29
2068	28
2069	32
2070	33
2071	32
2072	36
2073	35
2074	34
2075	26
2076	34
2077	34
2078	20
2079	37
2080	35
2081	35
2082	29
2083	31
2084	37
2085	32
2086	32
2087	24
2088	35
2089	29
2090	35
2091	30
2092	29
2093	35
2094	33
2095	32
2096	36
2097	33
2098	33
2099	20
2100	21
2101	30
2102	34
2103	32
2104	26
2105	32
2106	33
2107	36
2108	30
2109	27
2110	34
2111	26
2112	36
2113	31
2114	32
2115	33
2116	36
2117	37
2118	37
2119	35
2120	25
2121	7
2122	29
2123	26
2124	33
2125	30
2126	35
2127	31
2128	21
2129	32
2130	32
2131	31
2132	35
2133	36
2134	30
2135	32
2136	33
2137	36
2138	31
2139	20
2140	28
2141	36
2142	35
2143	28
2144	35
2145	33
2146	36
2147	35
2148	25
2149	34
2150	19
2151	35
2152	32
2153	34
2154	33
2155	36
2156	34
2157	30
2158	36
2159	37
2160	33
2161	25
2162	6
2163	36
2164	23
2165	28
2166	36
2167	35
2168	35
2169	26
2170	33
2171	32
2172	36
2173	35
2174	33
2175	33
2176	29
2177	24
2178	26
2179	6
2180	31
2181	34
2182	35
2183	35
2184	28
2185	32
2186	36
2187	35
2188	34
2189	31
2190	26
2191	33
2192	37
2193	36
2194	35
2195	36
2196	35
2197	25
2198	34
2199	30
2200	26
2201	26
2202	37
2203	34
2204	33
2205	34
2206	36
2207	36
2208	33
2209	28
2210	33
2211	36
2212	36
2213	27
2214	35
2215	32
2216	30
2217	35
2218	34
2219	33
2220	32
2221	25
2222	34
2223	36
2224	34
2225	26
2226	35
2227	27
2228	33
2229	29
2230	28
2231	34
2232	33
2233	36
2234	35
2235	35
2236	27
2237	23
2238	36
2239	30
2240	34
2241	36
2242	37
2243	21
2244	33
2245	34
2246	32
2247	28
2248	20
2249	31
2250	33
2251	28
2252	36
2253	37
2254	29
2255	30
2256	30
2257	32
2258	34
2259	22
2260	36
2261	32
2262	34
2263	29
2264	35
2265	36
2266	25
2267	35
2268	36
2269	28
2270	30
2271	32
2272	32
2273	29
2274	32
2275	33
2276	37
2277	34
2278	30
2279	30
2280	34
2281	34
2282	28
2283	21
2284	36
2285	36
2286	36
2287	35
2288	34
2289	35
2290	33
2291	29
2292	28
2293	35
2294	35
2295	34
2296	35
2297	34
2298	31
2299	35
2300	35
2301	33
2302	34
2303	27
2304	34
2305	28
2306	26
2307	27
2308	30
2309	34
2310	20
2311	37
2312	35
2313	32
2314	33
2315	30
2316	32
2317	27
2318	36
2319	27
2320	32
2321	19
2322	32
2323	37
2324	36
2325	29
2326	37
2327	29
2328	34
2329	31
2330	27
2331	34
2332	35
2333	35
2334	30
2335	34
2336	33
2337	36
2338	30
2339	35
2340	36
2341	30
2342	37
2343	24
2344	26
2345	36
2346	26
2347	36
2348	29
2349	29
2350	31
2351	36
2352	34
2353	31
2354	35
2355	28
2356	11
2357	36
2358	35
2359	33
2360	29
2361	37
2362	35
2363	36
2364	26
2365	29
2366	37
2367	32
2368	35
2369	35
2370	36
2371	32
2372	34
2373	37
2374	36
2375	34
2376	30
2377	35
2378	35
2379	36
2380	35
2381	32
2382	27
2383	26
2384	35
2385	34
2386	37
2387	36
2388	34
2389	32
2390	27
2391	36
2392	25
2393	37
2394	37
2395	36
2396	36
2397	33
2398	36
2399	36
2400	33
2401	32
2402	28
2403	31
2404	37
2405	35
2406	35
2407	29
2408	33
2409	36
2410	30
2411	35
2412	31
2413	33
2414	36
2415	35
2416	24
2417	23
2418	27
2419	33
2420	35
2421	25
2422	31
2423	34
2424	36
2425	36
2426	19
2427	31
2428	11
2429	34
2430	24
2431	34
2432	37
2433	24
2434	32
2435	27
2436	30
2437	29
2438	29
2439	36
2440	31
2441	35
2442	33
2443	37
2444	26
2445	32
2446	36
2447	6
2448	35
2449	36
2450	27
2451	28
2452	34
2453	36
2454	34
2455	36
2456	35
2457	33
2458	32
2459	33
2460	36
2461	33
2462	37
2463	32
2464	29
2465	35
2466	28
2467	33
2468	31
2469	5
2470	33
2471	36
2472	17
2473	29
2474	0
2475	30
2476	37
2477	30
2478	35
2479	22
2480	19
2481	35
2482	33
2483	32
2484	36
2485	31
2486	32
2487	31
2488	36
2489	33
2490	36
2491	36
2492	28
2493	35
2494	18
2495	35
2496	37
2497	35
2498	25
2499	21
2500	8
2501	28
2502	31
2503	30
2504	35
2505	36
2506	32
2507	30
2508	34
2509	27
2510	16
2511	28
2512	34
2513	35
2514	7
2515	23
2516	35
2517	26
2518	31
2519	35
2520	35
2521	36
2522	34
2523	23
2524	32
2525	34
2526	23
2527	35
2528	35
2529	16
2530	36
2531	26
2532	25
2533	35
2534	26
2535	15
2536	25
2537	27
2538	36
2539	30
2540	30
2541	34
2542	36
2543	33
2544	35
2545	30
2546	30
2547	33
2548	30
2549	36
2550	35
2551	34
2552	34
2553	36
2554	19
2555	32
2556	36
2557	37
2558	22
2559	31
2560	32
2561	34
2562	29
2563	34
2564	35
2565	34
2566	34
2567	32
2568	35
2569	29
2570	15
2571	33
2572	30
2573	36
2574	29
2575	32
2576	28
2577	37
2578	33
2579	36
2580	35
2581	35
2582	37
2583	36
2584	32
2585	34
2586	30
2587	36
2588	32
2589	25
2590	29
2591	35
2592	36
2593	37
2594	28
2595	31
2596	36
2597	35
2598	31
2599	32
2600	36
2601	36
2602	36
2603	22
2604	33
2605	33
2606	19
2607	27
2608	33
2609	27
2610	35
2611	35
2612	22
2613	27
2614	25
2615	35
2616	34
2617	35
2618	35
2619	30
2620	22
2621	28
2622	35
2623	29
2624	37
2625	36
2626	37
2627	33
2628	34
2629	35
2630	36
2631	36
2632	36
2633	36
2634	37
2635	32
2636	34
2637	32
2638	30
2639	32
2640	36
2641	8
2642	34
2643	36
2644	34
2645	32
2646	29
2647	35
2648	37
2649	31
2650	32
2651	36
2652	34
2653	31
2654	28
2655	34
2656	26
2657	25
2658	32
2659	4
2660	31
2661	37
2662	36
2663	29
2664	35
2665	35
2666	35
2667	35
2668	34
2669	33
2670	19
2671	25
2672	30
2673	24
2674	32
2675	33
2676	23
2677	24
2678	36
2679	28
2680	35
2681	30
2682	30
2683	36
2684	33
2685	34
2686	35
2687	29
2688	36
2689	36
2690	18
2691	32
2692	32
2693	34
2694	36
2695	36
2696	32
2697	35
2698	28
2699	34
2700	35
2701	34
2702	36
2703	35
2704	35
2705	32
2706	32
2707	33
2708	24
2709	22
2710	36
2711	23
2712	36
2713	35
2714	33
2715	36
2716	33
2717	34
2718	33
2719	37
2720	33
2721	36
2722	31
2723	34
2724	30
2725	32
2726	36
2727	37
2728	30
2729	29
2730	32
2731	34
2732	35
2733	33
2734	37
2735	36
2736	31
2737	33
2738	2
2739	26
2740	35
2741	30
2742	34
2743	37
2744	32
2745	36
2746	35
2747	28
2748	29
2749	37
2750	29
2751	25
2752	37
2753	36
2754	36
2755	36
2756	27
2757	30
2758	32
2759	34
2760	33
2761	35
2762	33
2763	35
2764	33
2765	36
2766	33
2767	32
2768	34
2769	10
2770	32
2771	36
2772	36
2773	31
2774	35
2775	36
2776	34
2777	31
2778	35
2779	34
2780	35
2781	30
2782	33
2783	37
2784	16
2785	20
2786	30
2787	35
2788	36
2789	23
2790	35
2791	35
2792	33
2793	30
2794	27
2795	34
2796	36
2797	36
2798	36
2799	34
2800	36
2801	35
2802	30
2803	27
2804	37
2805	1
2806	37
2807	31
2808	22
2809	36
2810	34
2811	34
2812	35
2813	27
2814	37
2815	31
2816	33
2817	37
2818	37
2819	28
2820	32
2821	32
2822	36
2823	36
2824	29
2825	28
2826	35
2827	35
2828	32
2829	32
2830	30
2831	27
2832	35
2833	28
2834	35
2835	29
2836	36
2837	32
2838	36
2839	4
2840	4
2841	33
2842	37
2843	35
2844	34
2845	35
2846	19
2847	26
2848	30
2849	15
2850	30
2851	29
2852	34
2853	30
2854	34
2855	35
2856	35
2857	36
2858	34
2859	31
2860	36
2861	37
2862	35
2863	29
2864	35
2865	35
2866	30
2867	32
2868	25
2869	33
2870	34
2871	22
2872	26
2873	36
2874	33
2875	34
2876	33
2877	37
2878	30
2879	33
2880	25
2881	30
2882	34
2883	35
2884	30
2885	30
2886	36
2887	34
2888	26
2889	27
2890	36
2891	35
2892	37
2893	24
2894	36
2895	36
2896	27
2897	29
2898	36
2899	36
2900	34
2901	34
2902	29
2903	35
2904	22
2905	29
2906	35
2907	36
2908	36
2909	35
2910	33
2911	7
2912	9
2913	31
2914	20
2915	34
2916	10
2917	37
2918	28
2919	36
2920	36
2921	36
2922	36
2923	29
2924	37
2925	35
2926	35
2927	27
2928	36
2929	27
2930	2
2931	35
2932	22
2933	28
2934	31
2935	34
2936	34
2937	33
2938	28
2939	31
2940	36
2941	35
2942	33
2943	36
2944	37
2945	29
2946	28
2947	36
2948	36
2949	30
2950	30
2951	35
2952	37
2953	30
2954	19
2955	34
2956	34
2957	31
2958	34
2959	34
2960	29
2961	28
2962	31
2963	31
2964	29
2965	33
2966	36
2967	32
2968	36
2969	37
2970	16
2971	33
2972	28
2973	27
2974	35
2975	37
2976	37
2977	37
2978	19
2979	37
2980	36
2981	34
2982	29
2983	37
2984	31
2985	29
2986	36
2987	37
2988	33
2989	35
2990	36
2991	37
2992	36
2993	30
2994	36
2995	36
2996	32
2997	8
2998	27
2999	34
3000	35
3001	34
3002	30
3003	36
3004	24
3005	30
3006	36
3007	27
3008	32
3009	29
3010	29
3011	27
3012	32
3013	32
3014	36
3015	34
3016	30
3017	36
3018	24
3019	36
3020	35
3021	29
3022	33
3023	15
3024	31
3025	37
3026	36
3027	35
3028	30
3029	33
3030	31
3031	31
3032	37
3033	36
3034	26
3035	28
3036	37
3037	33
3038	32
3039	28
3040	33
3041	24
3042	34
3043	32
3044	35
3045	33
3046	25
3047	36
3048	32
3049	35
3050	36
3051	25
3052	34
3053	28
3054	34
3055	35
3056	24
3057	34
3058	18
3059	20
3060	37
3061	16
3062	36
3063	25
3064	23
3065	31
3066	37
3067	34
3068	32
3069	29
3070	33
3071	33
3072	35
3073	31
3074	34
3075	36
3076	36
3077	28
3078	29
3079	37
3080	35
3081	19
3082	7
3083	31
3084	36
3085	30
3086	31
3087	29
3088	37
3089	35
3090	35
3091	30
3092	30
3093	5
3094	30
3095	35
3096	23
3097	36
3098	35
3099	29
3100	28
3101	35
3102	33
3103	30
3104	35
3105	36
3106	33
3107	36
3108	28
3109	33
3110	28
3111	34
3112	34
3113	36
3114	35
3115	37
3116	36
3117	30
3118	33
3119	37
3120	29
3121	15
3122	36
3123	37
3124	33
3125	28
3126	33
3127	35
3128	33
3129	20
3130	28
3131	36
3132	26
3133	36
3134	36
3135	25
3136	25
3137	36
3138	34
3139	23
3140	31
3141	30
3142	31
3143	36
3144	17
3145	34
3146	33
3147	36
3148	37
3149	12
3150	32
3151	30
3152	35
3153	33
3154	30
3155	29
3156	32
3157	30
3158	28
3159	32
3160	36
3161	29
3162	37
3163	34
3164	27
3165	31
3166	37
3167	35
3168	24
3169	34
3170	33
3171	25
3172	29
3173	36
3174	33
3175	36
3176	24
3177	33
3178	29
3179	36
3180	24
3181	22
3182	31
3183	35
3184	31
3185	34
3186	16
3187	36
3188	33
3189	25
3190	31
3191	30
3192	36
3193	30
3194	37
3195	30
3196	33
3197	34
3198	37
3199	36
3200	30
3201	31
3202	22
3203	35
3204	29
3205	18
3206	35
3207	30
3208	36
3209	26
3210	37
3211	35
3212	23
3213	33
3214	30
3215	28
3216	29
3217	36
3218	36
3219	36
3220	34
3221	33
3222	35
3223	29
3224	35
3225	37
3226	34
3227	36
3228	34
3229	35
3230	34
3231	36
3232	32
3233	32
3234	30
3235	35
3236	22
3237	36
3238	34
3239	32
3240	36
3241	19
3242	35
3243	31
3244	34
3245	31
3246	36
3247	36
3248	27
3249	16
3250	30
3251	37
3252	36
3253	36
3254	32
3255	32
3256	34
3257	30
3258	31
3259	35
3260	35
3261	34
3262	36
3263	30
3264	19
3265	34
3266	13
3267	30
3268	37
3269	30
3270	28
3271	34
3272	34
3273	24
3274	36
3275	31
3276	35
3277	36
3278	25
3279	23
3280	32
3281	36
3282	31
3283	26
3284	30
3285	33
3286	23
3287	35
3288	36
3289	36
3290	34
3291	31
3292	33
3293	35
3294	18
3295	37
3296	33
3297	30
3298	33
3299	35
3300	26
3301	29
3302	35
3303	33
3304	36
3305	34
3306	30
3307	37
3308	25
3309	32
3310	23
3311	37
3312	28
3313	15
3314	36
3315	24
3316	34
3317	24
3318	36
3319	21
3320	35
3321	35
3322	31
3323	28
3324	32
3325	33
3326	36
3327	31
3328	33
3329	34
3330	34
3331	34
3332	26
3333	34
3334	36
3335	35
3336	25
3337	35
3338	28
3339	21
3340	32
3341	37
3342	30
3343	34
3344	31
3345	32
3346	28
3347	21
3348	35
3349	36
3350	31
3351	37
3352	34
3353	37
3354	32
3355	36
3356	35
3357	26
3358	37
3359	36
3360	33
3361	30
3362	34
3363	36
3364	34
3365	26
3366	31
3367	36
3368	33
3369	36
3370	30
3371	27
3372	36
3373	27
3374	24
3375	36
3376	35
3377	35
3378	36
3379	30
3380	35
3381	31
3382	33
3383	33
3384	21
3385	36
3386	31
3387	32
3388	18
3389	27
3390	28
3391	33
3392	35
3393	32
3394	36
3395	34
3396	33
3397	34
3398	32
3399	36
3400	37
3401	36
3402	34
3403	35
3404	36
3405	36
3406	31
3407	36
3408	37
3409	13
3410	23
3411	36
3412	34
3413	37
3414	36
3415	30
3416	20
3417	31
3418	36
3419	35
3420	27
3421	36
3422	35
3423	26
3424	30
3425	33
3426	36
3427	36
3428	35
3429	28
3430	36
3431	32
3432	29
3433	34
3434	35
3435	32
3436	36
3437	0
3438	33
3439	31
3440	36
3441	27
3442	33
3443	34
3444	33
3445	34
3446	28
3447	28
3448	33
3449	36
3450	3
3451	33
3452	35
3453	36
3454	25
3455	33
3456	25
3457	36
3458	35
3459	34
3460	36
3461	26
3462	36
3463	35
3464	31
3465	32
3466	34
3467	25
3468	33
3469	31
3470	23
3471	23
3472	34
3473	32
3474	30
3475	33
3476	35
3477	36
3478	29
3479	32
3480	24
3481	26
3482	36
3483	34
3484	36
3485	28
3486	31
3487	35
3488	32
3489	33
3490	33
3491	34
3492	36
3493	28
3494	36
3495	36
3496	36
3497	26
3498	34
3499	29
3500	30
3501	31
3502	34
3503	32
3504	30
3505	34
3506	32
3507	35
3508	30
3509	31
3510	33
3511	22
3512	30
3513	32
3514	36
3515	37
3516	32
3517	23
3518	27
3519	22
3520	28
3521	34
3522	28
3523	36
3524	27
3525	29
3526	24
3527	31
3528	33
3529	32
3530	36
3531	34
3532	36
3533	35
3534	30
3535	26
3536	35
3537	36
3538	18
3539	34
3540	33
3541	35
3542	36
3543	35
3544	34
3545	31
3546	35
3547	35
3548	32
3549	33
3550	37
3551	34
3552	32
3553	23
3554	33
3555	22
3556	36
3557	5
3558	31
3559	31
3560	35
3561	26
3562	36
3563	34
3564	34
3565	37
3566	34
3567	36
3568	33
3569	35
3570	34
3571	37
3572	36
3573	36
3574	29
3575	28
3576	31
3577	36
3578	36
3579	36
3580	36
3581	37
3582	32
3583	36
3584	36
3585	36
3586	35
3587	29
3588	18
3589	34
3590	22
3591	29
3592	35
3593	35
3594	37
3595	31
3596	35
3597	31
3598	37
3599	0
3600	36
3601	25
3602	7
3603	25
3604	35
3605	32
3606	23
3607	33
3608	34
3609	33
3610	33
3611	35
3612	33
3613	37
3614	25
3615	34
3616	35
3617	26
3618	16
3619	35
3620	30
3621	34
3622	33
3623	33
3624	36
3625	21
3626	34
3627	24
3628	35
3629	35
3630	36
3631	35
3632	35
3633	36
3634	25
3635	29
3636	20
3637	37
3638	30
3639	30
3640	33
3641	34
3642	21
3643	36
3644	29
3645	37
3646	33
3647	33
3648	35
3649	36
3650	34
3651	30
3652	33
3653	6
3654	35
3655	34
3656	34
3657	33
3658	29
3659	27
3660	36
3661	36
3662	36
3663	32
3664	26
3665	30
3666	33
3667	35
3668	30
3669	34
3670	21
3671	1
3672	37
3673	29
3674	32
3675	34
3676	31
3677	32
3678	35
3679	34
3680	36
3681	35
3682	36
3683	37
3684	36
3685	33
3686	33
3687	25
3688	31
3689	35
3690	28
3691	37
3692	30
3693	34
3694	18
3695	35
3696	26
3697	35
3698	25
3699	30
3700	11
3701	37
3702	34
3703	37
3704	30
3705	24
3706	36
3707	30
3708	37
3709	36
3710	23
3711	34
3712	36
3713	35
3714	35
3715	31
3716	30
3717	36
3718	34
3719	36
3720	24
3721	31
3722	36
3723	36
3724	26
3725	36
3726	32
3727	35
3728	36
3729	11
3730	29
3731	35
3732	35
3733	36
3734	36
3735	31
3736	33
3737	37
3738	32
3739	35
3740	33
3741	35
3742	35
3743	33
3744	34
3745	36
3746	36
3747	36
3748	35
3749	27
3750	31
3751	32
3752	37
3753	16
3754	36
3755	35
3756	35
3757	33
3758	28
3759	31
3760	36
3761	21
3762	35
3763	19
3764	36
3765	35
3766	36
3767	35
3768	22
3769	27
3770	30
3771	14
3772	34
3773	37
3774	30
3775	28
3776	33
3777	20
3778	36
3779	34
3780	35
3781	34
3782	18
3783	28
3784	31
3785	35
3786	37
3787	36
3788	9
3789	25
3790	24
3791	32
3792	29
3793	36
3794	33
3795	31
3796	32
3797	36
3798	36
3799	37
3800	30
3801	32
3802	35
3803	31
3804	35
3805	29
3806	30
3807	31
3808	27
3809	27
3810	33
3811	30
3812	36
3813	37
3814	30
3815	32
3816	33
3817	31
3818	36
3819	36
3820	36
3821	35
3822	24
3823	34
3824	35
3825	34
3826	31
3827	35
3828	34
3829	33
3830	34
3831	33
3832	33
3833	30
3834	29
3835	34
3836	33
3837	27
3838	31
3839	35
3840	20
3841	31
3842	27
3843	35
3844	33
3845	36
3846	35
3847	35
3848	28
3849	32
3850	36
3851	35
3852	34
3853	36
3854	36
3855	31
3856	34
3857	36
3858	35
3859	34
3860	37
3861	26
3862	35
3863	36
3864	29
3865	32
3866	21
3867	25
3868	35
3869	26
3870	29
3871	34
3872	32
3873	25
3874	8
3875	30
3876	27
3877	12
3878	24
3879	36
3880	24
3881	36
3882	35
3883	34
3884	5
3885	34
3886	31
3887	30
3888	33
3889	3
3890	35
3891	26
3892	31
3893	33
3894	28
3895	29
3896	27
3897	32
3898	34
3899	36
3900	29
3901	35
3902	30
3903	34
3904	36
3905	31
3906	33
3907	16
3908	33
3909	31
3910	31
3911	34
3912	31
3913	36
3914	35
3915	36
3916	34
3917	36
3918	26
3919	24
3920	35
3921	16
3922	34
3923	30
3924	34
3925	36
3926	31
3927	31
3928	32
3929	32
3930	18
3931	24
3932	36
3933	27
3934	36
3935	30
3936	37
3937	30
3938	35
3939	32
3940	30
3941	33
3942	25
3943	35
3944	30
3945	29
3946	35
3947	36
3948	30
3949	36
3950	35
3951	27
3952	35
3953	27
3954	36
3955	28
3956	35
3957	33
3958	31
3959	34
3960	23
3961	36
3962	20
3963	35
3964	37
3965	35
3966	37
3967	33
3968	28
3969	26
3970	35
3971	27
3972	37
3973	34
3974	34
3975	30
3976	28
3977	36
3978	33
3979	36
3980	36
3981	36
3982	25
3983	36
3984	34
3985	35
3986	36
3987	26
3988	21
3989	17
3990	20
3991	35
3992	37
3993	37
3994	32
3995	37
3996	28
3997	32
3998	33
3999	35
4000	33
4001	36
4002	34
4003	22
4004	36
4005	36
4006	24
4007	36
4008	37
4009	30
4010	33
4011	6
4012	35
4013	22
4014	31
4015	36
4016	37
4017	35
4018	36
4019	36
4020	37
4021	22
4022	30
4023	33
4024	35
4025	24
4026	37
4027	37
4028	26
4029	35
4030	33
4031	35
4032	35
4033	37
4034	31
4035	31
4036	29
4037	27
4038	34
4039	32
4040	36
4041	36
4042	33
4043	35
4044	35
4045	28
4046	17
4047	23
4048	37
4049	35
4050	32
4051	27
4052	30
4053	36
4054	31
4055	37
4056	36
4057	34
4058	34
4059	23
4060	29
4061	33
4062	23
4063	35
4064	36
4065	34
4066	32
4067	30
4068	25
4069	33
4070	17
4071	36
4072	28
4073	36
4074	36
4075	20
4076	30
4077	36
4078	35
4079	34
4080	37
4081	30
4082	35
4083	29
4084	36
4085	33
4086	35
4087	32
4088	36
4089	19
4090	32
4091	25
4092	35
4093	29
4094	31
4095	30
4096	35
4097	33
4098	32
4099	35
4100	24
4101	29
4102	36
4103	35
4104	34
4105	26
4106	33
4107	31
4108	34
4109	36
4110	28
4111	35
4112	36
4113	28
4114	34
4115	37
4116	37
4117	27
4118	34
4119	28
4120	32
4121	35
4122	32
4123	32
4124	34
4125	35
4126	35
4127	37
4128	28
4129	36
4130	35
4131	15
4132	24
4133	33
4134	33
4135	32
4136	29
4137	27
4138	37
4139	30
4140	35
4141	32
4142	35
4143	28
4144	25
4145	33
4146	31
4147	34
4148	37
4149	34
4150	30
4151	9
4152	27
4153	35
4154	27
4155	21
4156	33
4157	31
4158	37
4159	35
4160	36
4161	32
4162	37
4163	36
4164	37
4165	33
4166	24
4167	28
4168	31
4169	35
4170	28
4171	35
4172	36
4173	24
4174	36
4175	30
4176	32
4177	36
4178	31
4179	34
4180	29
4181	33
4182	35
4183	22
4184	35
4185	20
4186	32
4187	35
4188	36
4189	27
4190	32
4191	29
4192	23
4193	34
4194	30
4195	34
4196	31
4197	26
4198	36
4199	19
4200	35
4201	8
4202	35
4203	8
4204	35
4205	30
4206	36
4207	34
4208	34
4209	27
4210	36
4211	32
4212	27
4213	36
4214	34
4215	35
4216	31
4217	33
4218	35
4219	34
4220	27
4221	36
4222	26
4223	33
4224	14
4225	33
4226	36
4227	31
4228	36
4229	33
4230	34
4231	26
4232	31
4233	30
4234	35
4235	32
4236	36
4237	20
4238	33
4239	35
4240	22
4241	24
4242	32
4243	35
4244	36
4245	29
4246	37
4247	30
4248	36
4249	32
4250	35
4251	33
4252	34
4253	27
4254	34
4255	29
4256	36
4257	36
4258	21
4259	23
4260	9
4261	35
4262	26
4263	36
4264	17
4265	32
4266	34
4267	36
4268	35
4269	35
4270	31
4271	36
4272	32
4273	37
4274	34
4275	37
4276	31
4277	36
4278	16
4279	24
4280	32
4281	36
4282	35
4283	31
4284	32
4285	34
4286	34
4287	35
4288	33
4289	34
4290	32
4291	25
4292	35
4293	28
4294	32
4295	32
4296	37
4297	36
4298	11
4299	23
4300	35
4301	33
4302	33
4303	30
4304	36
4305	20
4306	32
4307	34
4308	34
4309	36
4310	24
4311	34
4312	34
4313	34
4314	33
4315	36
4316	30
4317	20
4318	28
4319	30
4320	35
4321	36
4322	36
4323	36
4324	35
4325	35
4326	29
4327	37
4328	33
4329	33
4330	36
4331	31
4332	33
4333	37
4334	25
4335	35
4336	36
4337	32
4338	35
4339	35
4340	34
4341	37
4342	32
4343	24
4344	26
4345	37
4346	35
4347	30
4348	35
4349	35
4350	22
4351	33
4352	36
4353	36
4354	37
4355	35
4356	36
4357	36
4358	32
4359	36
4360	36
4361	35
4362	32
4363	32
4364	35
4365	30
4366	32
4367	33
4368	26
4369	33
4370	30
4371	35
4372	29
4373	23
4374	35
4375	34
4376	36
4377	36
4378	36
4379	36
4380	33
4381	36
4382	27
4383	26
4384	33
4385	35
4386	36
4387	27
4388	31
4389	35
4390	35
4391	31
4392	32
4393	25
4394	36
4395	33
4396	27
4397	34
4398	22
4399	20
4400	16
4401	28
4402	35
4403	30
4404	30
4405	35
4406	37
4407	33
4408	32
4409	31
4410	33
4411	36
4412	36
4413	30
4414	29
4415	32
4416	37
4417	29
4418	29
4419	36
4420	33
4421	37
4422	31
4423	34
4424	31
4425	23
4426	31
4427	37
4428	37
4429	30
4430	31
4431	32
4432	32
4433	32
4434	33
4435	31
4436	32
4437	36
4438	36
4439	36
4440	33
4441	27
4442	15
4443	29
4444	36
4445	36
4446	31
4447	35
4448	32
4449	27
4450	32
4451	36
4452	32
4453	33
4454	36
4455	31
4456	35
4457	36
4458	33
4459	33
4460	33
4461	33
4462	31
4463	32
4464	35
4465	33
4466	30
4467	33
4468	31
4469	34
4470	30
4471	32
4472	28
4473	32
4474	36
4475	36
4476	36
4477	37
4478	34
4479	30
4480	22
4481	36
4482	25
4483	30
4484	34
4485	36
4486	32
4487	36
4488	36
4489	34
4490	36
4491	32
4492	26
4493	30
4494	35
4495	33
4496	36
4497	34
4498	37
4499	4
4500	36
4501	27
4502	34
4503	33
4504	34
4505	36
4506	23
4507	36
4508	35
4509	30
4510	35
4511	31
4512	31
4513	32
4514	32
4515	36
4516	35
4517	36
4518	35
4519	36
4520	23
4521	33
4522	33
4523	21
4524	30
4525	35
4526	27
4527	35
4528	27
4529	36
4530	32
4531	24
4532	19
4533	30
4534	33
4535	34
4536	28
4537	29
4538	34
4539	36
4540	36
4541	33
4542	31
4543	35
4544	33
4545	30
4546	33
4547	35
4548	37
4549	37
4550	31
4551	35
4552	15
4553	26
4554	35
4555	34
4556	33
4557	30
4558	35
4559	34
4560	30
4561	33
4562	36
4563	24
4564	26
4565	33
4566	35
4567	26
4568	22
4569	33
4570	27
4571	35
4572	31
4573	37
4574	18
4575	9
4576	34
4577	36
4578	29
4579	35
4580	17
4581	35
4582	32
4583	29
4584	21
4585	36
4586	28
4587	37
4588	31
4589	12
4590	12
4591	29
4592	36
4593	35
4594	36
4595	30
4596	16
4597	36
4598	36
4599	29
4600	22
4601	34
4602	23
4603	36
4604	37
4605	32
4606	37
4607	34
4608	33
4609	34
4610	33
4611	35
4612	35
4613	33
4614	35
4615	33
4616	32
4617	34
4618	36
4619	36
4620	36
4621	36
4622	18
4623	34
4624	32
4625	36
4626	29
4627	24
4628	35
4629	31
4630	32
4631	30
4632	36
4633	30
4634	34
4635	29
4636	28
4637	32
4638	18
4639	31
4640	33
4641	33
4642	29
4643	27
4644	22
4645	24
4646	35
4647	36
4648	23
4649	12
4650	36
4651	21
4652	32
4653	36
4654	34
4655	34
4656	35
4657	32
4658	34
4659	34
4660	37
4661	36
4662	36
4663	36
4664	34
4665	34
4666	30
4667	30
4668	34
4669	36
4670	34
4671	26
4672	27
4673	31
4674	26
4675	32
4676	23
4677	24
4678	37
4679	33
4680	35
4681	36
4682	36
4683	34
4684	33
4685	16
4686	35
4687	30
4688	14
4689	32
4690	36
4691	28
4692	33
4693	36
4694	31
4695	26
4696	34
4697	36
4698	28
4699	26
4700	35
4701	33
4702	27
4703	34
4704	32
4705	35
4706	34
4707	35
4708	25
4709	34
4710	25
4711	29
4712	36
4713	33
4714	33
4715	28
4716	36
4717	17
4718	34
4719	36
4720	32
4721	33
4722	30
4723	28
4724	33
4725	31
4726	36
4727	35
4728	34
4729	25
4730	18
4731	31
4732	34
4733	35
4734	36
4735	35
4736	35
4737	35
4738	2
4739	30
4740	22
4741	36
4742	25
4743	36
4744	31
4745	35
4746	35
4747	6
4748	31
4749	36
4750	33
4751	35
4752	34
4753	32
4754	36
4755	29
4756	35
4757	35
4758	27
4759	33
4760	33
4761	37
4762	36
4763	37
4764	32
4765	35
4766	37
4767	30
4768	30
4769	33
4770	34
4771	34
4772	30
4773	29
4774	33
4775	37
4776	27
4777	34
4778	37
4779	33
4780	36
4781	34
4782	36
4783	7
4784	34
4785	35
4786	35
4787	37
4788	30
4789	36
4790	35
4791	33
4792	37
4793	36
4794	32
4795	20
4796	28
4797	33
4798	34
4799	29
4800	31
4801	33
4802	35
4803	33
4804	35
4805	37
4806	36
4807	35
4808	32
4809	35
4810	33
4811	29
4812	36
4813	35
4814	35
4815	30
4816	35
4817	32
4818	32
4819	31
4820	36
4821	35
4822	34
4823	36
4824	35
4825	33
4826	30
4827	35
4828	25
4829	33
4830	33
4831	35
4832	31
4833	32
4834	36
4835	33
4836	29
4837	36
4838	32
4839	30
4840	36
4841	33
4842	33
4843	17
4844	37
4845	35
4846	25
4847	34
4848	10
4849	22
4850	32
4851	36
4852	36
4853	35
4854	28
4855	36
4856	32
4857	36
4858	36
4859	33
4860	36
4861	29
4862	37
4863	18
4864	33
4865	36
4866	29
4867	30
4868	31
4869	35
4870	33
4871	27
4872	35
4873	33
4874	36
4875	31
4876	37
4877	28
4878	34
4879	35
4880	36
4881	36
4882	36
4883	36
4884	36
4885	36
4886	35
4887	33
4888	36
4889	34
4890	30
4891	23
4892	32
4893	32
4894	34
4895	29
4896	35
4897	31
4898	31
4899	19
4900	26
4901	35
4902	34
4903	36
4904	31
4905	29
4906	12
4907	36
4908	17
4909	35
4910	31
4911	32
4912	7
4913	37
4914	35
4915	31
4916	31
4917	24
4918	29
4919	22
4920	37
4921	22
4922	15
4923	29
4924	36
4925	35
4926	31
4927	36
4928	32
4929	34
4930	36
4931	34
4932	29
4933	30
4934	26
4935	34
4936	32
4937	29
4938	24
4939	33
4940	29
4941	36
4942	34
4943	32
4944	35
4945	25
4946	32
4947	35
4948	32
4949	35
4950	35
4951	35
4952	35
4953	35
4954	11
4955	32
4956	37
4957	35
4958	23
4959	28
4960	36
4961	29
4962	30
4963	33
4964	5
4965	32
4966	21
4967	34
4968	35
4969	25
4970	28
4971	25
4972	27
4973	35
4974	35
4975	30
4976	28
4977	36
4978	21
4979	31
4980	34
4981	28
4982	25
4983	34
4984	32
4985	34
4986	27
4987	35
4988	33
4989	33
4990	34
4991	34
4992	37
4993	19
4994	31
4995	37
4996	34
4997	34
4998	37
4999	29
5000	1
5001	36
5002	13
5003	36
5004	29
5005	36
5006	34
5007	28
5008	27
5009	37
5010	36
5011	35
5012	27
5013	29
5014	36
5015	28
5016	35
5017	37
5018	30
5019	34
5020	36
5021	29
5022	31
5023	22
5024	37
5025	23
5026	21
5027	37
5028	27
5029	35
5030	13
5031	32
5032	36
5033	34
5034	35
5035	30
5036	31
5037	25
5038	32
5039	35
5040	35
5041	36
5042	37
5043	36
5044	33
5045	36
5046	32
5047	32
5048	36
5049	35
5050	20
5051	37
5052	35
5053	36
5054	33
5055	33
5056	30
5057	8
5058	21
5059	35
5060	28
5061	35
5062	32
5063	26
5064	35
5065	24
5066	33
5067	30
5068	36
5069	29
5070	34
5071	25
5072	29
5073	29
5074	32
5075	36
5076	26
5077	25
5078	37
5079	34
5080	29
5081	28
5082	37
5083	29
5084	35
5085	30
5086	26
5087	36
5088	33
5089	28
5090	29
5091	25
5092	35
5093	29
5094	37
5095	8
5096	36
5097	34
5098	28
5099	35
5100	34
5101	33
5102	36
5103	36
5104	26
5105	32
5106	35
5107	34
5108	37
5109	35
5110	29
5111	21
5112	30
5113	37
5114	30
5115	26
5116	35
5117	35
5118	30
5119	35
5120	31
5121	36
5122	23
5123	30
5124	36
5125	19
5126	35
5127	29
5128	32
5129	33
5130	22
5131	35
5132	37
5133	22
5134	37
5135	31
5136	33
5137	28
5138	27
5139	30
5140	34
5141	37
5142	35
5143	37
5144	33
5145	35
5146	32
5147	33
5148	36
5149	29
5150	33
5151	37
5152	29
5153	37
5154	25
5155	34
5156	33
5157	34
5158	31
5159	37
5160	33
5161	31
5162	28
5163	30
5164	35
5165	36
5166	23
5167	35
5168	29
5169	36
5170	36
5171	37
5172	33
5173	37
5174	23
5175	36
5176	36
5177	36
5178	32
5179	37
5180	34
5181	37
5182	32
5183	37
5184	24
5185	28
5186	37
5187	35
5188	35
5189	34
5190	30
5191	31
5192	36
5193	36
5194	36
5195	27
5196	31
5197	32
5198	31
5199	32
5200	31
5201	27
5202	36
5203	37
5204	31
5205	34
5206	36
5207	31
5208	6
5209	35
5210	34
5211	36
5212	26
5213	36
5214	32
5215	36
5216	33
5217	34
5218	13
5219	36
5220	34
5221	19
5222	35
5223	27
5224	36
5225	27
5226	33
5227	32
5228	35
5229	31
5230	33
5231	34
5232	27
5233	32
5234	34
5235	35
5236	26
5237	37
5238	35
5239	32
5240	37
5241	28
5242	36
5243	32
5244	35
5245	36
5246	34
5247	22
5248	37
5249	36
5250	35
5251	31
5252	33
5253	27
5254	31
5255	31
5256	35
5257	31
5258	31
5259	37
5260	37
5261	37
5262	8
5263	23
5264	36
5265	36
5266	35
5267	33
5268	18
5269	22
5270	29
5271	34
5272	27
5273	34
5274	30
5275	34
5276	32
5277	34
5278	34
5279	34
5280	34
5281	35
5282	23
5283	35
5284	23
5285	26
5286	34
5287	22
5288	20
5289	28
5290	29
5291	28
5292	37
5293	34
5294	20
5295	30
5296	30
5297	33
5298	37
5299	35
5300	33
5301	28
5302	36
5303	35
5304	35
5305	34
5306	30
5307	36
5308	33
5309	34
5310	35
5311	34
5312	32
5313	34
5314	31
5315	25
5316	30
5317	30
5318	19
5319	35
5320	22
5321	34
5322	35
5323	29
5324	27
5325	37
5326	33
5327	36
5328	37
5329	27
5330	32
5331	37
5332	35
5333	34
5334	29
5335	36
5336	36
5337	36
5338	34
5339	36
5340	36
5341	36
5342	30
5343	36
5344	30
5345	36
5346	35
5347	36
5348	36
5349	32
5350	34
5351	31
5352	21
5353	35
5354	19
5355	35
5356	31
5357	36
5358	33
5359	24
5360	25
5361	31
5362	35
5363	36
5364	31
5365	23
5366	33
5367	34
5368	24
5369	33
5370	36
5371	36
5372	35
5373	37
5374	22
5375	36
5376	29
5377	26
5378	29
5379	28
5380	32
5381	37
5382	36
5383	32
5384	31
5385	36
5386	35
5387	32
5388	28
5389	27
5390	29
5391	27
5392	25
5393	31
5394	35
5395	31
5396	33
5397	25
5398	30
5399	32
5400	29
5401	35
5402	7
5403	32
5404	35
5405	36
5406	35
5407	36
5408	27
5409	34
5410	35
5411	32
5412	33
5413	21
5414	34
5415	26
5416	36
5417	25
5418	32
5419	37
5420	36
5421	37
5422	26
5423	36
5424	31
5425	29
5426	36
5427	32
5428	36
5429	35
5430	35
5431	37
5432	33
5433	26
5434	33
5435	35
5436	36
5437	35
5438	15
5439	31
5440	19
5441	35
5442	35
5443	35
5444	24
5445	33
5446	34
5447	27
5448	32
5449	35
5450	31
5451	33
5452	33
5453	33
5454	36
5455	36
5456	33
5457	31
5458	36
5459	35
5460	30
5461	37
5462	33
5463	27
5464	33
5465	30
5466	36
5467	28
5468	34
5469	36
5470	35
5471	36
5472	28
5473	37
5474	36
5475	18
5476	34
5477	34
5478	36
5479	33
5480	37
5481	35
5482	35
5483	35
5484	35
5485	36
5486	33
5487	34
5488	27
5489	28
5490	32
5491	37
5492	25
5493	24
5494	34
5495	33
5496	36
5497	34
5498	35
5499	37
5500	36
5501	30
5502	34
5503	35
5504	34
5505	28
5506	30
5507	34
5508	27
5509	21
5510	33
5511	27
5512	33
5513	28
5514	36
5515	36
5516	28
5517	10
5518	35
5519	30
5520	37
5521	25
5522	36
5523	35
5524	33
5525	35
5526	32
5527	15
5528	31
5529	35
5530	37
5531	36
5532	36
5533	32
5534	30
5535	36
5536	35
5537	24
5538	18
5539	32
5540	34
5541	28
5542	30
5543	35
5544	33
5545	28
5546	34
5547	36
5548	35
5549	36
5550	23
5551	29
5552	36
5553	36
5554	29
5555	37
5556	36
5557	30
5558	32
5559	35
5560	35
5561	35
5562	31
5563	32
5564	31
5565	32
5566	28
5567	18
5568	34
5569	28
5570	30
5571	27
5572	35
5573	36
5574	35
5575	36
5576	32
5577	19
5578	32
5579	33
5580	35
5581	32
5582	34
5583	32
5584	35
5585	37
5586	30
5587	35
5588	32
5589	35
5590	37
5591	36
5592	35
5593	32
5594	25
5595	30
5596	36
5597	30
5598	36
5599	36
5600	37
5601	32
5602	17
5603	28
5604	36
5605	19
5606	34
5607	30
5608	29
5609	34
5610	36
5611	35
5612	34
5613	37
5614	37
5615	33
5616	28
5617	28
5618	21
5619	22
5620	35
5621	33
5622	35
5623	35
5624	34
5625	35
5626	34
5627	25
5628	32
5629	37
5630	36
5631	36
5632	36
5633	31
5634	35
5635	34
5636	34
5637	35
5638	35
5639	24
5640	33
5641	36
5642	33
5643	30
5644	36
5645	36
5646	36
5647	33
5648	31
5649	35
5650	30
5651	33
5652	34
5653	32
5654	6
5655	25
5656	35
5657	35
5658	35
5659	22
5660	35
5661	36
5662	32
5663	32
5664	32
5665	33
5666	35
5667	34
5668	16
5669	31
5670	35
5671	16
5672	32
5673	34
5674	37
5675	35
5676	35
5677	33
5678	30
5679	32
5680	34
5681	35
5682	34
5683	36
5684	34
5685	34
5686	30
5687	31
5688	36
5689	30
5690	33
5691	34
5692	26
5693	22
5694	34
5695	31
5696	21
5697	34
5698	35
5699	21
5700	32
5701	36
5702	27
5703	31
5704	31
5705	36
5706	33
5707	24
5708	30
5709	30
5710	37
5711	27
5712	32
5713	16
5714	36
5715	32
5716	35
5717	37
5718	34
5719	35
5720	36
5721	28
5722	37
5723	36
5724	33
5725	34
5726	24
5727	32
5728	21
5729	35
5730	29
5731	30
5732	34
5733	29
5734	23
5735	26
5736	36
5737	34
5738	30
5739	27
5740	36
5741	36
5742	34
5743	33
5744	28
5745	35
5746	35
5747	34
5748	35
5749	22
5750	34
5751	34
5752	30
5753	36
5754	36
5755	33
5756	37
5757	34
5758	35
5759	37
5760	34
5761	36
5762	16
5763	31
5764	24
5765	33
5766	34
5767	33
5768	32
5769	5
5770	27
5771	25
5772	33
5773	33
5774	33
5775	35
5776	26
5777	37
5778	27
5779	31
5780	19
5781	31
5782	37
5783	27
5784	35
5785	31
5786	36
5787	37
5788	33
5789	30
5790	36
5791	37
5792	34
5793	31
5794	32
5795	36
5796	37
5797	35
5798	34
5799	36
5800	25
5801	30
5802	35
5803	37
5804	32
5805	35
5806	37
5807	31
5808	9
5809	36
5810	27
5811	34
5812	34
5813	30
5814	34
5815	36
5816	35
5817	34
5818	26
5819	27
5820	33
5821	27
5822	33
5823	32
5824	27
5825	36
5826	32
5827	25
5828	20
5829	20
5830	25
5831	27
5832	28
5833	36
5834	37
5835	31
5836	34
5837	33
5838	17
5839	5
5840	29
5841	32
5842	30
5843	32
5844	37
5845	23
5846	36
5847	31
5848	32
5849	36
5850	25
5851	28
5852	32
5853	36
5854	30
5855	30
5856	15
5857	33
5858	34
5859	33
5860	35
5861	35
5862	35
5863	36
5864	37
5865	27
5866	31
5867	20
5868	32
5869	36
5870	18
5871	31
5872	32
5873	27
5874	37
5875	30
5876	36
5877	34
5878	33
5879	34
5880	36
5881	32
5882	35
5883	34
5884	36
5885	29
5886	30
5887	32
5888	6
5889	35
5890	32
5891	28
5892	35
5893	30
5894	33
5895	37
5896	33
5897	30
5898	4
5899	34
5900	34
5901	36
5902	33
5903	34
5904	37
5905	28
5906	27
5907	35
5908	31
5909	32
5910	36
5911	34
5912	28
5913	27
5914	33
5915	36
5916	36
5917	36
5918	37
5919	27
5920	32
5921	30
5922	37
5923	30
5924	36
5925	35
5926	17
5927	36
5928	29
5929	27
5930	31
5931	26
5932	30
5933	35
5934	36
5935	25
5936	34
5937	33
5938	36
5939	34
5940	37
5941	32
5942	32
5943	35
5944	32
5945	30
5946	33
5947	0
5948	30
5949	32
5950	23
5951	36
5952	34
5953	34
5954	27
5955	20
5956	26
5957	22
5958	36
5959	33
5960	35
5961	36
5962	36
5963	37
5964	33
5965	36
5966	20
5967	27
5968	26
5969	29
5970	36
5971	31
5972	37
5973	34
5974	32
5975	34
5976	30
5977	36
5978	36
5979	29
5980	34
5981	22
5982	11
5983	36
5984	29
5985	31
5986	36
5987	30
5988	32
5989	36
5990	19
5991	37
5992	36
5993	29
5994	37
5995	36
5996	25
5997	33
5998	35
5999	34
6000	33
6001	24
6002	37
6003	31
6004	29
6005	18
6006	36
6007	35
6008	34
6009	32
6010	30
6011	37
6012	13
6013	34
6014	37
6015	32
6016	17
6017	33
6018	35
6019	34
6020	28
6021	37
6022	27
6023	35
6024	25
6025	37
6026	35
6027	35
6028	37
6029	36
6030	24
6031	27
6032	35
6033	34
6034	31
6035	34
6036	35
6037	30
6038	29
6039	21
6040	37
6041	16
6042	29
6043	36
6044	32
6045	32
6046	30
6047	33
6048	28
6049	35
6050	36
6051	36
6052	1
6053	30
6054	26
6055	34
6056	36
6057	36
6058	35
6059	31
6060	35
6061	37
6062	35
6063	29
6064	29
6065	34
6066	21
6067	34
6068	33
6069	29
6070	31
6071	33
6072	28
6073	32
6074	31
6075	1
6076	35
6077	33
6078	30
6079	25
6080	34
6081	30
6082	6
6083	37
6084	29
6085	30
6086	34
6087	34
6088	20
6089	23
6090	37
6091	36
6092	33
6093	30
6094	32
6095	35
6096	31
6097	37
6098	32
6099	28
6100	36
6101	31
6102	36
6103	31
6104	35
6105	35
6106	34
6107	32
6108	35
6109	37
6110	36
6111	26
6112	30
6113	36
6114	35
6115	37
6116	34
6117	34
6118	25
6119	35
6120	37
6121	36
6122	29
6123	36
6124	34
6125	36
6126	37
6127	34
6128	33
6129	36
6130	32
6131	35
6132	30
6133	32
6134	35
6135	27
6136	28
6137	36
6138	35
6139	35
6140	18
6141	30
6142	36
6143	4
6144	29
6145	36
6146	31
6147	27
6148	19
6149	15
6150	27
6151	33
6152	29
6153	30
6154	27
6155	33
6156	35
6157	10
6158	1
6159	33
6160	33
6161	32
6162	37
6163	35
6164	34
6165	29
6166	32
6167	21
6168	31
6169	34
6170	34
6171	34
6172	33
6173	34
6174	36
6175	36
6176	35
6177	37
6178	34
6179	5
6180	36
6181	36
6182	2
6183	25
6184	19
6185	3
6186	35
6187	35
6188	31
6189	24
6190	33
6191	37
6192	34
6193	20
6194	30
6195	35
6196	29
6197	30
6198	30
6199	34
6200	36
6201	35
6202	32
6203	29
6204	35
6205	34
6206	36
6207	33
6208	32
6209	27
6210	13
6211	27
6212	26
6213	35
6214	30
6215	27
6216	36
6217	36
6218	26
6219	25
6220	36
6221	33
6222	36
6223	26
6224	35
6225	36
6226	33
6227	29
6228	30
6229	36
6230	37
6231	23
6232	31
6233	32
6234	32
6235	33
6236	34
6237	26
6238	24
6239	33
6240	35
6241	34
6242	36
6243	28
6244	29
6245	34
6246	29
6247	25
6248	31
6249	33
6250	37
6251	29
6252	23
6253	33
6254	33
6255	33
6256	32
6257	35
6258	5
6259	36
6260	35
6261	4
6262	29
6263	37
6264	33
6265	36
6266	31
6267	30
6268	29
6269	31
6270	35
6271	37
6272	24
6273	29
6274	32
6275	36
6276	26
6277	36
6278	31
6279	32
6280	33
6281	32
6282	36
6283	30
6284	30
6285	28
6286	36
6287	33
6288	35
6289	35
6290	34
6291	34
6292	31
6293	28
6294	34
6295	35
6296	32
6297	35
6298	30
6299	32
6300	36
6301	34
6302	31
6303	32
6304	36
6305	29
6306	23
6307	36
6308	34
6309	25
6310	29
6311	36
6312	37
6313	31
6314	35
6315	34
6316	28
6317	32
6318	35
6319	35
6320	35
6321	36
6322	37
6323	35
6324	16
6325	36
6326	22
6327	26
6328	21
6329	33
6330	37
6331	34
6332	30
6333	36
6334	37
6335	34
6336	34
6337	36
6338	30
6339	37
6340	35
6341	26
6342	26
6343	36
6344	36
6345	37
6346	34
6347	36
6348	33
6349	37
6350	31
6351	34
6352	34
6353	34
6354	37
6355	24
6356	31
6357	35
6358	32
6359	30
6360	36
6361	34
6362	36
6363	37
6364	36
6365	34
6366	33
6367	36
6368	29
6369	33
6370	34
6371	20
6372	30
6373	33
6374	32
6375	32
6376	34
6377	6
6378	36
6379	31
6380	36
6381	36
6382	30
6383	33
6384	31
6385	34
6386	37
6387	34
6388	24
6389	34
6390	31
6391	30
6392	32
6393	35
6394	20
6395	33
6396	35
6397	36
6398	35
6399	32
6400	36
6401	33
6402	31
6403	36
6404	35
6405	29
6406	36
6407	27
6408	33
6409	31
6410	25
6411	26
6412	33
6413	19
6414	33
6415	32
6416	34
6417	29
6418	28
6419	36
6420	34
6421	34
6422	37
6423	31
6424	34
6425	28
6426	34
6427	31
6428	33
6429	31
6430	35
6431	37
6432	31
6433	35
6434	20
6435	33
6436	35
6437	34
6438	36
6439	31
6440	35
6441	37
6442	32
6443	33
6444	34
6445	25
6446	36
6447	35
6448	30
6449	34
6450	37
6451	29
6452	37
6453	28
6454	18
6455	36
6456	33
6457	24
6458	32
6459	36
6460	36
6461	34
6462	29
6463	36
6464	22
6465	37
6466	32
6467	15
6468	33
6469	28
6470	35
6471	25
6472	28
6473	31
6474	34
6475	36
6476	29
6477	26
6478	28
6479	35
6480	32
6481	35
6482	22
6483	32
6484	36
6485	30
6486	26
6487	36
6488	33
6489	31
6490	34
6491	19
6492	31
6493	36
6494	36
6495	34
6496	31
6497	31
6498	37
6499	36
6500	35
6501	33
6502	23
6503	25
6504	33
6505	29
6506	35
6507	32
6508	36
6509	36
6510	26
6511	28
6512	35
6513	31
6514	30
6515	31
6516	30
6517	35
6518	29
6519	26
6520	34
6521	36
6522	36
6523	30
6524	32
6525	35
6526	24
6527	35
6528	35
6529	34
6530	37
6531	35
6532	31
6533	29
6534	36
6535	30
6536	25
6537	26
6538	33
6539	27
6540	35
6541	33
6542	28
6543	31
6544	31
6545	31
6546	33
6547	29
6548	32
6549	36
6550	36
6551	24
6552	33
6553	34
6554	31
6555	24
6556	37
6557	36
6558	33
6559	37
6560	15
6561	32
6562	31
6563	32
6564	31
6565	35
6566	25
6567	36
6568	16
6569	21
6570	13
6571	32
6572	29
6573	36
6574	18
6575	35
6576	31
6577	21
6578	36
6579	36
6580	34
6581	28
6582	35
6583	30
6584	32
6585	21
6586	29
6587	32
6588	23
6589	19
6590	35
6591	27
6592	35
6593	35
6594	35
6595	36
6596	36
6597	35
6598	26
6599	33
6600	18
6601	24
6602	33
6603	37
6604	25
6605	25
6606	23
6607	33
6608	34
6609	31
6610	30
6611	34
6612	34
6613	34
6614	34
6615	26
6616	36
6617	35
6618	31
6619	32
6620	19
6621	24
6622	34
6623	30
6624	33
6625	33
6626	31
6627	27
6628	35
6629	36
6630	32
6631	33
6632	35
6633	35
6634	8
6635	29
6636	35
6637	33
6638	26
6639	33
6640	37
6641	30
6642	37
6643	35
6644	33
6645	35
6646	34
6647	36
6648	27
6649	34
6650	35
6651	33
6652	31
6653	36
6654	36
6655	35
6656	37
6657	36
6658	33
6659	21
6660	28
6661	28
6662	28
6663	27
6664	36
6665	13
6666	32
6667	24
6668	37
6669	33
6670	30
6671	36
6672	31
6673	29
6674	35
6675	31
6676	36
6677	29
6678	23
6679	36
6680	33
6681	19
6682	31
6683	25
6684	36
6685	37
6686	36
6687	36
6688	33
6689	36
6690	37
6691	37
6692	35
6693	31
6694	36
6695	35
6696	31
6697	36
6698	35
6699	31
6700	35
6701	23
6702	32
6703	34
6704	26
6705	35
6706	30
6707	36
6708	25
6709	35
6710	34
6711	35
6712	33
6713	36
6714	36
6715	30
6716	33
6717	34
6718	37
6719	19
6720	36
6721	9
6722	33
6723	29
6724	31
6725	34
6726	34
6727	35
6728	25
6729	37
6730	36
6731	34
6732	35
6733	36
6734	36
6735	35
6736	26
6737	18
6738	35
6739	37
6740	36
6741	34
6742	36
6743	32
6744	33
6745	28
6746	16
6747	36
6748	35
6749	19
6750	29
6751	37
6752	35
6753	35
6754	35
6755	34
6756	28
6757	31
6758	30
6759	35
6760	35
6761	32
6762	32
6763	32
6764	33
6765	25
6766	31
6767	33
6768	36
6769	34
6770	1
6771	36
6772	35
6773	36
6774	34
6775	35
6776	32
6777	33
6778	34
6779	32
6780	31
6781	31
6782	37
6783	34
6784	33
6785	34
6786	30
6787	36
6788	35
6789	26
6790	22
6791	24
6792	31
6793	26
6794	36
6795	26
6796	35
6797	32
6798	28
6799	31
6800	36
6801	21
6802	34
6803	34
6804	31
6805	27
6806	35
6807	21
6808	37
6809	35
6810	24
6811	28
6812	32
6813	12
6814	35
6815	31
6816	36
6817	36
6818	21
6819	34
6820	36
6821	31
6822	28
6823	30
6824	33
6825	32
6826	27
6827	33
6828	32
6829	35
6830	27
6831	35
6832	35
6833	36
6834	34
6835	29
6836	32
6837	28
6838	29
6839	33
6840	35
6841	34
6842	36
6843	29
6844	35
6845	35
6846	37
6847	36
6848	26
6849	30
6850	23
6851	37
6852	36
6853	33
6854	35
6855	30
6856	33
6857	35
6858	32
6859	34
6860	35
6861	35
6862	34
6863	35
6864	35
6865	36
6866	35
6867	36
6868	36
6869	29
6870	32
6871	37
6872	36
6873	36
6874	34
6875	37
6876	31
6877	32
6878	31
6879	35
6880	31
6881	35
6882	30
6883	36
6884	35
6885	30
6886	36
6887	25
6888	36
6889	29
6890	34
6891	36
6892	29
6893	21
6894	33
6895	35
6896	32
6897	32
6898	28
6899	34
6900	31
6901	35
6902	32
6903	32
6904	33
6905	32
6906	31
6907	31
6908	34
6909	30
6910	33
6911	37
6912	31
6913	36
6914	34
6915	33
6916	32
6917	19
6918	23
6919	34
6920	31
6921	37
6922	23
6923	35
6924	34
6925	21
6926	34
6927	33
6928	33
6929	32
6930	34
6931	37
6932	36
6933	28
6934	32
6935	27
6936	32
6937	30
6938	37
6939	33
6940	26
6941	36
6942	26
6943	29
6944	32
6945	34
6946	35
6947	26
6948	34
6949	33
6950	35
6951	29
6952	36
6953	35
6954	34
6955	34
6956	28
6957	36
6958	29
6959	29
6960	31
6961	26
6962	25
6963	37
6964	35
6965	33
6966	35
6967	33
6968	7
6969	32
6970	35
6971	36
6972	32
6973	37
6974	36
6975	37
6976	30
6977	29
6978	36
6979	6
6980	33
6981	36
6982	30
6983	34
6984	32
6985	35
6986	35
6987	37
6988	31
6989	19
6990	36
6991	32
6992	37
6993	31
6994	31
6995	37
6996	16
6997	32
6998	30
6999	30
7000	29
7001	34
7002	18
7003	35
7004	35
7005	36
7006	35
7007	32
7008	37
7009	31
7010	34
7011	30
7012	30
7013	28
7014	30
7015	29
7016	32
7017	34
7018	34
7019	0
7020	25
7021	22
7022	34
7023	34
7024	25
7025	36
7026	36
7027	29
7028	35
7029	33
7030	33
7031	28
7032	26
7033	32
7034	34
7035	35
7036	28
7037	36
7038	37
7039	35
7040	33
7041	35
7042	36
7043	30
7044	35
7045	36
7046	32
7047	37
7048	37
7049	37
7050	36
7051	37
7052	32
7053	35
7054	30
7055	30
7056	36
7057	25
7058	34
7059	34
7060	37
7061	21
7062	35
7063	31
7064	33
7065	33
7066	22
7067	28
7068	33
7069	32
7070	31
7071	29
7072	36
7073	32
7074	37
7075	36
7076	34
7077	33
7078	28
7079	32
7080	32
7081	33
7082	32
7083	36
7084	31
7085	34
7086	35
7087	26
7088	28
7089	34
7090	35
7091	35
7092	34
7093	35
7094	35
7095	36
7096	34
7097	31
7098	32
7099	34
7100	33
7101	26
7102	29
7103	34
7104	35
7105	20
7106	29
7107	35
7108	29
7109	33
7110	27
7111	25
7112	36
7113	35
7114	13
7115	32
7116	31
7117	35
7118	36
7119	26
7120	2
7121	24
7122	34
7123	35
7124	36
7125	32
7126	30
7127	35
7128	32
7129	34
7130	26
7131	31
7132	31
7133	24
7134	34
7135	34
7136	34
7137	29
7138	23
7139	35
7140	34
7141	33
7142	34
7143	36
7144	30
7145	35
7146	32
7147	32
7148	34
7149	19
7150	33
7151	31
7152	28
7153	36
7154	35
7155	35
7156	32
7157	36
7158	34
7159	33
7160	35
7161	36
7162	32
7163	28
7164	34
7165	24
7166	35
7167	31
7168	32
7169	9
7170	36
7171	35
7172	36
7173	30
7174	25
7175	31
7176	37
7177	36
7178	37
7179	33
7180	31
7181	31
7182	36
7183	28
7184	28
7185	35
7186	28
7187	36
7188	36
7189	36
7190	36
7191	29
7192	27
7193	26
7194	37
7195	35
7196	37
7197	16
7198	33
7199	37
7200	37
7201	31
7202	27
7203	32
7204	33
7205	36
7206	26
7207	34
7208	36
7209	24
7210	35
7211	34
7212	35
7213	25
7214	37
7215	13
7216	32
7217	29
7218	33
7219	33
7220	34
7221	20
7222	31
7223	30
7224	35
7225	32
7226	32
7227	30
7228	20
7229	37
7230	35
7231	34
7232	25
7233	4
7234	27
7235	24
7236	37
7237	23
7238	33
7239	0
7240	29
7241	37
7242	36
7243	29
7244	37
7245	35
7246	34
7247	30
7248	26
7249	36
7250	36
7251	36
7252	35
7253	37
7254	33
7255	36
7256	32
7257	31
7258	36
7259	34
7260	36
7261	28
7262	36
7263	37
7264	29
7265	23
7266	27
7267	14
7268	28
7269	18
7270	31
7271	31
7272	36
7273	35
7274	36
7275	34
7276	35
7277	36
7278	31
7279	36
7280	36
7281	26
7282	27
7283	29
7284	36
7285	31
7286	35
7287	36
7288	34
7289	36
7290	37
7291	23
7292	34
7293	36
7294	33
7295	34
7296	33
7297	34
7298	32
7299	33
7300	21
7301	33
7302	32
7303	36
7304	30
7305	37
7306	36
7307	27
7308	34
7309	19
7310	31
7311	37
7312	36
7313	19
7314	30
7315	30
7316	32
7317	33
7318	36
7319	35
7320	36
7321	35
7322	37
7323	32
7324	35
7325	27
7326	36
7327	34
7328	33
7329	36
7330	35
7331	12
7332	34
7333	37
7334	31
7335	32
7336	22
7337	30
7338	35
7339	29
7340	35
7341	32
7342	36
7343	36
7344	32
7345	37
7346	25
7347	31
7348	27
7349	31
7350	28
7351	29
7352	36
7353	35
7354	35
7355	35
7356	31
7357	29
7358	35
7359	35
7360	31
7361	37
7362	33
7363	32
7364	35
7365	37
7366	34
7367	35
7368	33
7369	33
7370	33
7371	29
7372	36
7373	29
7374	27
7375	32
7376	34
7377	31
7378	31
7379	34
7380	35
7381	35
7382	29
7383	35
7384	30
7385	33
7386	35
7387	24
7388	30
7389	35
7390	34
7391	36
7392	34
7393	34
7394	35
7395	32
7396	28
7397	30
7398	26
7399	27
7400	27
7401	36
7402	32
7403	35
7404	35
7405	37
7406	36
7407	35
7408	35
7409	25
7410	31
7411	28
7412	37
7413	34
7414	35
7415	30
7416	36
7417	35
7418	26
7419	33
7420	36
7421	34
7422	33
7423	32
7424	33
7425	35
7426	30
7427	31
7428	34
7429	35
7430	34
7431	33
7432	30
7433	37
7434	31
7435	35
7436	28
7437	36
7438	35
7439	34
7440	36
7441	34
7442	36
7443	36
7444	32
7445	36
7446	29
7447	34
7448	22
7449	35
7450	31
7451	21
7452	29
7453	35
7454	37
7455	34
7456	32
7457	16
7458	33
7459	34
7460	30
7461	30
7462	2
7463	33
7464	31
7465	36
7466	31
7467	33
7468	25
7469	30
7470	35
7471	36
7472	25
7473	36
7474	33
7475	33
7476	29
7477	28
7478	32
7479	35
7480	34
7481	35
7482	33
7483	33
7484	37
7485	32
7486	36
7487	34
7488	27
7489	36
7490	36
7491	31
7492	34
7493	35
7494	6
7495	35
7496	33
7497	36
7498	35
7499	36
7500	33
7501	34
7502	37
7503	32
7504	36
7505	33
7506	36
7507	31
7508	32
7509	34
7510	29
7511	35
7512	32
7513	26
7514	33
7515	33
7516	37
7517	20
7518	33
7519	33
7520	34
7521	36
7522	29
7523	36
7524	34
7525	33
7526	20
7527	17
7528	32
7529	34
7530	34
7531	35
7532	25
7533	32
7534	29
7535	33
7536	29
7537	31
7538	30
7539	30
7540	37
7541	36
7542	36
7543	31
7544	36
7545	29
7546	36
7547	34
7548	36
7549	36
7550	26
7551	32
7552	36
7553	25
7554	30
7555	34
7556	36
7557	35
7558	33
7559	35
7560	35
7561	34
7562	35
7563	36
7564	32
7565	32
7566	33
7567	33
7568	28
7569	33
7570	34
7571	30
7572	32
7573	26
7574	33
7575	34
7576	14
7577	35
7578	35
7579	36
7580	28
7581	37
7582	26
7583	35
7584	33
7585	34
7586	34
7587	22
7588	27
7589	34
7590	37
7591	32
7592	34
7593	34
7594	34
7595	35
7596	31
7597	33
7598	35
7599	32
7600	35
7601	35
7602	29
7603	31
7604	34
7605	35
7606	37
7607	36
7608	30
7609	35
7610	35
7611	36
7612	32
7613	31
7614	31
7615	36
7616	28
7617	36
7618	29
7619	28
7620	37
7621	27
7622	35
7623	36
7624	35
7625	24
7626	32
7627	36
7628	34
7629	28
7630	35
7631	29
7632	34
7633	36
7634	36
7635	21
7636	28
7637	36
7638	20
7639	37
7640	35
7641	35
7642	35
7643	36
7644	28
7645	35
7646	18
7647	33
7648	32
7649	34
7650	32
7651	35
7652	36
7653	30
7654	28
7655	33
7656	25
7657	33
7658	30
7659	31
7660	13
7661	35
7662	25
7663	33
7664	31
7665	16
7666	35
7667	32
7668	27
7669	29
7670	28
7671	31
7672	30
7673	35
7674	37
7675	33
7676	34
7677	36
7678	35
7679	33
7680	35
7681	36
7682	35
7683	23
7684	33
7685	33
7686	27
7687	36
7688	36
7689	28
7690	32
7691	32
7692	29
7693	24
7694	36
7695	35
7696	30
7697	36
7698	35
7699	26
7700	35
7701	25
7702	33
7703	36
7704	35
7705	37
7706	36
7707	36
7708	17
7709	32
7710	34
7711	25
7712	26
7713	33
7714	35
7715	30
7716	35
7717	28
7718	31
7719	30
7720	35
7721	26
7722	35
7723	35
7724	35
7725	29
7726	34
7727	30
7728	33
7729	34
7730	36
7731	31
7732	20
7733	28
7734	33
7735	30
7736	32
7737	36
7738	32
7739	33
7740	34
7741	36
7742	33
7743	23
7744	32
7745	36
7746	37
7747	36
7748	33
7749	36
7750	30
7751	31
7752	28
7753	31
7754	26
7755	33
7756	36
7757	33
7758	32
7759	25
7760	34
7761	26
7762	29
7763	37
7764	33
7765	31
7766	28
7767	35
7768	34
7769	34
7770	21
7771	35
7772	37
7773	26
7774	36
7775	21
7776	30
7777	30
7778	33
7779	24
7780	33
7781	34
7782	32
7783	36
7784	28
7785	34
7786	33
7787	35
7788	33
7789	35
7790	35
7791	8
7792	35
7793	33
7794	36
7795	3
7796	29
7797	29
7798	26
7799	33
7800	33
7801	31
7802	31
7803	31
7804	32
7805	19
7806	29
7807	34
7808	32
7809	34
7810	31
7811	24
7812	36
7813	34
7814	36
7815	36
7816	30
7817	26
7818	35
7819	35
7820	35
7821	26
7822	36
7823	35
7824	34
7825	33
7826	33
7827	36
7828	35
7829	29
7830	34
7831	34
7832	36
7833	33
7834	32
7835	33
7836	36
7837	33
7838	36
7839	32
7840	34
7841	34
7842	34
7843	37
7844	33
7845	32
7846	31
7847	24
7848	33
7849	36
7850	35
7851	37
7852	35
7853	34
7854	28
7855	31
7856	24
7857	27
7858	36
7859	36
7860	21
7861	34
7862	36
7863	13
7864	35
7865	36
7866	31
7867	33
7868	36
7869	16
7870	35
7871	30
7872	35
7873	36
7874	15
7875	34
7876	31
7877	36
7878	30
7879	35
7880	37
7881	33
7882	37
7883	1
7884	37
7885	30
7886	34
7887	31
7888	34
7889	36
7890	18
7891	22
7892	34
7893	34
7894	35
7895	18
7896	27
7897	36
7898	34
7899	31
7900	37
7901	37
7902	22
7903	36
7904	37
7905	36
7906	36
7907	35
7908	33
7909	34
7910	31
7911	32
7912	36
7913	37
7914	31
7915	34
7916	31
7917	36
7918	35
7919	29
7920	33
7921	35
7922	31
7923	32
7924	34
7925	34
7926	2
7927	37
7928	33
7929	35
7930	36
7931	20
7932	33
7933	33
7934	32
7935	35
7936	33
7937	36
7938	33
7939	35
7940	27
7941	34
7942	35
7943	35
7944	25
7945	24
7946	29
7947	35
7948	19
7949	36
7950	31
7951	36
7952	28
7953	30
7954	29
7955	32
7956	34
7957	35
7958	34
7959	28
7960	33
7961	34
7962	37
7963	25
7964	35
7965	25
7966	34
7967	33
7968	12
7969	37
7970	33
7971	37
7972	33
7973	37
7974	36
7975	31
7976	35
7977	27
7978	26
7979	35
7980	34
7981	23
7982	36
7983	31
7984	29
7985	36
7986	25
7987	29
7988	24
7989	35
7990	28
7991	26
7992	35
7993	19
7994	28
7995	36
7996	27
7997	35
7998	36
7999	29
8000	34
8001	33
8002	37
8003	34
8004	33
8005	31
8006	35
8007	34
8008	29
8009	33
8010	29
8011	34
8012	36
8013	35
8014	31
8015	34
8016	19
8017	31
8018	36
8019	29
8020	9
8021	36
8022	36
8023	32
8024	34
8025	34
8026	36
8027	22
8028	37
8029	36
8030	31
8031	36
8032	32
8033	22
8034	36
8035	33
8036	28
8037	35
8038	31
8039	32
8040	34
8041	36
8042	34
8043	16
8044	37
8045	34
8046	26
8047	24
8048	32
8049	32
8050	34
8051	35
8052	36
8053	20
8054	35
8055	29
8056	35
8057	32
8058	36
8059	35
8060	36
8061	30
8062	37
8063	35
8064	30
8065	36
8066	35
8067	35
8068	30
8069	27
8070	34
8071	26
8072	32
8073	21
8074	35
8075	27
8076	31
8077	34
8078	37
8079	36
8080	33
8081	35
8082	3
8083	28
8084	30
8085	20
8086	31
8087	35
8088	36
8089	34
8090	35
8091	34
8092	32
8093	26
8094	37
8095	36
8096	32
8097	37
8098	35
8099	32
8100	34
8101	28
8102	34
8103	31
8104	29
8105	36
8106	35
8107	35
8108	31
8109	37
8110	37
8111	36
8112	27
8113	35
8114	29
8115	27
8116	23
8117	32
8118	34
8119	36
8120	33
8121	30
8122	37
8123	34
8124	32
8125	37
8126	35
8127	25
8128	37
8129	28
8130	35
8131	34
8132	36
8133	32
8134	26
8135	21
8136	32
8137	37
8138	33
8139	29
8140	35
8141	34
8142	27
8143	18
8144	34
8145	30
8146	26
8147	37
8148	32
8149	35
8150	30
8151	34
8152	33
8153	35
8154	34
8155	33
8156	30
8157	21
8158	36
8159	25
8160	31
8161	3
8162	30
8163	24
8164	26
8165	32
8166	33
8167	36
8168	34
8169	7
8170	29
8171	33
8172	31
8173	18
8174	36
8175	22
8176	34
8177	27
8178	22
8179	35
8180	31
8181	36
8182	33
8183	31
8184	34
8185	36
8186	33
8187	25
8188	35
8189	34
8190	35
8191	20
8192	34
8193	34
8194	37
8195	36
8196	19
8197	35
8198	31
8199	17
8200	33
8201	36
8202	32
8203	34
8204	33
8205	28
8206	36
8207	37
8208	36
8209	28
8210	26
8211	21
8212	21
8213	36
8214	31
8215	17
8216	32
8217	32
8218	35
8219	11
8220	33
8221	32
8222	34
8223	33
8224	36
8225	36
8226	36
8227	27
8228	26
8229	35
8230	34
8231	30
8232	31
8233	34
8234	27
8235	37
8236	37
8237	26
8238	35
8239	33
8240	33
8241	36
8242	36
8243	32
8244	37
8245	28
8246	26
8247	17
8248	35
8249	36
8250	29
8251	33
8252	35
8253	37
8254	36
8255	35
8256	33
8257	31
8258	33
8259	31
8260	32
8261	31
8262	34
8263	37
8264	26
8265	36
8266	30
8267	36
8268	30
8269	25
8270	36
8271	36
8272	32
8273	28
8274	35
8275	34
8276	32
8277	33
8278	30
8279	30
8280	34
8281	33
8282	34
8283	36
8284	31
8285	35
8286	34
8287	36
8288	36
8289	34
8290	34
8291	37
8292	35
8293	30
8294	24
8295	35
8296	31
8297	35
8298	27
8299	32
8300	31
8301	33
8302	30
8303	36
8304	34
8305	27
8306	36
8307	30
8308	36
8309	36
8310	36
8311	31
8312	37
8313	25
8314	34
8315	28
8316	36
8317	36
8318	27
8319	30
8320	30
8321	31
8322	32
8323	36
8324	35
8325	33
8326	30
8327	36
8328	34
8329	35
8330	34
8331	31
8332	36
8333	26
8334	30
8335	36
8336	34
8337	33
8338	32
8339	34
8340	33
8341	33
8342	36
8343	2
8344	24
8345	35
8346	37
8347	35
8348	36
8349	34
8350	28
8351	36
8352	12
8353	36
8354	35
8355	34
8356	34
8357	35
8358	29
8359	21
8360	33
8361	23
8362	36
8363	34
8364	36
8365	35
8366	32
8367	31
8368	33
8369	31
8370	34
8371	34
8372	32
8373	36
8374	36
8375	33
8376	36
8377	25
8378	33
8379	35
8380	35
8381	23
8382	34
8383	35
8384	32
8385	34
8386	36
8387	30
8388	28
8389	36
8390	29
8391	35
8392	34
8393	28
8394	32
8395	36
8396	33
8397	36
8398	35
8399	37
8400	35
8401	35
8402	35
8403	26
8404	35
8405	36
8406	17
8407	30
8408	35
8409	36
8410	27
8411	32
8412	36
8413	36
8414	34
8415	37
8416	32
8417	24
8418	32
8419	33
8420	34
8421	34
8422	36
8423	36
8424	31
8425	34
8426	28
8427	36
8428	32
8429	24
8430	28
8431	33
8432	36
8433	35
8434	31
8435	10
8436	35
8437	32
8438	32
8439	28
8440	24
8441	36
8442	32
8443	37
8444	28
8445	36
8446	37
8447	31
8448	6
8449	32
8450	33
8451	36
8452	32
8453	26
8454	28
8455	28
8456	21
8457	31
8458	33
8459	35
8460	35
8461	37
8462	24
8463	35
8464	37
8465	35
8466	36
8467	34
8468	33
8469	35
8470	35
8471	26
8472	33
8473	30
8474	36
8475	29
8476	31
8477	35
8478	32
8479	28
8480	26
8481	30
8482	34
8483	33
8484	33
8485	35
8486	34
8487	36
8488	37
8489	35
8490	29
8491	32
8492	23
8493	36
8494	30
8495	30
8496	32
8497	34
8498	27
8499	35
8500	28
8501	30
8502	29
8503	25
8504	35
8505	32
8506	13
8507	34
8508	34
8509	19
8510	24
8511	33
8512	36
8513	31
8514	36
8515	20
8516	37
8517	35
8518	29
8519	29
8520	37
8521	35
8522	27
8523	34
8524	32
8525	32
8526	33
8527	25
8528	32
8529	35
8530	6
8531	27
8532	28
8533	36
8534	25
8535	36
8536	36
8537	21
8538	33
8539	36
8540	35
8541	35
8542	36
8543	34
8544	25
8545	35
8546	28
8547	31
8548	23
8549	34
8550	36
8551	34
8552	36
8553	34
8554	37
8555	34
8556	32
8557	22
8558	22
8559	37
8560	35
8561	36
8562	28
8563	26
8564	33
8565	35
8566	33
8567	35
8568	36
8569	35
8570	14
8571	36
8572	30
8573	35
8574	13
8575	34
8576	34
8577	35
8578	33
8579	36
8580	33
8581	30
8582	28
8583	34
8584	36
8585	26
8586	37
8587	29
8588	26
8589	32
8590	31
8591	34
8592	35
8593	26
8594	35
8595	34
8596	36
8597	31
8598	32
8599	35
8600	31
8601	37
8602	36
8603	30
8604	11
8605	35
8606	34
8607	36
8608	37
8609	22
8610	24
8611	33
8612	4
8613	34
8614	34
8615	34
8616	26
8617	31
8618	36
8619	36
8620	30
8621	32
8622	21
8623	34
8624	26
8625	34
8626	37
8627	4
8628	33
8629	34
8630	27
8631	29
8632	37
8633	31
8634	29
8635	29
8636	3
8637	31
8638	28
8639	35
8640	31
8641	14
8642	3
8643	33
8644	35
8645	29
8646	25
8647	37
8648	30
8649	31
8650	27
8651	25
8652	31
8653	2
8654	29
8655	35
8656	33
8657	26
8658	19
8659	37
8660	36
8661	33
8662	36
8663	33
8664	35
8665	24
8666	32
8667	36
8668	35
8669	23
8670	37
8671	31
8672	24
8673	32
8674	12
8675	33
8676	35
8677	28
8678	36
8679	31
8680	36
8681	27
8682	29
8683	37
8684	30
8685	28
8686	34
8687	36
8688	32
8689	36
8690	29
8691	29
8692	22
8693	30
8694	27
8695	37
8696	25
8697	24
8698	33
8699	29
8700	37
8701	29
8702	35
8703	35
8704	28
8705	33
8706	35
8707	31
8708	21
8709	28
8710	25
8711	36
8712	35
8713	34
8714	35
8715	33
8716	35
8717	33
8718	36
8719	31
8720	29
8721	29
8722	31
8723	35
8724	28
8725	34
8726	30
8727	23
8728	29
8729	34
8730	30
8731	35
8732	36
8733	35
8734	37
8735	36
8736	36
8737	36
8738	36
8739	34
8740	36
8741	33
8742	1
8743	30
8744	37
8745	34
8746	35
8747	31
8748	35
8749	29
8750	23
8751	22
8752	20
8753	33
8754	29
8755	29
8756	35
8757	26
8758	34
8759	36
8760	34
8761	34
8762	34
8763	24
8764	33
8765	36
8766	36
8767	29
8768	32
8769	29
8770	34
8771	33
8772	32
8773	30
8774	35
8775	36
8776	32
8777	24
8778	22
8779	34
8780	36
8781	36
8782	35
8783	24
8784	36
8785	31
8786	33
8787	26
8788	36
8789	35
8790	33
8791	37
8792	35
8793	35
8794	35
8795	28
8796	35
8797	37
8798	31
8799	30
8800	31
8801	37
8802	33
8803	30
8804	21
8805	35
8806	33
8807	36
8808	37
8809	31
8810	37
8811	32
8812	35
8813	35
8814	36
8815	30
8816	30
8817	28
8818	34
8819	23
8820	36
8821	27
8822	32
8823	37
8824	37
8825	35
8826	27
8827	36
8828	33
8829	35
8830	35
8831	31
8832	37
8833	35
8834	31
8835	27
8836	37
8837	36
8838	37
8839	33
8840	37
8841	21
8842	28
8843	31
8844	30
8845	26
8846	34
8847	36
8848	31
8849	35
8850	34
8851	34
8852	32
8853	36
8854	36
8855	30
8856	20
8857	34
8858	37
8859	28
8860	14
8861	34
8862	30
8863	33
8864	34
8865	30
8866	31
8867	32
8868	20
8869	34
8870	31
8871	27
8872	37
8873	35
8874	37
8875	5
8876	34
8877	25
8878	32
8879	29
8880	37
8881	34
8882	35
8883	36
8884	36
8885	35
8886	5
8887	23
8888	33
8889	30
8890	36
8891	35
8892	36
8893	27
8894	36
8895	32
8896	35
8897	33
8898	30
8899	32
8900	36
8901	33
8902	31
8903	27
8904	36
8905	31
8906	27
8907	36
8908	26
8909	36
8910	33
8911	22
8912	9
8913	23
8914	37
8915	29
8916	35
8917	35
8918	29
8919	29
8920	36
8921	36
8922	36
8923	36
8924	33
8925	27
8926	23
8927	31
8928	36
8929	33
8930	34
8931	34
8932	36
8933	32
8934	36
8935	35
8936	29
8937	30
8938	32
8939	15
8940	28
8941	20
8942	35
8943	37
8944	35
8945	23
8946	36
8947	20
8948	36
8949	33
8950	36
8951	35
8952	36
8953	1
8954	34
8955	35
8956	37
8957	33
8958	34
8959	22
8960	36
8961	37
8962	28
8963	33
8964	33
8965	24
8966	36
8967	36
8968	30
8969	15
8970	33
8971	35
8972	36
8973	32
8974	36
8975	33
8976	19
8977	31
8978	36
8979	32
8980	27
8981	36
8982	33
8983	17
8984	36
8985	2
8986	36
8987	36
8988	28
8989	33
8990	17
8991	33
8992	25
8993	34
8994	36
8995	36
8996	30
8997	35
8998	34
8999	36
9000	29
9001	29
9002	36
9003	33
9004	37
9005	31
9006	35
9007	33
9008	33
9009	10
9010	37
9011	34
9012	25
9013	33
9014	35
9015	25
9016	37
9017	34
9018	35
9019	32
9020	26
9021	26
9022	26
9023	36
9024	22
9025	19
9026	35
9027	29
9028	23
9029	31
9030	36
9031	33
9032	36
9033	36
9034	26
9035	22
9036	28
9037	30
9038	32
9039	30
9040	33
9041	33
9042	32
9043	32
9044	35
9045	32
9046	35
9047	36
9048	24
9049	19
9050	29
9051	21
9052	35
9053	30
9054	37
9055	22
9056	33
9057	29
9058	34
9059	30
9060	29
9061	34
9062	36
9063	33
9064	28
9065	37
9066	35
9067	26
9068	35
9069	30
9070	36
9071	36
9072	27
9073	28
9074	35
9075	19
9076	36
9077	29
9078	19
9079	24
9080	23
9081	35
9082	31
9083	31
9084	36
9085	22
9086	33
9087	37
9088	24
9089	35
9090	33
9091	32
9092	32
9093	34
9094	35
9095	33
9096	33
9097	32
9098	33
9099	24
9100	34
9101	34
9102	29
9103	36
9104	28
9105	29
9106	35
9107	37
9108	33
9109	33
9110	31
9111	35
9112	36
9113	28
9114	31
9115	26
9116	34
9117	31
9118	35
9119	35
9120	27
9121	33
9122	36
9123	33
9124	31
9125	35
9126	36
9127	29
9128	37
9129	27
9130	24
9131	33
9132	29
9133	29
9134	36
9135	36
9136	28
9137	8
9138	36
9139	33
9140	25
9141	36
9142	35
9143	31
9144	35
9145	34
9146	36
9147	35
9148	35
9149	32
9150	28
9151	32
9152	36
9153	26
9154	36
9155	30
9156	32
9157	31
9158	32
9159	36
9160	33
9161	35
9162	32
9163	31
9164	31
9165	7
9166	31
9167	23
9168	34
9169	35
9170	32
9171	5
9172	31
9173	35
9174	29
9175	33
9176	34
9177	35
9178	23
9179	34
9180	28
9181	22
9182	32
9183	35
9184	37
9185	27
9186	32
9187	37
9188	24
9189	34
9190	31
9191	34
9192	36
9193	34
9194	36
9195	26
9196	35
9197	27
9198	34
9199	34
9200	24
9201	33
9202	30
9203	32
9204	36
9205	36
9206	34
9207	24
9208	34
9209	28
9210	27
9211	35
9212	29
9213	24
9214	35
9215	36
9216	30
9217	37
9218	16
9219	31
9220	36
9221	25
9222	28
9223	36
9224	35
9225	37
9226	35
9227	35
9228	37
9229	28
9230	30
9231	31
9232	32
9233	35
9234	22
9235	35
9236	24
9237	26
9238	35
9239	28
9240	36
9241	36
9242	35
9243	36
9244	35
9245	37
9246	28
9247	32
9248	34
9249	26
9250	34
9251	30
9252	35
9253	34
9254	34
9255	33
9256	31
9257	36
9258	33
9259	29
9260	30
9261	34
9262	32
9263	37
9264	36
9265	32
9266	32
9267	35
9268	33
9269	34
9270	37
9271	34
9272	36
9273	33
9274	35
9275	22
9276	36
9277	36
9278	34
9279	30
9280	34
9281	21
9282	31
9283	36
9284	32
9285	35
9286	19
9287	21
9288	25
9289	27
9290	34
9291	33
9292	22
9293	31
9294	36
9295	21
9296	28
9297	16
9298	34
9299	31
9300	9
9301	31
9302	34
9303	31
9304	33
9305	36
9306	35
9307	30
9308	25
9309	31
9310	35
9311	36
9312	28
9313	36
9314	31
9315	22
9316	33
9317	33
9318	36
9319	37
9320	33
9321	33
9322	27
9323	27
9324	20
9325	33
9326	37
9327	36
9328	34
9329	31
9330	37
9331	36
9332	34
9333	36
9334	32
9335	33
9336	35
9337	34
9338	36
9339	34
9340	37
9341	34
9342	21
9343	29
9344	34
9345	34
9346	32
9347	36
9348	35
9349	33
9350	37
9351	30
9352	34
9353	28
9354	29
9355	35
9356	35
9357	35
9358	25
9359	35
9360	32
9361	34
9362	32
9363	27
9364	22
9365	33
9366	37
9367	34
9368	37
9369	27
9370	33
9371	36
9372	26
9373	36
9374	32
9375	36
9376	3
9377	34
9378	29
9379	31
9380	26
9381	31
9382	27
9383	36
9384	37
9385	27
9386	28
9387	34
9388	33
9389	31
9390	31
9391	27
9392	36
9393	33
9394	34
9395	35
9396	36
9397	29
9398	15
9399	31
9400	26
9401	24
9402	35
9403	27
9404	26
9405	33
9406	26
9407	35
9408	36
9409	34
9410	34
9411	36
9412	35
9413	36
9414	0
9415	32
9416	35
9417	33
9418	26
9419	30
9420	37
9421	36
9422	35
9423	29
9424	25
9425	34
9426	34
9427	34
9428	35
9429	36
9430	30
9431	36
9432	28
9433	36
9434	36
9435	35
9436	24
9437	34
9438	25
9439	37
9440	32
9441	30
9442	31
9443	31
9444	36
9445	35
9446	26
9447	25
9448	28
9449	36
9450	33
9451	24
9452	0
9453	31
9454	28
9455	36
9456	31
9457	30
9458	31
9459	35
9460	32
9461	31
9462	33
9463	27
9464	25
9465	32
9466	35
9467	27
9468	33
9469	36
9470	35
9471	26
9472	35
9473	32
9474	33
9475	36
9476	32
9477	35
9478	33
9479	37
9480	6
9481	31
9482	35
9483	34
9484	37
9485	35
9486	34
9487	34
9488	36
9489	30
9490	28
9491	12
9492	35
9493	17
9494	32
9495	35
9496	36
9497	34
9498	33
9499	27
9500	35
9501	37
9502	34
9503	34
9504	32
9505	36
9506	36
9507	37
9508	35
9509	36
9510	27
9511	32
9512	27
9513	34
9514	33
9515	12
9516	34
9517	35
9518	36
9519	25
9520	33
9521	32
9522	37
9523	34
9524	35
9525	29
9526	35
9527	32
9528	30
9529	24
9530	17
9531	33
9532	33
9533	36
9534	31
9535	30
9536	31
9537	35
9538	31
9539	35
9540	13
9541	31
9542	31
9543	33
9544	31
9545	29
9546	34
9547	33
9548	31
9549	25
9550	35
9551	22
9552	24
9553	36
9554	36
9555	28
9556	30
9557	31
9558	33
9559	36
9560	31
9561	10
9562	34
9563	34
9564	36
9565	35
9566	16
9567	29
9568	33
9569	34
9570	21
9571	35
9572	21
9573	23
9574	33
9575	34
9576	31
9577	34
9578	37
9579	34
9580	35
9581	31
9582	36
9583	32
9584	30
9585	29
9586	32
9587	36
9588	15
9589	33
9590	31
9591	33
9592	37
9593	33
9594	33
9595	32
9596	37
9597	37
9598	35
9599	35
9600	34
9601	36
9602	35
9603	36
9604	34
9605	28
9606	32
9607	36
9608	35
9609	30
9610	23
9611	33
9612	36
9613	36
9614	36
9615	34
9616	34
9617	33
9618	28
9619	37
9620	34
9621	26
9622	31
9623	37
9624	32
9625	36
9626	36
9627	37
9628	30
9629	35
9630	34
9631	25
9632	37
9633	36
9634	31
9635	35
9636	33
9637	29
9638	30
9639	36
9640	31
9641	37
9642	31
9643	31
9644	32
9645	29
9646	28
9647	26
9648	36
9649	36
9650	37
9651	36
9652	35
9653	35
9654	34
9655	28
9656	30
9657	33
9658	36
9659	36
9660	36
9661	26
9662	19
9663	36
9664	36
9665	25
9666	31
9667	35
9668	25
9669	30
9670	35
9671	35
9672	28
9673	28
9674	28
9675	30
9676	21
9677	13
9678	29
9679	34
9680	29
9681	33
9682	36
9683	33
9684	34
9685	32
9686	35
9687	18
9688	35
9689	35
9690	36
9691	30
9692	27
9693	31
9694	15
9695	37
9696	36
9697	34
9698	33
9699	28
9700	23
9701	23
9702	26
9703	28
9704	35
9705	34
9706	32
9707	36
9708	33
9709	32
9710	33
9711	34
9712	33
9713	36
9714	36
9715	34
9716	35
9717	27
9718	25
9719	30
9720	23
9721	36
9722	28
9723	33
9724	32
9725	20
9726	35
9727	29
9728	33
9729	37
9730	35
9731	1
9732	32
9733	33
9734	36
9735	3
9736	27
9737	30
9738	35
9739	30
9740	33
9741	30
9742	36
9743	35
9744	28
9745	29
9746	30
9747	31
9748	34
9749	33
9750	20
9751	33
9752	34
9753	36
9754	35
9755	37
9756	27
9757	34
9758	28
9759	23
9760	35
9761	33
9762	32
9763	36
9764	31
9765	33
9766	35
9767	36
9768	26
9769	35
9770	29
9771	33
9772	34
9773	36
9774	24
9775	35
9776	36
9777	34
9778	33
9779	36
9780	30
9781	35
9782	34
9783	36
9784	35
9785	32
9786	34
9787	36
9788	35
9789	34
9790	31
9791	30
9792	36
9793	35
9794	33
9795	36
9796	37
9797	34
9798	31
9799	28
9800	24
9801	36
9802	31
9803	32
9804	34
9805	31
9806	36
9807	37
9808	32
9809	31
9810	36
9811	26
9812	25
9813	34
9814	27
9815	20
9816	36
9817	26
9818	35
9819	31
9820	30
9821	36
9822	33
9823	35
9824	29
9825	36
9826	31
9827	29
9828	34
9829	33
9830	25
9831	32
9832	34
9833	33
9834	28
9835	30
9836	32
9837	36
9838	34
9839	35
9840	33
9841	29
9842	30
9843	36
9844	27
9845	31
9846	34
9847	0
9848	36
9849	37
9850	29
9851	34
9852	36
9853	25
9854	22
9855	36
9856	37
9857	28
9858	34
9859	35
9860	30
9861	33
9862	24
9863	28
9864	33
9865	12
9866	36
9867	33
9868	35
9869	29
9870	31
9871	29
9872	24
9873	34
9874	33
9875	35
9876	36
9877	36
9878	31
9879	31
9880	36
9881	36
9882	32
9883	34
9884	34
9885	35
9886	34
9887	36
9888	33
9889	34
9890	35
9891	28
9892	37
9893	35
9894	36
9895	35
9896	36
9897	26
9898	36
9899	33
9900	32
9901	34
9902	35
9903	33
9904	30
9905	36
9906	36
9907	35
9908	24
9909	33
9910	32
9911	31
9912	19
9913	33
9914	36
9915	32
9916	28
9917	29
9918	33
9919	31
9920	32
9921	21
9922	24
9923	32
9924	36
9925	25
9926	25
9927	21
9928	30
9929	36
9930	28
9931	34
9932	33
9933	32
9934	35
9935	36
9936	25
9937	37
9938	37
9939	36
9940	23
9941	33
9942	29
9943	30
9944	36
9945	30
9946	35
9947	36
9948	37
9949	8
9950	21
9951	35
9952	32
9953	29
9954	21
9955	35
9956	33
9957	34
9958	35
9959	35
9960	25
9961	35
9962	23
9963	36
9964	29
9965	34
9966	35
9967	31
9968	33
9969	30
9970	32
9971	36
9972	33
9973	37
9974	27
9975	26
9976	33
9977	30
9978	34
9979	29
9980	28
9981	28
9982	29
9983	37
9984	36
9985	32
9986	28
9987	29
9988	4
9989	26
9990	37
9991	33
9992	32
9993	36
9994	35
9995	30
9996	32
9997	34
9998	36
9999	36
